[0.293s] Invoking command in '/home/matikurcze00/dev_ws/src/roszkowski_zajac/changed_keys_ANROlab1': PYTHONPATH=/home/matikurcze00/dev_ws/src/roszkowski_zajac/install/changed_keys_ANROlab1/lib/python3.8/site-packages:${PYTHONPATH} /usr/bin/python3 setup.py egg_info --egg-base ../build/changed_keys_ANROlab1 build --build-base /home/matikurcze00/dev_ws/src/roszkowski_zajac/build/changed_keys_ANROlab1/build install --prefix /home/matikurcze00/dev_ws/src/roszkowski_zajac/install/changed_keys_ANROlab1 --record /home/matikurcze00/dev_ws/src/roszkowski_zajac/build/changed_keys_ANROlab1/install.log --single-version-externally-managed
[0.543s] running egg_info
[0.544s] writing ../build/changed_keys_ANROlab1/changed_keys_ANROlab1.egg-info/PKG-INFO
[0.544s] writing dependency_links to ../build/changed_keys_ANROlab1/changed_keys_ANROlab1.egg-info/dependency_links.txt
[0.544s] writing entry points to ../build/changed_keys_ANROlab1/changed_keys_ANROlab1.egg-info/entry_points.txt
[0.545s] writing requirements to ../build/changed_keys_ANROlab1/changed_keys_ANROlab1.egg-info/requires.txt
[0.545s] writing top-level names to ../build/changed_keys_ANROlab1/changed_keys_ANROlab1.egg-info/top_level.txt
[0.585s] reading manifest file '../build/changed_keys_ANROlab1/changed_keys_ANROlab1.egg-info/SOURCES.txt'
[0.586s] writing manifest file '../build/changed_keys_ANROlab1/changed_keys_ANROlab1.egg-info/SOURCES.txt'
[0.587s] running build
[0.587s] running build_py
[0.587s] running install
[0.588s] running install_lib
[0.590s] running install_data
[0.591s] running install_egg_info
[0.593s] removing '/home/matikurcze00/dev_ws/src/roszkowski_zajac/install/changed_keys_ANROlab1/lib/python3.8/site-packages/changed_keys_ANROlab1-0.0.0-py3.8.egg-info' (and everything under it)
[0.593s] Copying ../build/changed_keys_ANROlab1/changed_keys_ANROlab1.egg-info to /home/matikurcze00/dev_ws/src/roszkowski_zajac/install/changed_keys_ANROlab1/lib/python3.8/site-packages/changed_keys_ANROlab1-0.0.0-py3.8.egg-info
[0.594s] running install_scripts
[0.615s] Installing talker script to /home/matikurcze00/dev_ws/src/roszkowski_zajac/install/changed_keys_ANROlab1/lib/changed_keys_ANROlab1
[0.616s] writing list of installed files to '/home/matikurcze00/dev_ws/src/roszkowski_zajac/build/changed_keys_ANROlab1/install.log'
[0.643s] Invoked command in '/home/matikurcze00/dev_ws/src/roszkowski_zajac/changed_keys_ANROlab1' returned '0': PYTHONPATH=/home/matikurcze00/dev_ws/src/roszkowski_zajac/install/changed_keys_ANROlab1/lib/python3.8/site-packages:${PYTHONPATH} /usr/bin/python3 setup.py egg_info --egg-base ../build/changed_keys_ANROlab1 build --build-base /home/matikurcze00/dev_ws/src/roszkowski_zajac/build/changed_keys_ANROlab1/build install --prefix /home/matikurcze00/dev_ws/src/roszkowski_zajac/install/changed_keys_ANROlab1 --record /home/matikurcze00/dev_ws/src/roszkowski_zajac/build/changed_keys_ANROlab1/install.log --single-version-externally-managed
