[0.349s] Invoking command in '/home/matikurcze00/dev_ws/src/roszkowski_zajac/changed_keys_anrolab1': PYTHONPATH=/home/matikurcze00/dev_ws/src/roszkowski_zajac/install/changed_keys_anrolab1/lib/python3.8/site-packages:${PYTHONPATH} /usr/bin/python3 setup.py egg_info --egg-base ../build/changed_keys_anrolab1 build --build-base /home/matikurcze00/dev_ws/src/roszkowski_zajac/build/changed_keys_anrolab1/build install --prefix /home/matikurcze00/dev_ws/src/roszkowski_zajac/install/changed_keys_anrolab1 --record /home/matikurcze00/dev_ws/src/roszkowski_zajac/build/changed_keys_anrolab1/install.log --single-version-externally-managed
[0.643s] running egg_info
[0.644s] writing ../build/changed_keys_anrolab1/changed_keys_anrolab1.egg-info/PKG-INFO
[0.645s] writing dependency_links to ../build/changed_keys_anrolab1/changed_keys_anrolab1.egg-info/dependency_links.txt
[0.645s] writing entry points to ../build/changed_keys_anrolab1/changed_keys_anrolab1.egg-info/entry_points.txt
[0.645s] writing requirements to ../build/changed_keys_anrolab1/changed_keys_anrolab1.egg-info/requires.txt
[0.646s] writing top-level names to ../build/changed_keys_anrolab1/changed_keys_anrolab1.egg-info/top_level.txt
[0.693s] reading manifest file '../build/changed_keys_anrolab1/changed_keys_anrolab1.egg-info/SOURCES.txt'
[0.694s] writing manifest file '../build/changed_keys_anrolab1/changed_keys_anrolab1.egg-info/SOURCES.txt'
[0.694s] running build
[0.695s] running build_py
[0.695s] running install
[0.696s] running install_lib
[0.698s] running install_data
[0.699s] running install_egg_info
[0.701s] removing '/home/matikurcze00/dev_ws/src/roszkowski_zajac/install/changed_keys_anrolab1/lib/python3.8/site-packages/changed_keys_anrolab1-0.0.0-py3.8.egg-info' (and everything under it)
[0.702s] Copying ../build/changed_keys_anrolab1/changed_keys_anrolab1.egg-info to /home/matikurcze00/dev_ws/src/roszkowski_zajac/install/changed_keys_anrolab1/lib/python3.8/site-packages/changed_keys_anrolab1-0.0.0-py3.8.egg-info
[0.703s] running install_scripts
[0.728s] Installing talker script to /home/matikurcze00/dev_ws/src/roszkowski_zajac/install/changed_keys_anrolab1/lib/changed_keys_anrolab1
[0.728s] writing list of installed files to '/home/matikurcze00/dev_ws/src/roszkowski_zajac/build/changed_keys_anrolab1/install.log'
[0.759s] Invoked command in '/home/matikurcze00/dev_ws/src/roszkowski_zajac/changed_keys_anrolab1' returned '0': PYTHONPATH=/home/matikurcze00/dev_ws/src/roszkowski_zajac/install/changed_keys_anrolab1/lib/python3.8/site-packages:${PYTHONPATH} /usr/bin/python3 setup.py egg_info --egg-base ../build/changed_keys_anrolab1 build --build-base /home/matikurcze00/dev_ws/src/roszkowski_zajac/build/changed_keys_anrolab1/build install --prefix /home/matikurcze00/dev_ws/src/roszkowski_zajac/install/changed_keys_anrolab1 --record /home/matikurcze00/dev_ws/src/roszkowski_zajac/build/changed_keys_anrolab1/install.log --single-version-externally-managed
