[0.281s] Invoking command in '/home/matikurcze00/dev_ws/src/roszkowski_zajac/changed_keys_ANROlab1': PYTHONPATH=/home/matikurcze00/dev_ws/src/roszkowski_zajac/install/changed_keys_ANROlab1/lib/python3.8/site-packages:${PYTHONPATH} /usr/bin/python3 setup.py egg_info --egg-base ../build/changed_keys_ANROlab1 build --build-base /home/matikurcze00/dev_ws/src/roszkowski_zajac/build/changed_keys_ANROlab1/build install --prefix /home/matikurcze00/dev_ws/src/roszkowski_zajac/install/changed_keys_ANROlab1 --record /home/matikurcze00/dev_ws/src/roszkowski_zajac/build/changed_keys_ANROlab1/install.log --single-version-externally-managed
[0.531s] running egg_info
[0.531s] writing ../build/changed_keys_ANROlab1/changed_keys_ANROlab1.egg-info/PKG-INFO
[0.532s] writing dependency_links to ../build/changed_keys_ANROlab1/changed_keys_ANROlab1.egg-info/dependency_links.txt
[0.532s] writing entry points to ../build/changed_keys_ANROlab1/changed_keys_ANROlab1.egg-info/entry_points.txt
[0.532s] writing requirements to ../build/changed_keys_ANROlab1/changed_keys_ANROlab1.egg-info/requires.txt
[0.532s] writing top-level names to ../build/changed_keys_ANROlab1/changed_keys_ANROlab1.egg-info/top_level.txt
[0.575s] reading manifest file '../build/changed_keys_ANROlab1/changed_keys_ANROlab1.egg-info/SOURCES.txt'
[0.576s] writing manifest file '../build/changed_keys_ANROlab1/changed_keys_ANROlab1.egg-info/SOURCES.txt'
[0.576s] running build
[0.577s] running build_py
[0.577s] running install
[0.578s] running install_lib
[0.580s] running install_data
[0.580s] running install_egg_info
[0.582s] removing '/home/matikurcze00/dev_ws/src/roszkowski_zajac/install/changed_keys_ANROlab1/lib/python3.8/site-packages/changed_keys_ANROlab1-0.0.0-py3.8.egg-info' (and everything under it)
[0.583s] Copying ../build/changed_keys_ANROlab1/changed_keys_ANROlab1.egg-info to /home/matikurcze00/dev_ws/src/roszkowski_zajac/install/changed_keys_ANROlab1/lib/python3.8/site-packages/changed_keys_ANROlab1-0.0.0-py3.8.egg-info
[0.584s] running install_scripts
[0.606s] Installing talker script to /home/matikurcze00/dev_ws/src/roszkowski_zajac/install/changed_keys_ANROlab1/lib/changed_keys_ANROlab1
[0.606s] writing list of installed files to '/home/matikurcze00/dev_ws/src/roszkowski_zajac/build/changed_keys_ANROlab1/install.log'
[0.635s] Invoked command in '/home/matikurcze00/dev_ws/src/roszkowski_zajac/changed_keys_ANROlab1' returned '0': PYTHONPATH=/home/matikurcze00/dev_ws/src/roszkowski_zajac/install/changed_keys_ANROlab1/lib/python3.8/site-packages:${PYTHONPATH} /usr/bin/python3 setup.py egg_info --egg-base ../build/changed_keys_ANROlab1 build --build-base /home/matikurcze00/dev_ws/src/roszkowski_zajac/build/changed_keys_ANROlab1/build install --prefix /home/matikurcze00/dev_ws/src/roszkowski_zajac/install/changed_keys_ANROlab1 --record /home/matikurcze00/dev_ws/src/roszkowski_zajac/build/changed_keys_ANROlab1/install.log --single-version-externally-managed
