[0.680s] DEBUG:colcon:Command line arguments: ['/usr/bin/colcon', 'build', '--symlink-install', '--packages-select', 'anro2']
[0.680s] DEBUG:colcon:Parsed command line arguments: Namespace(ament_cmake_args=None, base_paths=['.'], build_base='build', catkin_cmake_args=None, catkin_skip_building_tests=False, cmake_args=None, cmake_clean_cache=False, cmake_clean_first=False, cmake_force_configure=False, cmake_target=None, cmake_target_skip_unavailable=False, continue_on_error=False, event_handlers=None, executor='parallel', ignore_user_meta=False, install_base='install', log_base=None, log_level=None, main=<bound method BuildVerb.main of <colcon_core.verb.build.BuildVerb object at 0x7ff91621f3d0>>, merge_install=False, metas=['./colcon.meta'], packages_above=None, packages_above_and_dependencies=None, packages_above_depth=None, packages_end=None, packages_ignore=None, packages_ignore_regex=None, packages_select=['anro2'], packages_select_build_failed=False, packages_select_by_dep=None, packages_select_regex=None, packages_select_test_failures=False, packages_skip=None, packages_skip_build_finished=False, packages_skip_by_dep=None, packages_skip_regex=None, packages_skip_test_passed=False, packages_skip_up_to=None, packages_start=None, packages_up_to=None, packages_up_to_regex=None, parallel_workers=1, paths=None, symlink_install=True, test_result_base=None, verb_extension=<colcon_core.verb.build.BuildVerb object at 0x7ff91621f3d0>, verb_name='build', verb_parser=<colcon_defaults.argument_parser.defaults.DefaultArgumentsDecorator object at 0x7ff91621f910>)
[0.704s] Level 1:colcon.colcon_core.package_discovery:discover_packages(colcon_meta) check parameters
[0.704s] Level 1:colcon.colcon_core.package_discovery:discover_packages(recursive) check parameters
[0.704s] Level 1:colcon.colcon_core.package_discovery:discover_packages(ignore) check parameters
[0.704s] Level 1:colcon.colcon_core.package_discovery:discover_packages(path) check parameters
[0.704s] Level 1:colcon.colcon_core.package_discovery:discover_packages(colcon_meta) discover
[0.704s] Level 1:colcon.colcon_core.package_discovery:discover_packages(recursive) discover
[0.704s] INFO:colcon.colcon_core.package_discovery:Crawling recursively for packages in '/home/dominika/dev_ws/src/roszkowski_zajac/anro2'
[0.704s] Level 1:colcon.colcon_core.package_identification:_identify(.) by extensions ['ignore', 'ignore_ament_install']
[0.704s] Level 1:colcon.colcon_core.package_identification:_identify(.) by extension 'ignore'
[0.704s] Level 1:colcon.colcon_core.package_identification:_identify(.) by extension 'ignore_ament_install'
[0.704s] Level 1:colcon.colcon_core.package_identification:_identify(.) by extensions ['colcon_pkg']
[0.704s] Level 1:colcon.colcon_core.package_identification:_identify(.) by extension 'colcon_pkg'
[0.704s] Level 1:colcon.colcon_core.package_identification:_identify(.) by extensions ['colcon_meta']
[0.704s] Level 1:colcon.colcon_core.package_identification:_identify(.) by extension 'colcon_meta'
[0.705s] Level 1:colcon.colcon_core.package_identification:_identify(.) by extensions ['ros']
[0.705s] Level 1:colcon.colcon_core.package_identification:_identify(.) by extension 'ros'
[0.764s] DEBUG:colcon.colcon_core.package_identification:Package '.' with type 'ros.ament_python' and name 'anro2'
[0.764s] Level 1:colcon.colcon_core.package_discovery:discover_packages(recursive) using defaults
[0.764s] Level 1:colcon.colcon_core.package_discovery:discover_packages(ignore) discover
[0.764s] Level 1:colcon.colcon_core.package_discovery:discover_packages(ignore) using defaults
[0.764s] Level 1:colcon.colcon_core.package_discovery:discover_packages(path) discover
[0.764s] Level 1:colcon.colcon_core.package_discovery:discover_packages(path) using defaults
[0.841s] Level 5:colcon.colcon_core.verb:set package 'anro2' build argument 'cmake_args' from command line to 'None'
[0.841s] Level 5:colcon.colcon_core.verb:set package 'anro2' build argument 'cmake_target' from command line to 'None'
[0.841s] Level 5:colcon.colcon_core.verb:set package 'anro2' build argument 'cmake_target_skip_unavailable' from command line to 'False'
[0.841s] Level 5:colcon.colcon_core.verb:set package 'anro2' build argument 'cmake_clean_cache' from command line to 'False'
[0.841s] Level 5:colcon.colcon_core.verb:set package 'anro2' build argument 'cmake_clean_first' from command line to 'False'
[0.841s] Level 5:colcon.colcon_core.verb:set package 'anro2' build argument 'cmake_force_configure' from command line to 'False'
[0.841s] Level 5:colcon.colcon_core.verb:set package 'anro2' build argument 'ament_cmake_args' from command line to 'None'
[0.841s] Level 5:colcon.colcon_core.verb:set package 'anro2' build argument 'catkin_cmake_args' from command line to 'None'
[0.841s] Level 5:colcon.colcon_core.verb:set package 'anro2' build argument 'catkin_skip_building_tests' from command line to 'False'
[0.841s] DEBUG:colcon.colcon_core.verb:Building package 'anro2' with the following arguments: {'ament_cmake_args': None, 'build_base': '/home/dominika/dev_ws/src/roszkowski_zajac/anro2/build/anro2', 'catkin_cmake_args': None, 'catkin_skip_building_tests': False, 'cmake_args': None, 'cmake_clean_cache': False, 'cmake_clean_first': False, 'cmake_force_configure': False, 'cmake_target': None, 'cmake_target_skip_unavailable': False, 'install_base': '/home/dominika/dev_ws/src/roszkowski_zajac/anro2/install/anro2', 'merge_install': False, 'path': '/home/dominika/dev_ws/src/roszkowski_zajac/anro2', 'symlink_install': True, 'test_result_base': None}
[0.842s] INFO:colcon.colcon_core.executor:Executing jobs using 'parallel' executor
[0.855s] DEBUG:colcon.colcon_parallel_executor.executor.parallel:run_until_complete
[0.855s] INFO:colcon.colcon_ros.task.ament_python.build:Building ROS package in '/home/dominika/dev_ws/src/roszkowski_zajac/anro2' with build type 'ament_python'
[0.855s] Level 1:colcon.colcon_core.shell:create_environment_hook('anro2', 'ament_prefix_path')
[0.869s] INFO:colcon.colcon_core.plugin_system:Skipping extension 'colcon_core.shell.bat': Not used on non-Windows systems
[0.869s] INFO:colcon.colcon_core.shell:Creating environment hook '/home/dominika/dev_ws/src/roszkowski_zajac/anro2/install/anro2/share/anro2/hook/ament_prefix_path.ps1'
[0.870s] INFO:colcon.colcon_core.shell:Creating environment descriptor '/home/dominika/dev_ws/src/roszkowski_zajac/anro2/install/anro2/share/anro2/hook/ament_prefix_path.dsv'
[0.881s] INFO:colcon.colcon_core.shell:Creating environment hook '/home/dominika/dev_ws/src/roszkowski_zajac/anro2/install/anro2/share/anro2/hook/ament_prefix_path.sh'
[0.893s] INFO:colcon.colcon_core.shell:Skip shell extension 'powershell' for command environment: Not usable outside of PowerShell
[0.893s] DEBUG:colcon.colcon_core.shell:Skip shell extension 'dsv' for command environment
[0.912s] DEBUG:colcon.colcon_core.shell:Ignoring prefix path '/opt/ros/foxy'
[1.847s] INFO:colcon.colcon_core.task.python.build:Building Python package in '/home/dominika/dev_ws/src/roszkowski_zajac/anro2'
[1.848s] INFO:colcon.colcon_core.shell:Skip shell extension 'powershell' for command environment: Not usable outside of PowerShell
[1.848s] DEBUG:colcon.colcon_core.shell:Skip shell extension 'dsv' for command environment
[1.858s] DEBUG:colcon.colcon_core.shell:Ignoring prefix path '/opt/ros/foxy'
[1.899s] DEBUG:colcon.colcon_core.event_handler.log_command:Invoking command in '/home/dominika/dev_ws/src/roszkowski_zajac/anro2/build/anro2': PYTHONPATH=/home/dominika/dev_ws/src/roszkowski_zajac/anro2/install/anro2/lib/python3.8/site-packages:${PYTHONPATH} /usr/bin/python3 setup.py develop --prefix /home/dominika/dev_ws/src/roszkowski_zajac/anro2/install/anro2 --editable --build-directory /home/dominika/dev_ws/src/roszkowski_zajac/anro2/build/anro2/build --no-deps install_data --install-dir /home/dominika/dev_ws/src/roszkowski_zajac/anro2/install/anro2
[3.792s] Level 1:colcon.colcon_core.shell:create_environment_hook('anro2', 'pythonpath_develop')
[3.793s] INFO:colcon.colcon_core.shell:Creating environment hook '/home/dominika/dev_ws/src/roszkowski_zajac/anro2/build/anro2/share/anro2/hook/pythonpath_develop.ps1'
[3.793s] INFO:colcon.colcon_core.shell:Creating environment descriptor '/home/dominika/dev_ws/src/roszkowski_zajac/anro2/build/anro2/share/anro2/hook/pythonpath_develop.dsv'
[3.794s] DEBUG:colcon.colcon_core.event_handler.log_command:Invoked command in '/home/dominika/dev_ws/src/roszkowski_zajac/anro2/build/anro2' returned '0': PYTHONPATH=/home/dominika/dev_ws/src/roszkowski_zajac/anro2/install/anro2/lib/python3.8/site-packages:${PYTHONPATH} /usr/bin/python3 setup.py develop --prefix /home/dominika/dev_ws/src/roszkowski_zajac/anro2/install/anro2 --editable --build-directory /home/dominika/dev_ws/src/roszkowski_zajac/anro2/build/anro2/build --no-deps install_data --install-dir /home/dominika/dev_ws/src/roszkowski_zajac/anro2/install/anro2
[3.797s] INFO:colcon.colcon_core.shell:Creating environment hook '/home/dominika/dev_ws/src/roszkowski_zajac/anro2/build/anro2/share/anro2/hook/pythonpath_develop.sh'
[3.805s] Level 1:colcon.colcon_core.environment:checking '/home/dominika/dev_ws/src/roszkowski_zajac/anro2/install/anro2' for CMake module files
[3.805s] Level 1:colcon.colcon_core.environment:checking '/home/dominika/dev_ws/src/roszkowski_zajac/anro2/install/anro2' for CMake config files
[3.806s] Level 1:colcon.colcon_core.environment:checking '/home/dominika/dev_ws/src/roszkowski_zajac/anro2/install/anro2/lib'
[3.806s] Level 1:colcon.colcon_core.environment:checking '/home/dominika/dev_ws/src/roszkowski_zajac/anro2/install/anro2/bin'
[3.806s] Level 1:colcon.colcon_core.environment:checking '/home/dominika/dev_ws/src/roszkowski_zajac/anro2/install/anro2/lib/pkgconfig/anro2.pc'
[3.806s] Level 1:colcon.colcon_core.environment:checking '/home/dominika/dev_ws/src/roszkowski_zajac/anro2/install/anro2/lib/python3.8/site-packages'
[3.806s] Level 1:colcon.colcon_core.shell:create_environment_hook('anro2', 'pythonpath')
[3.819s] INFO:colcon.colcon_core.shell:Creating environment hook '/home/dominika/dev_ws/src/roszkowski_zajac/anro2/install/anro2/share/anro2/hook/pythonpath.ps1'
[3.824s] INFO:colcon.colcon_core.shell:Creating environment descriptor '/home/dominika/dev_ws/src/roszkowski_zajac/anro2/install/anro2/share/anro2/hook/pythonpath.dsv'
[3.830s] INFO:colcon.colcon_core.shell:Creating environment hook '/home/dominika/dev_ws/src/roszkowski_zajac/anro2/install/anro2/share/anro2/hook/pythonpath.sh'
[3.834s] Level 1:colcon.colcon_core.environment:create_environment_scripts_only(anro2)
[3.835s] INFO:colcon.colcon_core.shell:Creating package script '/home/dominika/dev_ws/src/roszkowski_zajac/anro2/install/anro2/share/anro2/package.ps1'
[3.843s] INFO:colcon.colcon_core.shell:Creating package descriptor '/home/dominika/dev_ws/src/roszkowski_zajac/anro2/install/anro2/share/anro2/package.dsv'
[3.844s] INFO:colcon.colcon_core.shell:Creating package script '/home/dominika/dev_ws/src/roszkowski_zajac/anro2/install/anro2/share/anro2/package.sh'
[3.847s] INFO:colcon.colcon_core.shell:Creating package script '/home/dominika/dev_ws/src/roszkowski_zajac/anro2/install/anro2/share/anro2/package.bash'
[3.851s] INFO:colcon.colcon_core.shell:Creating package script '/home/dominika/dev_ws/src/roszkowski_zajac/anro2/install/anro2/share/anro2/package.zsh'
[3.855s] Level 1:colcon.colcon_core.environment:create_file_with_runtime_dependencies(/home/dominika/dev_ws/src/roszkowski_zajac/anro2/install/anro2/share/colcon-core/packages/anro2)
[3.856s] DEBUG:colcon.colcon_parallel_executor.executor.parallel:closing loop
[3.856s] DEBUG:colcon.colcon_parallel_executor.executor.parallel:loop closed
[3.857s] DEBUG:colcon.colcon_parallel_executor.executor.parallel:run_until_complete finished with '0'
[3.857s] DEBUG:colcon.colcon_core.event_reactor:joining thread
[3.873s] INFO:colcon.colcon_core.plugin_system:Skipping extension 'colcon_notification.desktop_notification.terminal_notifier': Not used on non-Darwin systems
[3.873s] INFO:colcon.colcon_core.plugin_system:Skipping extension 'colcon_notification.desktop_notification.win32': Not used on non-Windows systems
[3.874s] INFO:colcon.colcon_notification.desktop_notification:Sending desktop notification using 'notify2'
[3.948s] DEBUG:colcon.colcon_core.event_reactor:joined thread
[3.949s] INFO:colcon.colcon_core.shell:Creating prefix script '/home/dominika/dev_ws/src/roszkowski_zajac/anro2/install/local_setup.ps1'
[3.950s] INFO:colcon.colcon_core.shell:Creating prefix util module '/home/dominika/dev_ws/src/roszkowski_zajac/anro2/install/_local_setup_util_ps1.py'
[3.955s] INFO:colcon.colcon_core.shell:Creating prefix chain script '/home/dominika/dev_ws/src/roszkowski_zajac/anro2/install/setup.ps1'
[3.966s] INFO:colcon.colcon_core.shell:Creating prefix script '/home/dominika/dev_ws/src/roszkowski_zajac/anro2/install/local_setup.sh'
[3.969s] INFO:colcon.colcon_core.shell:Creating prefix util module '/home/dominika/dev_ws/src/roszkowski_zajac/anro2/install/_local_setup_util_sh.py'
[3.970s] INFO:colcon.colcon_core.shell:Creating prefix chain script '/home/dominika/dev_ws/src/roszkowski_zajac/anro2/install/setup.sh'
[3.981s] INFO:colcon.colcon_core.shell:Creating prefix script '/home/dominika/dev_ws/src/roszkowski_zajac/anro2/install/local_setup.bash'
[3.987s] INFO:colcon.colcon_core.shell:Creating prefix chain script '/home/dominika/dev_ws/src/roszkowski_zajac/anro2/install/setup.bash'
[3.995s] INFO:colcon.colcon_core.shell:Creating prefix script '/home/dominika/dev_ws/src/roszkowski_zajac/anro2/install/local_setup.zsh'
[3.995s] INFO:colcon.colcon_core.shell:Creating prefix chain script '/home/dominika/dev_ws/src/roszkowski_zajac/anro2/install/setup.zsh'
