[0.319s] Invoking command in '/home/matikurcze00/dev_ws/src/roszkowski_zajac/build/anro4': PYTHONPATH=/home/matikurcze00/dev_ws/src/roszkowski_zajac/install/anro4/lib/python3.8/site-packages:${PYTHONPATH} /usr/bin/python3 setup.py develop --prefix /home/matikurcze00/dev_ws/src/roszkowski_zajac/install/anro4 --editable --build-directory /home/matikurcze00/dev_ws/src/roszkowski_zajac/build/anro4/build --no-deps install_data --install-dir /home/matikurcze00/dev_ws/src/roszkowski_zajac/install/anro4
[0.608s] running develop
[0.769s] running egg_info
[0.769s] creating anro4.egg-info
[0.770s] writing anro4.egg-info/PKG-INFO
[0.770s] writing dependency_links to anro4.egg-info/dependency_links.txt
[0.771s] writing entry points to anro4.egg-info/entry_points.txt
[0.771s] writing requirements to anro4.egg-info/requires.txt
[0.771s] writing top-level names to anro4.egg-info/top_level.txt
[0.776s] writing manifest file 'anro4.egg-info/SOURCES.txt'
[0.814s] reading manifest file 'anro4.egg-info/SOURCES.txt'
[0.815s] writing manifest file 'anro4.egg-info/SOURCES.txt'
[0.869s] running build_ext
[0.870s] Creating /home/matikurcze00/dev_ws/src/roszkowski_zajac/install/anro4/lib/python3.8/site-packages/site.py
[0.873s] Creating /home/matikurcze00/dev_ws/src/roszkowski_zajac/install/anro4/lib/python3.8/site-packages/anro4.egg-link (link to .)
[0.874s] Installing interpolation_client script to /home/matikurcze00/dev_ws/src/roszkowski_zajac/install/anro4/lib/anro4
[0.874s] Installing interpolation_service script to /home/matikurcze00/dev_ws/src/roszkowski_zajac/install/anro4/lib/anro4
[0.875s] Installing op_client script to /home/matikurcze00/dev_ws/src/roszkowski_zajac/install/anro4/lib/anro4
[0.875s] Installing op_service script to /home/matikurcze00/dev_ws/src/roszkowski_zajac/install/anro4/lib/anro4
[0.875s] 
[0.875s] Installed /home/matikurcze00/dev_ws/src/roszkowski_zajac/build/anro4
[0.875s] running install_data
[0.876s] creating /home/matikurcze00/dev_ws/src/roszkowski_zajac/install/anro4/share/ament_index
[0.876s] creating /home/matikurcze00/dev_ws/src/roszkowski_zajac/install/anro4/share/ament_index/resource_index
[0.876s] creating /home/matikurcze00/dev_ws/src/roszkowski_zajac/install/anro4/share/ament_index/resource_index/packages
[0.876s] copying resource/anro4 -> /home/matikurcze00/dev_ws/src/roszkowski_zajac/install/anro4/share/ament_index/resource_index/packages
[0.876s] copying package.xml -> /home/matikurcze00/dev_ws/src/roszkowski_zajac/install/anro4/share/anro4
[0.876s] copying launch/jint.launch.py -> /home/matikurcze00/dev_ws/src/roszkowski_zajac/install/anro4/share/anro4
[0.876s] copying launch/anro4.launch.py -> /home/matikurcze00/dev_ws/src/roszkowski_zajac/install/anro4/share/anro4
[0.877s] copying urdf/dh_to_rpy.py -> /home/matikurcze00/dev_ws/src/roszkowski_zajac/install/anro4/share/anro4
[0.877s] copying urdf/robot_arm_move.urdf.xacro.xml -> /home/matikurcze00/dev_ws/src/roszkowski_zajac/install/anro4/share/anro4
[0.877s] copying urdf/Macierz_MD-G.json -> /home/matikurcze00/dev_ws/src/roszkowski_zajac/install/anro4/share/anro4
[0.877s] copying urdf/urdf_wyniki.yaml -> /home/matikurcze00/dev_ws/src/roszkowski_zajac/install/anro4/share/anro4
[0.877s] copying urdf/params_server.json -> /home/matikurcze00/dev_ws/src/roszkowski_zajac/install/anro4/share/anro4
[0.878s] copying anro4/robot_arm.rviz -> /home/matikurcze00/dev_ws/src/roszkowski_zajac/install/anro4/share/anro4
[0.878s] copying anro4/jcmd.py -> /home/matikurcze00/dev_ws/src/roszkowski_zajac/install/anro4/share/anro4
[0.878s] copying anro4/__init__.py -> /home/matikurcze00/dev_ws/src/roszkowski_zajac/install/anro4/share/anro4
[0.878s] copying anro4/jint.py -> /home/matikurcze00/dev_ws/src/roszkowski_zajac/install/anro4/share/anro4
[0.879s] copying anro4/state_publisher.py -> /home/matikurcze00/dev_ws/src/roszkowski_zajac/install/anro4/share/anro4
[0.913s] Invoked command in '/home/matikurcze00/dev_ws/src/roszkowski_zajac/build/anro4' returned '0': PYTHONPATH=/home/matikurcze00/dev_ws/src/roszkowski_zajac/install/anro4/lib/python3.8/site-packages:${PYTHONPATH} /usr/bin/python3 setup.py develop --prefix /home/matikurcze00/dev_ws/src/roszkowski_zajac/install/anro4 --editable --build-directory /home/matikurcze00/dev_ws/src/roszkowski_zajac/build/anro4/build --no-deps install_data --install-dir /home/matikurcze00/dev_ws/src/roszkowski_zajac/install/anro4
