[0.348s] Invoking command in '/home/matikurcze00/dev_ws/src/roszkowski_zajac/build/anro4': PYTHONPATH=/home/matikurcze00/dev_ws/src/roszkowski_zajac/install/anro4/lib/python3.8/site-packages:/home/matikurcze00/dev_ws/src/roszkowski_zajac/install/anro4_interface/lib/python3.8/site-packages:/home/matikurcze00/dev_ws/src/roszkowski_zajac/build/anro4:/home/matikurcze00/dev_ws/src/roszkowski_zajac/install/anro4/lib/python3.8/site-packages:/opt/ros/foxy/lib/python3.8/site-packages /usr/bin/python3 setup.py develop --prefix /home/matikurcze00/dev_ws/src/roszkowski_zajac/install/anro4 --editable --build-directory /home/matikurcze00/dev_ws/src/roszkowski_zajac/build/anro4/build --no-deps install_data --install-dir /home/matikurcze00/dev_ws/src/roszkowski_zajac/install/anro4
[0.671s] running develop
[0.844s] running egg_info
[0.845s] writing anro4.egg-info/PKG-INFO
[0.845s] writing dependency_links to anro4.egg-info/dependency_links.txt
[0.845s] writing entry points to anro4.egg-info/entry_points.txt
[0.846s] writing requirements to anro4.egg-info/requires.txt
[0.846s] writing top-level names to anro4.egg-info/top_level.txt
[0.885s] reading manifest file 'anro4.egg-info/SOURCES.txt'
[0.886s] writing manifest file 'anro4.egg-info/SOURCES.txt'
[0.933s] running build_ext
[0.934s] Creating /home/matikurcze00/dev_ws/src/roszkowski_zajac/install/anro4/lib/python3.8/site-packages/anro4.egg-link (link to .)
[0.936s] Installing interpolation_client script to /home/matikurcze00/dev_ws/src/roszkowski_zajac/install/anro4/lib/anro4
[0.936s] Installing interpolation_service script to /home/matikurcze00/dev_ws/src/roszkowski_zajac/install/anro4/lib/anro4
[0.936s] Installing op_client script to /home/matikurcze00/dev_ws/src/roszkowski_zajac/install/anro4/lib/anro4
[0.937s] Installing op_service script to /home/matikurcze00/dev_ws/src/roszkowski_zajac/install/anro4/lib/anro4
[0.937s] 
[0.937s] Installed /home/matikurcze00/dev_ws/src/roszkowski_zajac/build/anro4
[0.937s] running install_data
[0.937s] copying launch/oint.launch.py -> /home/matikurcze00/dev_ws/src/roszkowski_zajac/install/anro4/share/anro4
[0.938s] copying urdf/axis.urdf.xacro.xml -> /home/matikurcze00/dev_ws/src/roszkowski_zajac/install/anro4/share/anro4
[0.978s] Invoked command in '/home/matikurcze00/dev_ws/src/roszkowski_zajac/build/anro4' returned '0': PYTHONPATH=/home/matikurcze00/dev_ws/src/roszkowski_zajac/install/anro4/lib/python3.8/site-packages:/home/matikurcze00/dev_ws/src/roszkowski_zajac/install/anro4_interface/lib/python3.8/site-packages:/home/matikurcze00/dev_ws/src/roszkowski_zajac/build/anro4:/home/matikurcze00/dev_ws/src/roszkowski_zajac/install/anro4/lib/python3.8/site-packages:/opt/ros/foxy/lib/python3.8/site-packages /usr/bin/python3 setup.py develop --prefix /home/matikurcze00/dev_ws/src/roszkowski_zajac/install/anro4 --editable --build-directory /home/matikurcze00/dev_ws/src/roszkowski_zajac/build/anro4/build --no-deps install_data --install-dir /home/matikurcze00/dev_ws/src/roszkowski_zajac/install/anro4
