[0.337s] Invoking command in '/home/matikurcze00/dev_ws/src/roszkowski_zajac/build/anro2': PYTHONPATH=/home/matikurcze00/dev_ws/src/roszkowski_zajac/install/anro2/lib/python3.8/site-packages:${PYTHONPATH} /usr/bin/python3 setup.py develop --prefix /home/matikurcze00/dev_ws/src/roszkowski_zajac/install/anro2 --editable --build-directory /home/matikurcze00/dev_ws/src/roszkowski_zajac/build/anro2/build --no-deps install_data --install-dir /home/matikurcze00/dev_ws/src/roszkowski_zajac/install/anro2
[0.650s] running develop
[0.827s] running egg_info
[0.827s] writing anro2.egg-info/PKG-INFO
[0.827s] writing dependency_links to anro2.egg-info/dependency_links.txt
[0.827s] writing entry points to anro2.egg-info/entry_points.txt
[0.828s] writing requirements to anro2.egg-info/requires.txt
[0.828s] writing top-level names to anro2.egg-info/top_level.txt
[0.869s] reading manifest file 'anro2.egg-info/SOURCES.txt'
[0.870s] writing manifest file 'anro2.egg-info/SOURCES.txt'
[0.917s] running build_ext
[0.917s] Creating /home/matikurcze00/dev_ws/src/roszkowski_zajac/install/anro2/lib/python3.8/site-packages/anro2.egg-link (link to .)
[0.919s] Installing state_publisher script to /home/matikurcze00/dev_ws/src/roszkowski_zajac/install/anro2/lib/anro2
[0.919s] 
[0.919s] Installed /home/matikurcze00/dev_ws/src/roszkowski_zajac/build/anro2
[0.920s] running install_data
[0.920s] copying launch/demo_move.launch.py -> /home/matikurcze00/dev_ws/src/roszkowski_zajac/install/anro2/share/anro2
[0.920s] copying launch/rviz.launch.py -> /home/matikurcze00/dev_ws/src/roszkowski_zajac/install/anro2/share/anro2
[0.920s] copying launch/demo.launch.py -> /home/matikurcze00/dev_ws/src/roszkowski_zajac/install/anro2/share/anro2
[0.921s] copying urdf/robot_arm_move.urdf.xacro.xml -> /home/matikurcze00/dev_ws/src/roszkowski_zajac/install/anro2/share/anro2
[0.921s] copying urdf/robot_arm.urdf.xacro.xml -> /home/matikurcze00/dev_ws/src/roszkowski_zajac/install/anro2/share/anro2
[0.960s] Invoked command in '/home/matikurcze00/dev_ws/src/roszkowski_zajac/build/anro2' returned '0': PYTHONPATH=/home/matikurcze00/dev_ws/src/roszkowski_zajac/install/anro2/lib/python3.8/site-packages:${PYTHONPATH} /usr/bin/python3 setup.py develop --prefix /home/matikurcze00/dev_ws/src/roszkowski_zajac/install/anro2 --editable --build-directory /home/matikurcze00/dev_ws/src/roszkowski_zajac/build/anro2/build --no-deps install_data --install-dir /home/matikurcze00/dev_ws/src/roszkowski_zajac/install/anro2
