[0.284s] Invoking command in '/home/matikurcze00/dev_ws/src/roszkowski_zajac/changed_keys_ANROlab1': PYTHONPATH=/home/matikurcze00/dev_ws/src/roszkowski_zajac/install/changed_keys_ANROlab1/lib/python3.8/site-packages:${PYTHONPATH} /usr/bin/python3 setup.py egg_info --egg-base ../build/changed_keys_ANROlab1 build --build-base /home/matikurcze00/dev_ws/src/roszkowski_zajac/build/changed_keys_ANROlab1/build install --prefix /home/matikurcze00/dev_ws/src/roszkowski_zajac/install/changed_keys_ANROlab1 --record /home/matikurcze00/dev_ws/src/roszkowski_zajac/build/changed_keys_ANROlab1/install.log --single-version-externally-managed
[0.528s] running egg_info
[0.529s] writing ../build/changed_keys_ANROlab1/changed_keys_ANROlab1.egg-info/PKG-INFO
[0.529s] writing dependency_links to ../build/changed_keys_ANROlab1/changed_keys_ANROlab1.egg-info/dependency_links.txt
[0.529s] writing entry points to ../build/changed_keys_ANROlab1/changed_keys_ANROlab1.egg-info/entry_points.txt
[0.530s] writing requirements to ../build/changed_keys_ANROlab1/changed_keys_ANROlab1.egg-info/requires.txt
[0.530s] writing top-level names to ../build/changed_keys_ANROlab1/changed_keys_ANROlab1.egg-info/top_level.txt
[0.569s] reading manifest file '../build/changed_keys_ANROlab1/changed_keys_ANROlab1.egg-info/SOURCES.txt'
[0.570s] writing manifest file '../build/changed_keys_ANROlab1/changed_keys_ANROlab1.egg-info/SOURCES.txt'
[0.571s] running build
[0.571s] running build_py
[0.571s] running install
[0.572s] running install_lib
[0.574s] running install_data
[0.575s] running install_egg_info
[0.577s] removing '/home/matikurcze00/dev_ws/src/roszkowski_zajac/install/changed_keys_ANROlab1/lib/python3.8/site-packages/changed_keys_ANROlab1-0.0.0-py3.8.egg-info' (and everything under it)
[0.577s] Copying ../build/changed_keys_ANROlab1/changed_keys_ANROlab1.egg-info to /home/matikurcze00/dev_ws/src/roszkowski_zajac/install/changed_keys_ANROlab1/lib/python3.8/site-packages/changed_keys_ANROlab1-0.0.0-py3.8.egg-info
[0.578s] running install_scripts
[0.598s] Installing talker script to /home/matikurcze00/dev_ws/src/roszkowski_zajac/install/changed_keys_ANROlab1/lib/changed_keys_ANROlab1
[0.599s] writing list of installed files to '/home/matikurcze00/dev_ws/src/roszkowski_zajac/build/changed_keys_ANROlab1/install.log'
[0.625s] Invoked command in '/home/matikurcze00/dev_ws/src/roszkowski_zajac/changed_keys_ANROlab1' returned '0': PYTHONPATH=/home/matikurcze00/dev_ws/src/roszkowski_zajac/install/changed_keys_ANROlab1/lib/python3.8/site-packages:${PYTHONPATH} /usr/bin/python3 setup.py egg_info --egg-base ../build/changed_keys_ANROlab1 build --build-base /home/matikurcze00/dev_ws/src/roszkowski_zajac/build/changed_keys_ANROlab1/build install --prefix /home/matikurcze00/dev_ws/src/roszkowski_zajac/install/changed_keys_ANROlab1 --record /home/matikurcze00/dev_ws/src/roszkowski_zajac/build/changed_keys_ANROlab1/install.log --single-version-externally-managed
