[0.369s] Invoking command in '/home/matikurcze00/dev_ws/src/roszkowski_zajac/anro3/build/anro3': PYTHONPATH=/home/matikurcze00/dev_ws/src/roszkowski_zajac/anro3/install/anro3/lib/python3.8/site-packages:${PYTHONPATH} /usr/bin/python3 setup.py develop --prefix /home/matikurcze00/dev_ws/src/roszkowski_zajac/anro3/install/anro3 --editable --build-directory /home/matikurcze00/dev_ws/src/roszkowski_zajac/anro3/build/anro3/build --no-deps install_data --install-dir /home/matikurcze00/dev_ws/src/roszkowski_zajac/anro3/install/anro3
[0.712s] running develop
[0.913s] running egg_info
[0.913s] writing anro3.egg-info/PKG-INFO
[0.914s] writing dependency_links to anro3.egg-info/dependency_links.txt
[0.914s] writing entry points to anro3.egg-info/entry_points.txt
[0.914s] writing requirements to anro3.egg-info/requires.txt
[0.915s] writing top-level names to anro3.egg-info/top_level.txt
[0.960s] reading manifest file 'anro3.egg-info/SOURCES.txt'
[0.962s] writing manifest file 'anro3.egg-info/SOURCES.txt'
[1.016s] running build_ext
[1.017s] Creating /home/matikurcze00/dev_ws/src/roszkowski_zajac/anro3/install/anro3/lib/python3.8/site-packages/anro3.egg-link (link to .)
[1.018s] Installing kdl script to /home/matikurcze00/dev_ws/src/roszkowski_zajac/anro3/install/anro3/lib/anro3
[1.018s] Installing nonkdl script to /home/matikurcze00/dev_ws/src/roszkowski_zajac/anro3/install/anro3/lib/anro3
[1.018s] 
[1.018s] Installed /home/matikurcze00/dev_ws/src/roszkowski_zajac/anro3/build/anro3
[1.018s] running install_data
[1.019s] copying urdf/robot_arm_move.urdf.xacro.xml -> /home/matikurcze00/dev_ws/src/roszkowski_zajac/anro3/install/anro3/share/anro3
[1.019s] copying anro3/kdl_dkin.py -> /home/matikurcze00/dev_ws/src/roszkowski_zajac/anro3/install/anro3/share/anro3
[1.059s] Invoked command in '/home/matikurcze00/dev_ws/src/roszkowski_zajac/anro3/build/anro3' returned '0': PYTHONPATH=/home/matikurcze00/dev_ws/src/roszkowski_zajac/anro3/install/anro3/lib/python3.8/site-packages:${PYTHONPATH} /usr/bin/python3 setup.py develop --prefix /home/matikurcze00/dev_ws/src/roszkowski_zajac/anro3/install/anro3 --editable --build-directory /home/matikurcze00/dev_ws/src/roszkowski_zajac/anro3/build/anro3/build --no-deps install_data --install-dir /home/matikurcze00/dev_ws/src/roszkowski_zajac/anro3/install/anro3
