[0.022s] Invoking command in '/home/matikurcze00/dev_ws/src/roszkowski_zajac/build/anro4_interface': CMAKE_PREFIX_PATH=/opt/ros/foxy /usr/bin/cmake --build /home/matikurcze00/dev_ws/src/roszkowski_zajac/build/anro4_interface -- -j4 -l4
[0.132s] [  2%] Built target anro4_interface__cpp
[0.147s] [ 12%] Built target anro4_interface__rosidl_generator_c
[0.177s] [ 23%] Built target anro4_interface__rosidl_typesupport_introspection_cpp
[0.192s] [ 33%] Built target anro4_interface__rosidl_typesupport_cpp
[0.192s] [ 43%] Built target anro4_interface__rosidl_typesupport_fastrtps_cpp
[0.216s] [ 53%] Built target anro4_interface__rosidl_typesupport_introspection_c
[0.228s] [ 64%] Built target anro4_interface__rosidl_typesupport_c
[0.245s] [ 74%] Built target anro4_interface__rosidl_typesupport_fastrtps_c
[0.271s] [ 74%] Built target anro4_interface
[0.297s] [ 76%] Built target anro4_interface__py
[0.336s] [ 84%] Built target anro4_interface__python
[0.383s] [ 89%] Built target anro4_interface__rosidl_typesupport_introspection_c__pyext
[0.390s] [ 94%] Built target anro4_interface__rosidl_typesupport_c__pyext
[0.392s] [100%] Built target anro4_interface__rosidl_typesupport_fastrtps_c__pyext
[0.406s] Invoked command in '/home/matikurcze00/dev_ws/src/roszkowski_zajac/build/anro4_interface' returned '0': CMAKE_PREFIX_PATH=/opt/ros/foxy /usr/bin/cmake --build /home/matikurcze00/dev_ws/src/roszkowski_zajac/build/anro4_interface -- -j4 -l4
[0.510s] Invoking command in '/home/matikurcze00/dev_ws/src/roszkowski_zajac/build/anro4_interface': CMAKE_PREFIX_PATH=/opt/ros/foxy /usr/bin/cmake --install /home/matikurcze00/dev_ws/src/roszkowski_zajac/build/anro4_interface
[0.526s] -- Install configuration: ""
[0.527s] -- Execute custom install script
[0.528s] -- Up-to-date symlink: /home/matikurcze00/dev_ws/src/roszkowski_zajac/install/anro4_interface/share/ament_index/resource_index/rosidl_interfaces/anro4_interface
[0.531s] -- Up-to-date symlink: /home/matikurcze00/dev_ws/src/roszkowski_zajac/install/anro4_interface/include/anro4_interface/msg/rosidl_generator_c__visibility_control.h
[0.531s] -- Up-to-date symlink: /home/matikurcze00/dev_ws/src/roszkowski_zajac/install/anro4_interface/include/anro4_interface/srv/detail/interpolation__functions.h
[0.532s] -- Up-to-date symlink: /home/matikurcze00/dev_ws/src/roszkowski_zajac/install/anro4_interface/include/anro4_interface/srv/detail/interpolation__struct.h
[0.532s] -- Up-to-date symlink: /home/matikurcze00/dev_ws/src/roszkowski_zajac/install/anro4_interface/include/anro4_interface/srv/detail/interpolation__type_support.h
[0.532s] -- Up-to-date symlink: /home/matikurcze00/dev_ws/src/roszkowski_zajac/install/anro4_interface/include/anro4_interface/srv/detail/op_interpolation__functions.h
[0.532s] -- Up-to-date symlink: /home/matikurcze00/dev_ws/src/roszkowski_zajac/install/anro4_interface/include/anro4_interface/srv/detail/op_interpolation__struct.h
[0.532s] -- Up-to-date symlink: /home/matikurcze00/dev_ws/src/roszkowski_zajac/install/anro4_interface/include/anro4_interface/srv/detail/op_interpolation__type_support.h
[0.533s] -- Up-to-date symlink: /home/matikurcze00/dev_ws/src/roszkowski_zajac/install/anro4_interface/include/anro4_interface/srv/interpolation.h
[0.533s] -- Up-to-date symlink: /home/matikurcze00/dev_ws/src/roszkowski_zajac/install/anro4_interface/include/anro4_interface/srv/op_interpolation.h
[0.534s] -- Up-to-date symlink: /home/matikurcze00/dev_ws/src/roszkowski_zajac/install/anro4_interface/share/anro4_interface/environment/library_path.sh
[0.535s] -- Up-to-date symlink: /home/matikurcze00/dev_ws/src/roszkowski_zajac/install/anro4_interface/share/anro4_interface/environment/library_path.dsv
[0.536s] -- Up-to-date symlink: /home/matikurcze00/dev_ws/src/roszkowski_zajac/install/anro4_interface/include/anro4_interface/msg/rosidl_typesupport_fastrtps_c__visibility_control.h
[0.537s] -- Up-to-date symlink: /home/matikurcze00/dev_ws/src/roszkowski_zajac/install/anro4_interface/include/anro4_interface/srv/detail/interpolation__rosidl_typesupport_fastrtps_c.h
[0.537s] -- Up-to-date symlink: /home/matikurcze00/dev_ws/src/roszkowski_zajac/install/anro4_interface/include/anro4_interface/srv/detail/op_interpolation__rosidl_typesupport_fastrtps_c.h
[0.538s] -- Up-to-date symlink: /home/matikurcze00/dev_ws/src/roszkowski_zajac/install/anro4_interface/lib/libanro4_interface__rosidl_typesupport_fastrtps_c.so
[0.540s] -- Up-to-date symlink: /home/matikurcze00/dev_ws/src/roszkowski_zajac/install/anro4_interface/include/anro4_interface/msg/rosidl_typesupport_fastrtps_cpp__visibility_control.h
[0.540s] -- Up-to-date symlink: /home/matikurcze00/dev_ws/src/roszkowski_zajac/install/anro4_interface/include/anro4_interface/srv/detail/interpolation__rosidl_typesupport_fastrtps_cpp.hpp
[0.540s] -- Up-to-date symlink: /home/matikurcze00/dev_ws/src/roszkowski_zajac/install/anro4_interface/include/anro4_interface/srv/detail/op_interpolation__rosidl_typesupport_fastrtps_cpp.hpp
[0.541s] -- Up-to-date symlink: /home/matikurcze00/dev_ws/src/roszkowski_zajac/install/anro4_interface/lib/libanro4_interface__rosidl_typesupport_fastrtps_cpp.so
[0.542s] -- Up-to-date symlink: /home/matikurcze00/dev_ws/src/roszkowski_zajac/install/anro4_interface/include/anro4_interface/msg/rosidl_typesupport_introspection_c__visibility_control.h
[0.543s] -- Up-to-date symlink: /home/matikurcze00/dev_ws/src/roszkowski_zajac/install/anro4_interface/include/anro4_interface/srv/detail/interpolation__rosidl_typesupport_introspection_c.h
[0.543s] -- Up-to-date symlink: /home/matikurcze00/dev_ws/src/roszkowski_zajac/install/anro4_interface/include/anro4_interface/srv/detail/op_interpolation__rosidl_typesupport_introspection_c.h
[0.545s] -- Up-to-date symlink: /home/matikurcze00/dev_ws/src/roszkowski_zajac/install/anro4_interface/include/anro4_interface/srv/detail/interpolation__builder.hpp
[0.545s] -- Up-to-date symlink: /home/matikurcze00/dev_ws/src/roszkowski_zajac/install/anro4_interface/include/anro4_interface/srv/detail/interpolation__struct.hpp
[0.545s] -- Up-to-date symlink: /home/matikurcze00/dev_ws/src/roszkowski_zajac/install/anro4_interface/include/anro4_interface/srv/detail/interpolation__traits.hpp
[0.546s] -- Up-to-date symlink: /home/matikurcze00/dev_ws/src/roszkowski_zajac/install/anro4_interface/include/anro4_interface/srv/detail/op_interpolation__builder.hpp
[0.546s] -- Up-to-date symlink: /home/matikurcze00/dev_ws/src/roszkowski_zajac/install/anro4_interface/include/anro4_interface/srv/detail/op_interpolation__struct.hpp
[0.546s] -- Up-to-date symlink: /home/matikurcze00/dev_ws/src/roszkowski_zajac/install/anro4_interface/include/anro4_interface/srv/detail/op_interpolation__traits.hpp
[0.547s] -- Up-to-date symlink: /home/matikurcze00/dev_ws/src/roszkowski_zajac/install/anro4_interface/include/anro4_interface/srv/interpolation.hpp
[0.547s] -- Up-to-date symlink: /home/matikurcze00/dev_ws/src/roszkowski_zajac/install/anro4_interface/include/anro4_interface/srv/op_interpolation.hpp
[0.548s] -- Up-to-date symlink: /home/matikurcze00/dev_ws/src/roszkowski_zajac/install/anro4_interface/include/anro4_interface/srv/detail/interpolation__rosidl_typesupport_introspection_cpp.hpp
[0.550s] -- Up-to-date symlink: /home/matikurcze00/dev_ws/src/roszkowski_zajac/install/anro4_interface/include/anro4_interface/srv/detail/op_interpolation__rosidl_typesupport_introspection_cpp.hpp
[0.550s] -- Up-to-date symlink: /home/matikurcze00/dev_ws/src/roszkowski_zajac/install/anro4_interface/share/anro4_interface/environment/pythonpath.sh
[0.550s] -- Up-to-date symlink: /home/matikurcze00/dev_ws/src/roszkowski_zajac/install/anro4_interface/share/anro4_interface/environment/pythonpath.dsv
[0.550s] -- Up-to-date symlink: /home/matikurcze00/dev_ws/src/roszkowski_zajac/install/anro4_interface/lib/python3.8/site-packages/anro4_interface/__init__.py
[0.551s] -- Up-to-date symlink: /home/matikurcze00/dev_ws/src/roszkowski_zajac/install/anro4_interface/lib/python3.8/site-packages/anro4_interface/srv/__init__.py
[0.552s] -- Up-to-date symlink: /home/matikurcze00/dev_ws/src/roszkowski_zajac/install/anro4_interface/lib/python3.8/site-packages/anro4_interface/srv/_interpolation.py
[0.552s] -- Up-to-date symlink: /home/matikurcze00/dev_ws/src/roszkowski_zajac/install/anro4_interface/lib/python3.8/site-packages/anro4_interface/srv/_op_interpolation.py
[0.553s] -- Up-to-date symlink: /home/matikurcze00/dev_ws/src/roszkowski_zajac/install/anro4_interface/lib/python3.8/site-packages/anro4_interface/anro4_interface_s__rosidl_typesupport_fastrtps_c.cpython-38-x86_64-linux-gnu.so
[0.553s] -- Up-to-date symlink: /home/matikurcze00/dev_ws/src/roszkowski_zajac/install/anro4_interface/lib/python3.8/site-packages/anro4_interface/anro4_interface_s__rosidl_typesupport_introspection_c.cpython-38-x86_64-linux-gnu.so
[0.554s] -- Up-to-date symlink: /home/matikurcze00/dev_ws/src/roszkowski_zajac/install/anro4_interface/lib/python3.8/site-packages/anro4_interface/anro4_interface_s__rosidl_typesupport_c.cpython-38-x86_64-linux-gnu.so
[0.555s] -- Up-to-date symlink: /home/matikurcze00/dev_ws/src/roszkowski_zajac/install/anro4_interface/lib/libanro4_interface__python.so
[0.556s] -- Up-to-date symlink: /home/matikurcze00/dev_ws/src/roszkowski_zajac/install/anro4_interface/share/anro4_interface/srv/Interpolation.idl
[0.556s] -- Up-to-date symlink: /home/matikurcze00/dev_ws/src/roszkowski_zajac/install/anro4_interface/share/anro4_interface/srv/OpInterpolation.idl
[0.557s] -- Up-to-date symlink: /home/matikurcze00/dev_ws/src/roszkowski_zajac/install/anro4_interface/share/anro4_interface/srv/Interpolation.srv
[0.557s] -- Up-to-date symlink: /home/matikurcze00/dev_ws/src/roszkowski_zajac/install/anro4_interface/share/anro4_interface/srv/Interpolation_Request.msg
[0.558s] -- Up-to-date symlink: /home/matikurcze00/dev_ws/src/roszkowski_zajac/install/anro4_interface/share/anro4_interface/srv/Interpolation_Response.msg
[0.558s] -- Up-to-date symlink: /home/matikurcze00/dev_ws/src/roszkowski_zajac/install/anro4_interface/share/anro4_interface/srv/OpInterpolation.srv
[0.559s] -- Up-to-date symlink: /home/matikurcze00/dev_ws/src/roszkowski_zajac/install/anro4_interface/share/anro4_interface/srv/OpInterpolation_Request.msg
[0.559s] -- Up-to-date symlink: /home/matikurcze00/dev_ws/src/roszkowski_zajac/install/anro4_interface/share/anro4_interface/srv/OpInterpolation_Response.msg
[0.560s] -- Up-to-date symlink: /home/matikurcze00/dev_ws/src/roszkowski_zajac/install/anro4_interface/share/ament_index/resource_index/package_run_dependencies/anro4_interface
[0.560s] -- Up-to-date symlink: /home/matikurcze00/dev_ws/src/roszkowski_zajac/install/anro4_interface/share/ament_index/resource_index/parent_prefix_path/anro4_interface
[0.561s] -- Up-to-date symlink: /home/matikurcze00/dev_ws/src/roszkowski_zajac/install/anro4_interface/share/anro4_interface/environment/ament_prefix_path.sh
[0.561s] -- Up-to-date symlink: /home/matikurcze00/dev_ws/src/roszkowski_zajac/install/anro4_interface/share/anro4_interface/environment/ament_prefix_path.dsv
[0.562s] -- Up-to-date symlink: /home/matikurcze00/dev_ws/src/roszkowski_zajac/install/anro4_interface/share/anro4_interface/environment/path.sh
[0.562s] -- Up-to-date symlink: /home/matikurcze00/dev_ws/src/roszkowski_zajac/install/anro4_interface/share/anro4_interface/environment/path.dsv
[0.563s] -- Up-to-date symlink: /home/matikurcze00/dev_ws/src/roszkowski_zajac/install/anro4_interface/share/anro4_interface/local_setup.bash
[0.563s] -- Up-to-date symlink: /home/matikurcze00/dev_ws/src/roszkowski_zajac/install/anro4_interface/share/anro4_interface/local_setup.sh
[0.565s] -- Up-to-date symlink: /home/matikurcze00/dev_ws/src/roszkowski_zajac/install/anro4_interface/share/anro4_interface/local_setup.zsh
[0.565s] -- Up-to-date symlink: /home/matikurcze00/dev_ws/src/roszkowski_zajac/install/anro4_interface/share/anro4_interface/local_setup.dsv
[0.565s] -- Symlinking: /home/matikurcze00/dev_ws/src/roszkowski_zajac/install/anro4_interface/share/anro4_interface/package.dsv
[0.577s] -- Up-to-date symlink: /home/matikurcze00/dev_ws/src/roszkowski_zajac/install/anro4_interface/share/ament_index/resource_index/packages/anro4_interface
[0.577s] -- Up-to-date symlink: /home/matikurcze00/dev_ws/src/roszkowski_zajac/install/anro4_interface/share/anro4_interface/cmake/rosidl_cmake-extras.cmake
[0.578s] -- Up-to-date symlink: /home/matikurcze00/dev_ws/src/roszkowski_zajac/install/anro4_interface/share/anro4_interface/cmake/ament_cmake_export_dependencies-extras.cmake
[0.578s] -- Up-to-date symlink: /home/matikurcze00/dev_ws/src/roszkowski_zajac/install/anro4_interface/share/anro4_interface/cmake/ament_cmake_export_libraries-extras.cmake
[0.578s] -- Up-to-date symlink: /home/matikurcze00/dev_ws/src/roszkowski_zajac/install/anro4_interface/share/anro4_interface/cmake/ament_cmake_export_targets-extras.cmake
[0.579s] -- Up-to-date symlink: /home/matikurcze00/dev_ws/src/roszkowski_zajac/install/anro4_interface/share/anro4_interface/cmake/ament_cmake_export_include_directories-extras.cmake
[0.579s] -- Up-to-date symlink: /home/matikurcze00/dev_ws/src/roszkowski_zajac/install/anro4_interface/share/anro4_interface/cmake/rosidl_cmake_export_typesupport_libraries-extras.cmake
[0.580s] -- Up-to-date symlink: /home/matikurcze00/dev_ws/src/roszkowski_zajac/install/anro4_interface/share/anro4_interface/cmake/rosidl_cmake_export_typesupport_targets-extras.cmake
[0.580s] -- Up-to-date symlink: /home/matikurcze00/dev_ws/src/roszkowski_zajac/install/anro4_interface/share/anro4_interface/cmake/anro4_interfaceConfig.cmake
[0.581s] -- Up-to-date symlink: /home/matikurcze00/dev_ws/src/roszkowski_zajac/install/anro4_interface/share/anro4_interface/cmake/anro4_interfaceConfig-version.cmake
[0.581s] -- Up-to-date symlink: /home/matikurcze00/dev_ws/src/roszkowski_zajac/install/anro4_interface/share/anro4_interface/package.xml
[0.582s] -- Up-to-date: /home/matikurcze00/dev_ws/src/roszkowski_zajac/install/anro4_interface/lib/libanro4_interface__rosidl_generator_c.so
[0.583s] -- Up-to-date: /home/matikurcze00/dev_ws/src/roszkowski_zajac/install/anro4_interface/lib/libanro4_interface__rosidl_typesupport_introspection_c.so
[0.584s] -- Up-to-date: /home/matikurcze00/dev_ws/src/roszkowski_zajac/install/anro4_interface/lib/libanro4_interface__rosidl_typesupport_c.so
[0.585s] -- Up-to-date: /home/matikurcze00/dev_ws/src/roszkowski_zajac/install/anro4_interface/lib/libanro4_interface__rosidl_typesupport_introspection_cpp.so
[0.586s] -- Up-to-date: /home/matikurcze00/dev_ws/src/roszkowski_zajac/install/anro4_interface/lib/libanro4_interface__rosidl_typesupport_cpp.so
[0.636s] -- Up-to-date: /home/matikurcze00/dev_ws/src/roszkowski_zajac/install/anro4_interface/share/anro4_interface/cmake/anro4_interface__rosidl_generator_cExport.cmake
[0.636s] -- Up-to-date: /home/matikurcze00/dev_ws/src/roszkowski_zajac/install/anro4_interface/share/anro4_interface/cmake/anro4_interface__rosidl_generator_cExport-noconfig.cmake
[0.637s] -- Up-to-date: /home/matikurcze00/dev_ws/src/roszkowski_zajac/install/anro4_interface/share/anro4_interface/cmake/anro4_interface__rosidl_typesupport_introspection_cExport.cmake
[0.637s] -- Up-to-date: /home/matikurcze00/dev_ws/src/roszkowski_zajac/install/anro4_interface/share/anro4_interface/cmake/anro4_interface__rosidl_typesupport_introspection_cExport-noconfig.cmake
[0.637s] -- Up-to-date: /home/matikurcze00/dev_ws/src/roszkowski_zajac/install/anro4_interface/share/anro4_interface/cmake/anro4_interface__rosidl_typesupport_cExport.cmake
[0.638s] -- Up-to-date: /home/matikurcze00/dev_ws/src/roszkowski_zajac/install/anro4_interface/share/anro4_interface/cmake/anro4_interface__rosidl_typesupport_cExport-noconfig.cmake
[0.638s] -- Up-to-date: /home/matikurcze00/dev_ws/src/roszkowski_zajac/install/anro4_interface/share/anro4_interface/cmake/anro4_interface__rosidl_generator_cppExport.cmake
[0.638s] -- Up-to-date: /home/matikurcze00/dev_ws/src/roszkowski_zajac/install/anro4_interface/share/anro4_interface/cmake/anro4_interface__rosidl_typesupport_introspection_cppExport.cmake
[0.639s] -- Up-to-date: /home/matikurcze00/dev_ws/src/roszkowski_zajac/install/anro4_interface/share/anro4_interface/cmake/anro4_interface__rosidl_typesupport_introspection_cppExport-noconfig.cmake
[0.639s] -- Up-to-date: /home/matikurcze00/dev_ws/src/roszkowski_zajac/install/anro4_interface/share/anro4_interface/cmake/anro4_interface__rosidl_typesupport_cppExport.cmake
[0.639s] -- Up-to-date: /home/matikurcze00/dev_ws/src/roszkowski_zajac/install/anro4_interface/share/anro4_interface/cmake/anro4_interface__rosidl_typesupport_cppExport-noconfig.cmake
[0.643s] Invoked command in '/home/matikurcze00/dev_ws/src/roszkowski_zajac/build/anro4_interface' returned '0': CMAKE_PREFIX_PATH=/opt/ros/foxy /usr/bin/cmake --install /home/matikurcze00/dev_ws/src/roszkowski_zajac/build/anro4_interface
