running egg_info
creating ../build/changed_keys_anrolab1/changed_keys_anrolab1.egg-info
writing ../build/changed_keys_anrolab1/changed_keys_anrolab1.egg-info/PKG-INFO
writing dependency_links to ../build/changed_keys_anrolab1/changed_keys_anrolab1.egg-info/dependency_links.txt
writing entry points to ../build/changed_keys_anrolab1/changed_keys_anrolab1.egg-info/entry_points.txt
writing requirements to ../build/changed_keys_anrolab1/changed_keys_anrolab1.egg-info/requires.txt
writing top-level names to ../build/changed_keys_anrolab1/changed_keys_anrolab1.egg-info/top_level.txt
writing manifest file '../build/changed_keys_anrolab1/changed_keys_anrolab1.egg-info/SOURCES.txt'
reading manifest file '../build/changed_keys_anrolab1/changed_keys_anrolab1.egg-info/SOURCES.txt'
writing manifest file '../build/changed_keys_anrolab1/changed_keys_anrolab1.egg-info/SOURCES.txt'
running build
running build_py
creating /home/matikurcze00/dev_ws/src/roszkowski_zajac/build/changed_keys_anrolab1/build
creating /home/matikurcze00/dev_ws/src/roszkowski_zajac/build/changed_keys_anrolab1/build/lib
creating /home/matikurcze00/dev_ws/src/roszkowski_zajac/build/changed_keys_anrolab1/build/lib/changed_keys_anrolab1
copying changed_keys_anrolab1/Movement_publisher.py -> /home/matikurcze00/dev_ws/src/roszkowski_zajac/build/changed_keys_anrolab1/build/lib/changed_keys_anrolab1
copying changed_keys_anrolab1/__init__.py -> /home/matikurcze00/dev_ws/src/roszkowski_zajac/build/changed_keys_anrolab1/build/lib/changed_keys_anrolab1
running install
running install_lib
creating /home/matikurcze00/dev_ws/src/roszkowski_zajac/install/changed_keys_anrolab1/lib/python3.8/site-packages/changed_keys_anrolab1
copying /home/matikurcze00/dev_ws/src/roszkowski_zajac/build/changed_keys_anrolab1/build/lib/changed_keys_anrolab1/Movement_publisher.py -> /home/matikurcze00/dev_ws/src/roszkowski_zajac/install/changed_keys_anrolab1/lib/python3.8/site-packages/changed_keys_anrolab1
copying /home/matikurcze00/dev_ws/src/roszkowski_zajac/build/changed_keys_anrolab1/build/lib/changed_keys_anrolab1/__init__.py -> /home/matikurcze00/dev_ws/src/roszkowski_zajac/install/changed_keys_anrolab1/lib/python3.8/site-packages/changed_keys_anrolab1
byte-compiling /home/matikurcze00/dev_ws/src/roszkowski_zajac/install/changed_keys_anrolab1/lib/python3.8/site-packages/changed_keys_anrolab1/Movement_publisher.py to Movement_publisher.cpython-38.pyc
byte-compiling /home/matikurcze00/dev_ws/src/roszkowski_zajac/install/changed_keys_anrolab1/lib/python3.8/site-packages/changed_keys_anrolab1/__init__.py to __init__.cpython-38.pyc
running install_data
creating /home/matikurcze00/dev_ws/src/roszkowski_zajac/install/changed_keys_anrolab1/share/ament_index
creating /home/matikurcze00/dev_ws/src/roszkowski_zajac/install/changed_keys_anrolab1/share/ament_index/resource_index
creating /home/matikurcze00/dev_ws/src/roszkowski_zajac/install/changed_keys_anrolab1/share/ament_index/resource_index/packages
error: can't copy 'resource/changed_keys_anrolab1': doesn't exist or not a regular file
