[0.351s] Invoking command in '/home/matikurcze00/dev_ws/src/roszkowski_zajac/build/anro4': AMENT_PREFIX_PATH=/home/matikurcze00/dev_ws/src/roszkowski_zajac/install/anro4_interface:${AMENT_PREFIX_PATH} CMAKE_PREFIX_PATH=/home/matikurcze00/dev_ws/src/roszkowski_zajac/install/anro4_interface LD_LIBRARY_PATH=/home/matikurcze00/dev_ws/src/roszkowski_zajac/install/anro4_interface/lib:${LD_LIBRARY_PATH} PYTHONPATH=/home/matikurcze00/dev_ws/src/roszkowski_zajac/install/anro4/lib/python3.8/site-packages:/home/matikurcze00/dev_ws/src/roszkowski_zajac/install/anro4_interface/lib/python3.8/site-packages:${PYTHONPATH} /usr/bin/python3 setup.py develop --prefix /home/matikurcze00/dev_ws/src/roszkowski_zajac/install/anro4 --editable --build-directory /home/matikurcze00/dev_ws/src/roszkowski_zajac/build/anro4/build --no-deps install_data --install-dir /home/matikurcze00/dev_ws/src/roszkowski_zajac/install/anro4
[0.671s] running develop
[0.840s] running egg_info
[0.840s] writing anro4.egg-info/PKG-INFO
[0.841s] writing dependency_links to anro4.egg-info/dependency_links.txt
[0.841s] writing entry points to anro4.egg-info/entry_points.txt
[0.841s] writing requirements to anro4.egg-info/requires.txt
[0.841s] writing top-level names to anro4.egg-info/top_level.txt
[0.889s] reading manifest file 'anro4.egg-info/SOURCES.txt'
[0.890s] writing manifest file 'anro4.egg-info/SOURCES.txt'
[0.946s] running build_ext
[0.946s] Creating /home/matikurcze00/dev_ws/src/roszkowski_zajac/install/anro4/lib/python3.8/site-packages/anro4.egg-link (link to .)
[0.948s] Installing interpolation_client script to /home/matikurcze00/dev_ws/src/roszkowski_zajac/install/anro4/lib/anro4
[0.948s] Installing interpolation_service script to /home/matikurcze00/dev_ws/src/roszkowski_zajac/install/anro4/lib/anro4
[0.949s] Installing op_client script to /home/matikurcze00/dev_ws/src/roszkowski_zajac/install/anro4/lib/anro4
[0.949s] Installing op_service script to /home/matikurcze00/dev_ws/src/roszkowski_zajac/install/anro4/lib/anro4
[0.949s] 
[0.949s] Installed /home/matikurcze00/dev_ws/src/roszkowski_zajac/build/anro4
[0.950s] running install_data
[0.950s] copying launch/oint.launch.py -> /home/matikurcze00/dev_ws/src/roszkowski_zajac/install/anro4/share/anro4
[0.951s] copying urdf/robot_arm_move.urdf.xacro.xml -> /home/matikurcze00/dev_ws/src/roszkowski_zajac/install/anro4/share/anro4
[0.951s] copying urdf/urdf_wyniki.yaml -> /home/matikurcze00/dev_ws/src/roszkowski_zajac/install/anro4/share/anro4
[0.951s] error: can't copy 'anro4/__pycache__': doesn't exist or not a regular file
[0.985s] Invoked command in '/home/matikurcze00/dev_ws/src/roszkowski_zajac/build/anro4' returned '1': AMENT_PREFIX_PATH=/home/matikurcze00/dev_ws/src/roszkowski_zajac/install/anro4_interface:${AMENT_PREFIX_PATH} CMAKE_PREFIX_PATH=/home/matikurcze00/dev_ws/src/roszkowski_zajac/install/anro4_interface LD_LIBRARY_PATH=/home/matikurcze00/dev_ws/src/roszkowski_zajac/install/anro4_interface/lib:${LD_LIBRARY_PATH} PYTHONPATH=/home/matikurcze00/dev_ws/src/roszkowski_zajac/install/anro4/lib/python3.8/site-packages:/home/matikurcze00/dev_ws/src/roszkowski_zajac/install/anro4_interface/lib/python3.8/site-packages:${PYTHONPATH} /usr/bin/python3 setup.py develop --prefix /home/matikurcze00/dev_ws/src/roszkowski_zajac/install/anro4 --editable --build-directory /home/matikurcze00/dev_ws/src/roszkowski_zajac/build/anro4/build --no-deps install_data --install-dir /home/matikurcze00/dev_ws/src/roszkowski_zajac/install/anro4
