[0.016s] Invoking command in '/home/matikurcze00/dev_ws/src/roszkowski_zajac/build/anro4_interface': CMAKE_PREFIX_PATH=/opt/ros/foxy /usr/bin/cmake /home/matikurcze00/dev_ws/src/roszkowski_zajac/anro4_interface -DAMENT_CMAKE_SYMLINK_INSTALL=1 -DCMAKE_INSTALL_PREFIX=/home/matikurcze00/dev_ws/src/roszkowski_zajac/install/anro4_interface
[0.181s] -- The C compiler identification is GNU 9.3.0
[0.341s] -- The CXX compiler identification is GNU 9.3.0
[0.350s] -- Check for working C compiler: /usr/bin/cc
[0.437s] -- Check for working C compiler: /usr/bin/cc -- works
[0.438s] -- Detecting C compiler ABI info
[0.527s] -- Detecting C compiler ABI info - done
[0.546s] -- Detecting C compile features
[0.547s] -- Detecting C compile features - done
[0.553s] -- Check for working CXX compiler: /usr/bin/c++
[0.659s] -- Check for working CXX compiler: /usr/bin/c++ -- works
[0.660s] -- Detecting CXX compiler ABI info
[0.771s] -- Detecting CXX compiler ABI info - done
[0.796s] -- Detecting CXX compile features
[0.797s] -- Detecting CXX compile features - done
[0.805s] -- Found ament_cmake: 0.9.8 (/opt/ros/foxy/share/ament_cmake/cmake)
[0.839s] -- Found PythonInterp: /usr/bin/python3 (found suitable version "3.8.5", minimum required is "3") 
[0.839s] -- Using PYTHON_EXECUTABLE: /usr/bin/python3
[1.062s] -- Override CMake install command with custom implementation using symlinks instead of copying resources
[1.096s] -- Found rosidl_default_generators: 1.0.0 (/opt/ros/foxy/share/rosidl_default_generators/cmake)
[1.102s] -- Using all available rosidl_typesupport_c: rosidl_typesupport_fastrtps_c;rosidl_typesupport_introspection_c
[1.113s] -- Found rosidl_adapter: 1.2.0 (/opt/ros/foxy/share/rosidl_adapter/cmake)
[1.254s] -- Found OpenSSL: /usr/lib/x86_64-linux-gnu/libcrypto.so (found version "1.1.1f")  
[1.291s] -- Found FastRTPS: /opt/ros/foxy/include  
[1.397s] -- Using all available rosidl_typesupport_cpp: rosidl_typesupport_fastrtps_cpp;rosidl_typesupport_introspection_cpp
[1.467s] -- Found PythonInterp: /usr/bin/python3 (found version "3.8.5") 
[1.628s] CMake Error at /opt/ros/foxy/share/ament_cmake_core/cmake/core/ament_package_xml.cmake:53 (message):
[1.628s]   ament_package_xml() package name 'anro4_interface' in '/package.xml' does
[1.629s]   not match current PROJECT_NAME 'zadanie4_interface'.  You must call
[1.629s]   project() with the same package name before.
[1.629s] Call Stack (most recent call first):
[1.629s]   /opt/ros/foxy/share/rosidl_cmake/cmake/rosidl_generate_interfaces.cmake:226 (ament_package_xml)
[1.629s]   CMakeLists.txt:16 (rosidl_generate_interfaces)
[1.629s] 
[1.629s] 
[1.630s] -- Configuring incomplete, errors occurred!
[1.631s] See also "/home/matikurcze00/dev_ws/src/roszkowski_zajac/build/anro4_interface/CMakeFiles/CMakeOutput.log".
[1.641s] Invoked command in '/home/matikurcze00/dev_ws/src/roszkowski_zajac/build/anro4_interface' returned '1': CMAKE_PREFIX_PATH=/opt/ros/foxy /usr/bin/cmake /home/matikurcze00/dev_ws/src/roszkowski_zajac/anro4_interface -DAMENT_CMAKE_SYMLINK_INSTALL=1 -DCMAKE_INSTALL_PREFIX=/home/matikurcze00/dev_ws/src/roszkowski_zajac/install/anro4_interface
