[0.021s] Invoking command in '/home/matikurcze00/dev_ws/src/roszkowski_zajac/build/anro4_interface': CMAKE_PREFIX_PATH=${CMAKE_PREFIX_PATH}:/home/matikurcze00/dev_ws/src/roszkowski_zajac/install/anro4:/opt/ros/foxy /usr/bin/cmake --build /home/matikurcze00/dev_ws/src/roszkowski_zajac/build/anro4_interface -- -j4 -l4
[0.104s] [  2%] Built target anro4_interface__cpp
[0.122s] [ 12%] Built target anro4_interface__rosidl_generator_c
[0.158s] [ 23%] Built target anro4_interface__rosidl_typesupport_cpp
[0.159s] [ 33%] Built target anro4_interface__rosidl_typesupport_introspection_cpp
[0.175s] [ 43%] Built target anro4_interface__rosidl_typesupport_fastrtps_cpp
[0.178s] [ 53%] Built target anro4_interface__rosidl_typesupport_introspection_c
[0.193s] [ 64%] Built target anro4_interface__rosidl_typesupport_c
[0.213s] [ 74%] Built target anro4_interface__rosidl_typesupport_fastrtps_c
[0.244s] [ 74%] Built target anro4_interface
[0.273s] [ 76%] Built target anro4_interface__py
[0.308s] [ 84%] Built target anro4_interface__python
[0.362s] [ 89%] Built target anro4_interface__rosidl_typesupport_introspection_c__pyext
[0.367s] [ 94%] Built target anro4_interface__rosidl_typesupport_fastrtps_c__pyext
[0.368s] [100%] Built target anro4_interface__rosidl_typesupport_c__pyext
[0.384s] Invoked command in '/home/matikurcze00/dev_ws/src/roszkowski_zajac/build/anro4_interface' returned '0': CMAKE_PREFIX_PATH=${CMAKE_PREFIX_PATH}:/home/matikurcze00/dev_ws/src/roszkowski_zajac/install/anro4:/opt/ros/foxy /usr/bin/cmake --build /home/matikurcze00/dev_ws/src/roszkowski_zajac/build/anro4_interface -- -j4 -l4
[0.489s] Invoking command in '/home/matikurcze00/dev_ws/src/roszkowski_zajac/build/anro4_interface': CMAKE_PREFIX_PATH=${CMAKE_PREFIX_PATH}:/home/matikurcze00/dev_ws/src/roszkowski_zajac/install/anro4:/opt/ros/foxy /usr/bin/cmake --install /home/matikurcze00/dev_ws/src/roszkowski_zajac/build/anro4_interface
[0.501s] -- Install configuration: ""
[0.502s] -- Execute custom install script
[0.503s] -- Up-to-date symlink: /home/matikurcze00/dev_ws/src/roszkowski_zajac/install/anro4_interface/share/ament_index/resource_index/rosidl_interfaces/anro4_interface
[0.504s] -- Up-to-date symlink: /home/matikurcze00/dev_ws/src/roszkowski_zajac/install/anro4_interface/include/anro4_interface/msg/rosidl_generator_c__visibility_control.h
[0.505s] -- Up-to-date symlink: /home/matikurcze00/dev_ws/src/roszkowski_zajac/install/anro4_interface/include/anro4_interface/srv/detail/interpolation__functions.h
[0.505s] -- Up-to-date symlink: /home/matikurcze00/dev_ws/src/roszkowski_zajac/install/anro4_interface/include/anro4_interface/srv/detail/interpolation__struct.h
[0.505s] -- Up-to-date symlink: /home/matikurcze00/dev_ws/src/roszkowski_zajac/install/anro4_interface/include/anro4_interface/srv/detail/interpolation__type_support.h
[0.506s] -- Up-to-date symlink: /home/matikurcze00/dev_ws/src/roszkowski_zajac/install/anro4_interface/include/anro4_interface/srv/detail/op_interpolation__functions.h
[0.506s] -- Up-to-date symlink: /home/matikurcze00/dev_ws/src/roszkowski_zajac/install/anro4_interface/include/anro4_interface/srv/detail/op_interpolation__struct.h
[0.507s] -- Up-to-date symlink: /home/matikurcze00/dev_ws/src/roszkowski_zajac/install/anro4_interface/include/anro4_interface/srv/detail/op_interpolation__type_support.h
[0.507s] -- Up-to-date symlink: /home/matikurcze00/dev_ws/src/roszkowski_zajac/install/anro4_interface/include/anro4_interface/srv/interpolation.h
[0.507s] -- Up-to-date symlink: /home/matikurcze00/dev_ws/src/roszkowski_zajac/install/anro4_interface/include/anro4_interface/srv/op_interpolation.h
[0.508s] -- Up-to-date symlink: /home/matikurcze00/dev_ws/src/roszkowski_zajac/install/anro4_interface/share/anro4_interface/environment/library_path.sh
[0.509s] -- Up-to-date symlink: /home/matikurcze00/dev_ws/src/roszkowski_zajac/install/anro4_interface/share/anro4_interface/environment/library_path.dsv
[0.510s] -- Up-to-date symlink: /home/matikurcze00/dev_ws/src/roszkowski_zajac/install/anro4_interface/include/anro4_interface/msg/rosidl_typesupport_fastrtps_c__visibility_control.h
[0.510s] -- Up-to-date symlink: /home/matikurcze00/dev_ws/src/roszkowski_zajac/install/anro4_interface/include/anro4_interface/srv/detail/interpolation__rosidl_typesupport_fastrtps_c.h
[0.510s] -- Up-to-date symlink: /home/matikurcze00/dev_ws/src/roszkowski_zajac/install/anro4_interface/include/anro4_interface/srv/detail/op_interpolation__rosidl_typesupport_fastrtps_c.h
[0.511s] -- Up-to-date symlink: /home/matikurcze00/dev_ws/src/roszkowski_zajac/install/anro4_interface/lib/libanro4_interface__rosidl_typesupport_fastrtps_c.so
[0.513s] -- Up-to-date symlink: /home/matikurcze00/dev_ws/src/roszkowski_zajac/install/anro4_interface/include/anro4_interface/msg/rosidl_typesupport_fastrtps_cpp__visibility_control.h
[0.513s] -- Up-to-date symlink: /home/matikurcze00/dev_ws/src/roszkowski_zajac/install/anro4_interface/include/anro4_interface/srv/detail/interpolation__rosidl_typesupport_fastrtps_cpp.hpp
[0.513s] -- Up-to-date symlink: /home/matikurcze00/dev_ws/src/roszkowski_zajac/install/anro4_interface/include/anro4_interface/srv/detail/op_interpolation__rosidl_typesupport_fastrtps_cpp.hpp
[0.514s] -- Up-to-date symlink: /home/matikurcze00/dev_ws/src/roszkowski_zajac/install/anro4_interface/lib/libanro4_interface__rosidl_typesupport_fastrtps_cpp.so
[0.516s] -- Up-to-date symlink: /home/matikurcze00/dev_ws/src/roszkowski_zajac/install/anro4_interface/include/anro4_interface/msg/rosidl_typesupport_introspection_c__visibility_control.h
[0.516s] -- Up-to-date symlink: /home/matikurcze00/dev_ws/src/roszkowski_zajac/install/anro4_interface/include/anro4_interface/srv/detail/interpolation__rosidl_typesupport_introspection_c.h
[0.516s] -- Up-to-date symlink: /home/matikurcze00/dev_ws/src/roszkowski_zajac/install/anro4_interface/include/anro4_interface/srv/detail/op_interpolation__rosidl_typesupport_introspection_c.h
[0.517s] -- Up-to-date symlink: /home/matikurcze00/dev_ws/src/roszkowski_zajac/install/anro4_interface/include/anro4_interface/srv/detail/interpolation__builder.hpp
[0.518s] -- Up-to-date symlink: /home/matikurcze00/dev_ws/src/roszkowski_zajac/install/anro4_interface/include/anro4_interface/srv/detail/interpolation__struct.hpp
[0.518s] -- Up-to-date symlink: /home/matikurcze00/dev_ws/src/roszkowski_zajac/install/anro4_interface/include/anro4_interface/srv/detail/interpolation__traits.hpp
[0.518s] -- Up-to-date symlink: /home/matikurcze00/dev_ws/src/roszkowski_zajac/install/anro4_interface/include/anro4_interface/srv/detail/op_interpolation__builder.hpp
[0.519s] -- Up-to-date symlink: /home/matikurcze00/dev_ws/src/roszkowski_zajac/install/anro4_interface/include/anro4_interface/srv/detail/op_interpolation__struct.hpp
[0.519s] -- Up-to-date symlink: /home/matikurcze00/dev_ws/src/roszkowski_zajac/install/anro4_interface/include/anro4_interface/srv/detail/op_interpolation__traits.hpp
[0.519s] -- Up-to-date symlink: /home/matikurcze00/dev_ws/src/roszkowski_zajac/install/anro4_interface/include/anro4_interface/srv/interpolation.hpp
[0.520s] -- Up-to-date symlink: /home/matikurcze00/dev_ws/src/roszkowski_zajac/install/anro4_interface/include/anro4_interface/srv/op_interpolation.hpp
[0.520s] -- Up-to-date symlink: /home/matikurcze00/dev_ws/src/roszkowski_zajac/install/anro4_interface/include/anro4_interface/srv/detail/interpolation__rosidl_typesupport_introspection_cpp.hpp
[0.521s] -- Up-to-date symlink: /home/matikurcze00/dev_ws/src/roszkowski_zajac/install/anro4_interface/include/anro4_interface/srv/detail/op_interpolation__rosidl_typesupport_introspection_cpp.hpp
[0.521s] -- Up-to-date symlink: /home/matikurcze00/dev_ws/src/roszkowski_zajac/install/anro4_interface/share/anro4_interface/environment/pythonpath.sh
[0.522s] -- Up-to-date symlink: /home/matikurcze00/dev_ws/src/roszkowski_zajac/install/anro4_interface/share/anro4_interface/environment/pythonpath.dsv
[0.523s] -- Up-to-date symlink: /home/matikurcze00/dev_ws/src/roszkowski_zajac/install/anro4_interface/lib/python3.8/site-packages/anro4_interface/__init__.py
[0.524s] -- Up-to-date symlink: /home/matikurcze00/dev_ws/src/roszkowski_zajac/install/anro4_interface/lib/python3.8/site-packages/anro4_interface/srv/__init__.py
[0.524s] -- Up-to-date symlink: /home/matikurcze00/dev_ws/src/roszkowski_zajac/install/anro4_interface/lib/python3.8/site-packages/anro4_interface/srv/_interpolation.py
[0.525s] -- Up-to-date symlink: /home/matikurcze00/dev_ws/src/roszkowski_zajac/install/anro4_interface/lib/python3.8/site-packages/anro4_interface/srv/_op_interpolation.py
[0.526s] -- Up-to-date symlink: /home/matikurcze00/dev_ws/src/roszkowski_zajac/install/anro4_interface/lib/python3.8/site-packages/anro4_interface/anro4_interface_s__rosidl_typesupport_fastrtps_c.cpython-38-x86_64-linux-gnu.so
[0.527s] -- Up-to-date symlink: /home/matikurcze00/dev_ws/src/roszkowski_zajac/install/anro4_interface/lib/python3.8/site-packages/anro4_interface/anro4_interface_s__rosidl_typesupport_introspection_c.cpython-38-x86_64-linux-gnu.so
[0.528s] -- Up-to-date symlink: /home/matikurcze00/dev_ws/src/roszkowski_zajac/install/anro4_interface/lib/python3.8/site-packages/anro4_interface/anro4_interface_s__rosidl_typesupport_c.cpython-38-x86_64-linux-gnu.so
[0.529s] -- Up-to-date symlink: /home/matikurcze00/dev_ws/src/roszkowski_zajac/install/anro4_interface/lib/libanro4_interface__python.so
[0.529s] -- Up-to-date symlink: /home/matikurcze00/dev_ws/src/roszkowski_zajac/install/anro4_interface/share/anro4_interface/srv/Interpolation.idl
[0.530s] -- Up-to-date symlink: /home/matikurcze00/dev_ws/src/roszkowski_zajac/install/anro4_interface/share/anro4_interface/srv/OpInterpolation.idl
[0.530s] -- Up-to-date symlink: /home/matikurcze00/dev_ws/src/roszkowski_zajac/install/anro4_interface/share/anro4_interface/srv/Interpolation.srv
[0.531s] -- Up-to-date symlink: /home/matikurcze00/dev_ws/src/roszkowski_zajac/install/anro4_interface/share/anro4_interface/srv/Interpolation_Request.msg
[0.531s] -- Up-to-date symlink: /home/matikurcze00/dev_ws/src/roszkowski_zajac/install/anro4_interface/share/anro4_interface/srv/Interpolation_Response.msg
[0.532s] -- Up-to-date symlink: /home/matikurcze00/dev_ws/src/roszkowski_zajac/install/anro4_interface/share/anro4_interface/srv/OpInterpolation.srv
[0.532s] -- Up-to-date symlink: /home/matikurcze00/dev_ws/src/roszkowski_zajac/install/anro4_interface/share/anro4_interface/srv/OpInterpolation_Request.msg
[0.533s] -- Up-to-date symlink: /home/matikurcze00/dev_ws/src/roszkowski_zajac/install/anro4_interface/share/anro4_interface/srv/OpInterpolation_Response.msg
[0.533s] -- Up-to-date symlink: /home/matikurcze00/dev_ws/src/roszkowski_zajac/install/anro4_interface/share/ament_index/resource_index/package_run_dependencies/anro4_interface
[0.534s] -- Up-to-date symlink: /home/matikurcze00/dev_ws/src/roszkowski_zajac/install/anro4_interface/share/ament_index/resource_index/parent_prefix_path/anro4_interface
[0.535s] -- Up-to-date symlink: /home/matikurcze00/dev_ws/src/roszkowski_zajac/install/anro4_interface/share/anro4_interface/environment/ament_prefix_path.sh
[0.535s] -- Up-to-date symlink: /home/matikurcze00/dev_ws/src/roszkowski_zajac/install/anro4_interface/share/anro4_interface/environment/ament_prefix_path.dsv
[0.536s] -- Up-to-date symlink: /home/matikurcze00/dev_ws/src/roszkowski_zajac/install/anro4_interface/share/anro4_interface/environment/path.sh
[0.536s] -- Up-to-date symlink: /home/matikurcze00/dev_ws/src/roszkowski_zajac/install/anro4_interface/share/anro4_interface/environment/path.dsv
[0.537s] -- Up-to-date symlink: /home/matikurcze00/dev_ws/src/roszkowski_zajac/install/anro4_interface/share/anro4_interface/local_setup.bash
[0.537s] -- Up-to-date symlink: /home/matikurcze00/dev_ws/src/roszkowski_zajac/install/anro4_interface/share/anro4_interface/local_setup.sh
[0.538s] -- Up-to-date symlink: /home/matikurcze00/dev_ws/src/roszkowski_zajac/install/anro4_interface/share/anro4_interface/local_setup.zsh
[0.538s] -- Up-to-date symlink: /home/matikurcze00/dev_ws/src/roszkowski_zajac/install/anro4_interface/share/anro4_interface/local_setup.dsv
[0.539s] -- Symlinking: /home/matikurcze00/dev_ws/src/roszkowski_zajac/install/anro4_interface/share/anro4_interface/package.dsv
[0.551s] -- Up-to-date symlink: /home/matikurcze00/dev_ws/src/roszkowski_zajac/install/anro4_interface/share/ament_index/resource_index/packages/anro4_interface
[0.552s] -- Up-to-date symlink: /home/matikurcze00/dev_ws/src/roszkowski_zajac/install/anro4_interface/share/anro4_interface/cmake/rosidl_cmake-extras.cmake
[0.552s] -- Up-to-date symlink: /home/matikurcze00/dev_ws/src/roszkowski_zajac/install/anro4_interface/share/anro4_interface/cmake/ament_cmake_export_dependencies-extras.cmake
[0.553s] -- Up-to-date symlink: /home/matikurcze00/dev_ws/src/roszkowski_zajac/install/anro4_interface/share/anro4_interface/cmake/ament_cmake_export_libraries-extras.cmake
[0.554s] -- Up-to-date symlink: /home/matikurcze00/dev_ws/src/roszkowski_zajac/install/anro4_interface/share/anro4_interface/cmake/ament_cmake_export_targets-extras.cmake
[0.555s] -- Up-to-date symlink: /home/matikurcze00/dev_ws/src/roszkowski_zajac/install/anro4_interface/share/anro4_interface/cmake/ament_cmake_export_include_directories-extras.cmake
[0.555s] -- Up-to-date symlink: /home/matikurcze00/dev_ws/src/roszkowski_zajac/install/anro4_interface/share/anro4_interface/cmake/rosidl_cmake_export_typesupport_libraries-extras.cmake
[0.556s] -- Up-to-date symlink: /home/matikurcze00/dev_ws/src/roszkowski_zajac/install/anro4_interface/share/anro4_interface/cmake/rosidl_cmake_export_typesupport_targets-extras.cmake
[0.557s] -- Up-to-date symlink: /home/matikurcze00/dev_ws/src/roszkowski_zajac/install/anro4_interface/share/anro4_interface/cmake/anro4_interfaceConfig.cmake
[0.557s] -- Up-to-date symlink: /home/matikurcze00/dev_ws/src/roszkowski_zajac/install/anro4_interface/share/anro4_interface/cmake/anro4_interfaceConfig-version.cmake
[0.557s] -- Up-to-date symlink: /home/matikurcze00/dev_ws/src/roszkowski_zajac/install/anro4_interface/share/anro4_interface/package.xml
[0.558s] -- Up-to-date: /home/matikurcze00/dev_ws/src/roszkowski_zajac/install/anro4_interface/lib/libanro4_interface__rosidl_generator_c.so
[0.559s] -- Up-to-date: /home/matikurcze00/dev_ws/src/roszkowski_zajac/install/anro4_interface/lib/libanro4_interface__rosidl_typesupport_introspection_c.so
[0.559s] -- Up-to-date: /home/matikurcze00/dev_ws/src/roszkowski_zajac/install/anro4_interface/lib/libanro4_interface__rosidl_typesupport_c.so
[0.560s] -- Up-to-date: /home/matikurcze00/dev_ws/src/roszkowski_zajac/install/anro4_interface/lib/libanro4_interface__rosidl_typesupport_introspection_cpp.so
[0.561s] -- Up-to-date: /home/matikurcze00/dev_ws/src/roszkowski_zajac/install/anro4_interface/lib/libanro4_interface__rosidl_typesupport_cpp.so
[0.610s] -- Up-to-date: /home/matikurcze00/dev_ws/src/roszkowski_zajac/install/anro4_interface/share/anro4_interface/cmake/anro4_interface__rosidl_generator_cExport.cmake
[0.610s] -- Up-to-date: /home/matikurcze00/dev_ws/src/roszkowski_zajac/install/anro4_interface/share/anro4_interface/cmake/anro4_interface__rosidl_generator_cExport-noconfig.cmake
[0.610s] -- Up-to-date: /home/matikurcze00/dev_ws/src/roszkowski_zajac/install/anro4_interface/share/anro4_interface/cmake/anro4_interface__rosidl_typesupport_introspection_cExport.cmake
[0.610s] -- Up-to-date: /home/matikurcze00/dev_ws/src/roszkowski_zajac/install/anro4_interface/share/anro4_interface/cmake/anro4_interface__rosidl_typesupport_introspection_cExport-noconfig.cmake
[0.611s] -- Up-to-date: /home/matikurcze00/dev_ws/src/roszkowski_zajac/install/anro4_interface/share/anro4_interface/cmake/anro4_interface__rosidl_typesupport_cExport.cmake
[0.611s] -- Up-to-date: /home/matikurcze00/dev_ws/src/roszkowski_zajac/install/anro4_interface/share/anro4_interface/cmake/anro4_interface__rosidl_typesupport_cExport-noconfig.cmake
[0.611s] -- Up-to-date: /home/matikurcze00/dev_ws/src/roszkowski_zajac/install/anro4_interface/share/anro4_interface/cmake/anro4_interface__rosidl_generator_cppExport.cmake
[0.611s] -- Up-to-date: /home/matikurcze00/dev_ws/src/roszkowski_zajac/install/anro4_interface/share/anro4_interface/cmake/anro4_interface__rosidl_typesupport_introspection_cppExport.cmake
[0.612s] -- Up-to-date: /home/matikurcze00/dev_ws/src/roszkowski_zajac/install/anro4_interface/share/anro4_interface/cmake/anro4_interface__rosidl_typesupport_introspection_cppExport-noconfig.cmake
[0.612s] -- Up-to-date: /home/matikurcze00/dev_ws/src/roszkowski_zajac/install/anro4_interface/share/anro4_interface/cmake/anro4_interface__rosidl_typesupport_cppExport.cmake
[0.612s] -- Up-to-date: /home/matikurcze00/dev_ws/src/roszkowski_zajac/install/anro4_interface/share/anro4_interface/cmake/anro4_interface__rosidl_typesupport_cppExport-noconfig.cmake
[0.616s] Invoked command in '/home/matikurcze00/dev_ws/src/roszkowski_zajac/build/anro4_interface' returned '0': CMAKE_PREFIX_PATH=${CMAKE_PREFIX_PATH}:/home/matikurcze00/dev_ws/src/roszkowski_zajac/install/anro4:/opt/ros/foxy /usr/bin/cmake --install /home/matikurcze00/dev_ws/src/roszkowski_zajac/build/anro4_interface
