[0.347s] Invoking command in '/home/matikurcze00/dev_ws/src/roszkowski_zajac/build/anro4': PYTHONPATH=/home/matikurcze00/dev_ws/src/roszkowski_zajac/install/anro4/lib/python3.8/site-packages:/home/matikurcze00/dev_ws/src/roszkowski_zajac/install/anro4_interface/lib/python3.8/site-packages:/home/matikurcze00/dev_ws/src/roszkowski_zajac/build/anro4:/home/matikurcze00/dev_ws/src/roszkowski_zajac/install/anro4/lib/python3.8/site-packages:/opt/ros/foxy/lib/python3.8/site-packages /usr/bin/python3 setup.py develop --prefix /home/matikurcze00/dev_ws/src/roszkowski_zajac/install/anro4 --editable --build-directory /home/matikurcze00/dev_ws/src/roszkowski_zajac/build/anro4/build --no-deps install_data --install-dir /home/matikurcze00/dev_ws/src/roszkowski_zajac/install/anro4
[0.688s] running develop
[0.865s] running egg_info
[0.866s] writing anro4.egg-info/PKG-INFO
[0.866s] writing dependency_links to anro4.egg-info/dependency_links.txt
[0.866s] writing entry points to anro4.egg-info/entry_points.txt
[0.867s] writing requirements to anro4.egg-info/requires.txt
[0.867s] writing top-level names to anro4.egg-info/top_level.txt
[0.909s] reading manifest file 'anro4.egg-info/SOURCES.txt'
[0.910s] writing manifest file 'anro4.egg-info/SOURCES.txt'
[0.961s] running build_ext
[0.962s] Creating /home/matikurcze00/dev_ws/src/roszkowski_zajac/install/anro4/lib/python3.8/site-packages/anro4.egg-link (link to .)
[0.963s] Installing interpolation_client script to /home/matikurcze00/dev_ws/src/roszkowski_zajac/install/anro4/lib/anro4
[0.964s] Installing interpolation_service script to /home/matikurcze00/dev_ws/src/roszkowski_zajac/install/anro4/lib/anro4
[0.964s] Installing op_client script to /home/matikurcze00/dev_ws/src/roszkowski_zajac/install/anro4/lib/anro4
[0.964s] Installing op_service script to /home/matikurcze00/dev_ws/src/roszkowski_zajac/install/anro4/lib/anro4
[0.965s] 
[0.965s] Installed /home/matikurcze00/dev_ws/src/roszkowski_zajac/build/anro4
[0.965s] running install_data
[0.965s] copying launch/oint.launch.py -> /home/matikurcze00/dev_ws/src/roszkowski_zajac/install/anro4/share/anro4
[0.966s] copying launch/jint.launch.py -> /home/matikurcze00/dev_ws/src/roszkowski_zajac/install/anro4/share/anro4
[0.966s] copying launch/anro4.launch.py -> /home/matikurcze00/dev_ws/src/roszkowski_zajac/install/anro4/share/anro4
[0.966s] copying anro4/oint.py -> /home/matikurcze00/dev_ws/src/roszkowski_zajac/install/anro4/share/anro4
[0.966s] copying anro4/axis.rviz -> /home/matikurcze00/dev_ws/src/roszkowski_zajac/install/anro4/share/anro4
[1.003s] Invoked command in '/home/matikurcze00/dev_ws/src/roszkowski_zajac/build/anro4' returned '0': PYTHONPATH=/home/matikurcze00/dev_ws/src/roszkowski_zajac/install/anro4/lib/python3.8/site-packages:/home/matikurcze00/dev_ws/src/roszkowski_zajac/install/anro4_interface/lib/python3.8/site-packages:/home/matikurcze00/dev_ws/src/roszkowski_zajac/build/anro4:/home/matikurcze00/dev_ws/src/roszkowski_zajac/install/anro4/lib/python3.8/site-packages:/opt/ros/foxy/lib/python3.8/site-packages /usr/bin/python3 setup.py develop --prefix /home/matikurcze00/dev_ws/src/roszkowski_zajac/install/anro4 --editable --build-directory /home/matikurcze00/dev_ws/src/roszkowski_zajac/build/anro4/build --no-deps install_data --install-dir /home/matikurcze00/dev_ws/src/roszkowski_zajac/install/anro4
