[0.664s] Invoking command in '/home/matikurcze00/dev_ws/src/roszkowski_zajac/build/anro2': PYTHONPATH=/home/matikurcze00/dev_ws/src/roszkowski_zajac/install/anro2/lib/python3.8/site-packages:${PYTHONPATH} /usr/bin/python3 setup.py develop --prefix /home/matikurcze00/dev_ws/src/roszkowski_zajac/install/anro2 --editable --build-directory /home/matikurcze00/dev_ws/src/roszkowski_zajac/build/anro2/build --no-deps install_data --install-dir /home/matikurcze00/dev_ws/src/roszkowski_zajac/install/anro2
[1.201s] running develop
[1.451s] running egg_info
[1.451s] creating anro2.egg-info
[1.452s] writing anro2.egg-info/PKG-INFO
[1.452s] writing dependency_links to anro2.egg-info/dependency_links.txt
[1.452s] writing entry points to anro2.egg-info/entry_points.txt
[1.453s] writing requirements to anro2.egg-info/requires.txt
[1.453s] writing top-level names to anro2.egg-info/top_level.txt
[1.454s] writing manifest file 'anro2.egg-info/SOURCES.txt'
[1.511s] reading manifest file 'anro2.egg-info/SOURCES.txt'
[1.512s] writing manifest file 'anro2.egg-info/SOURCES.txt'
[1.572s] running build_ext
[1.572s] Creating /home/matikurcze00/dev_ws/src/roszkowski_zajac/install/anro2/lib/python3.8/site-packages/site.py
[1.577s] Creating /home/matikurcze00/dev_ws/src/roszkowski_zajac/install/anro2/lib/python3.8/site-packages/anro2.egg-link (link to .)
[1.579s] Installing state_publisher script to /home/matikurcze00/dev_ws/src/roszkowski_zajac/install/anro2/lib/anro2
[1.580s] 
[1.580s] Installed /home/matikurcze00/dev_ws/src/roszkowski_zajac/build/anro2
[1.581s] running install_data
[1.582s] creating /home/matikurcze00/dev_ws/src/roszkowski_zajac/install/anro2/share/ament_index
[1.582s] creating /home/matikurcze00/dev_ws/src/roszkowski_zajac/install/anro2/share/ament_index/resource_index
[1.583s] creating /home/matikurcze00/dev_ws/src/roszkowski_zajac/install/anro2/share/ament_index/resource_index/packages
[1.583s] copying resource/anro2 -> /home/matikurcze00/dev_ws/src/roszkowski_zajac/install/anro2/share/ament_index/resource_index/packages
[1.584s] copying package.xml -> /home/matikurcze00/dev_ws/src/roszkowski_zajac/install/anro2/share/anro2
[1.584s] copying launch/demo_move.launch.py -> /home/matikurcze00/dev_ws/src/roszkowski_zajac/install/anro2/share/anro2
[1.585s] copying launch/rviz.launch.py -> /home/matikurcze00/dev_ws/src/roszkowski_zajac/install/anro2/share/anro2
[1.585s] copying launch/demo.launch.py -> /home/matikurcze00/dev_ws/src/roszkowski_zajac/install/anro2/share/anro2
[1.585s] copying urdf/dh_to_rpy.py -> /home/matikurcze00/dev_ws/src/roszkowski_zajac/install/anro2/share/anro2
[1.585s] copying urdf/robot_arm_move.urdf.xacro.xml -> /home/matikurcze00/dev_ws/src/roszkowski_zajac/install/anro2/share/anro2
[1.585s] copying urdf/urdf_wyniki.yaml -> /home/matikurcze00/dev_ws/src/roszkowski_zajac/install/anro2/share/anro2
[1.586s] copying urdf/robot_arm.urdf.xacro.xml -> /home/matikurcze00/dev_ws/src/roszkowski_zajac/install/anro2/share/anro2
[1.645s] Invoked command in '/home/matikurcze00/dev_ws/src/roszkowski_zajac/build/anro2' returned '0': PYTHONPATH=/home/matikurcze00/dev_ws/src/roszkowski_zajac/install/anro2/lib/python3.8/site-packages:${PYTHONPATH} /usr/bin/python3 setup.py develop --prefix /home/matikurcze00/dev_ws/src/roszkowski_zajac/install/anro2 --editable --build-directory /home/matikurcze00/dev_ws/src/roszkowski_zajac/build/anro2/build --no-deps install_data --install-dir /home/matikurcze00/dev_ws/src/roszkowski_zajac/install/anro2
