[0.178s] DEBUG:colcon:Command line arguments: ['/usr/bin/colcon', 'build', '--symlink-install', '--packages-select', 'anro4_interface']
[0.179s] DEBUG:colcon:Parsed command line arguments: Namespace(ament_cmake_args=None, base_paths=['.'], build_base='build', catkin_cmake_args=None, catkin_skip_building_tests=False, cmake_args=None, cmake_clean_cache=False, cmake_clean_first=False, cmake_force_configure=False, cmake_target=None, cmake_target_skip_unavailable=False, continue_on_error=False, event_handlers=None, executor='parallel', ignore_user_meta=False, install_base='install', log_base=None, log_level=None, main=<bound method BuildVerb.main of <colcon_core.verb.build.BuildVerb object at 0x7f31e5e4a2b0>>, merge_install=False, metas=['./colcon.meta'], packages_above=None, packages_above_and_dependencies=None, packages_above_depth=None, packages_end=None, packages_ignore=None, packages_ignore_regex=None, packages_select=['anro4_interface'], packages_select_build_failed=False, packages_select_by_dep=None, packages_select_regex=None, packages_select_test_failures=False, packages_skip=None, packages_skip_build_finished=False, packages_skip_by_dep=None, packages_skip_regex=None, packages_skip_test_passed=False, packages_skip_up_to=None, packages_start=None, packages_up_to=None, packages_up_to_regex=None, parallel_workers=4, paths=None, symlink_install=True, test_result_base=None, verb_extension=<colcon_core.verb.build.BuildVerb object at 0x7f31e5e4a2b0>, verb_name='build', verb_parser=<colcon_defaults.argument_parser.defaults.DefaultArgumentsDecorator object at 0x7f31e5e4a7f0>)
[0.184s] Level 1:colcon.colcon_core.package_discovery:discover_packages(colcon_meta) check parameters
[0.184s] Level 1:colcon.colcon_core.package_discovery:discover_packages(recursive) check parameters
[0.184s] Level 1:colcon.colcon_core.package_discovery:discover_packages(ignore) check parameters
[0.184s] Level 1:colcon.colcon_core.package_discovery:discover_packages(path) check parameters
[0.184s] Level 1:colcon.colcon_core.package_discovery:discover_packages(colcon_meta) discover
[0.185s] Level 1:colcon.colcon_core.package_discovery:discover_packages(recursive) discover
[0.185s] INFO:colcon.colcon_core.package_discovery:Crawling recursively for packages in '/home/matikurcze00/dev_ws/src/roszkowski_zajac'
[0.185s] Level 1:colcon.colcon_core.package_identification:_identify(.) by extensions ['ignore', 'ignore_ament_install']
[0.185s] Level 1:colcon.colcon_core.package_identification:_identify(.) by extension 'ignore'
[0.185s] Level 1:colcon.colcon_core.package_identification:_identify(.) by extension 'ignore_ament_install'
[0.185s] Level 1:colcon.colcon_core.package_identification:_identify(.) by extensions ['colcon_pkg']
[0.185s] Level 1:colcon.colcon_core.package_identification:_identify(.) by extension 'colcon_pkg'
[0.185s] Level 1:colcon.colcon_core.package_identification:_identify(.) by extensions ['colcon_meta']
[0.185s] Level 1:colcon.colcon_core.package_identification:_identify(.) by extension 'colcon_meta'
[0.185s] Level 1:colcon.colcon_core.package_identification:_identify(.) by extensions ['ros']
[0.185s] Level 1:colcon.colcon_core.package_identification:_identify(.) by extension 'ros'
[0.198s] Level 1:colcon.colcon_core.package_identification:_identify(.) by extensions ['cmake', 'python']
[0.198s] Level 1:colcon.colcon_core.package_identification:_identify(.) by extension 'cmake'
[0.198s] Level 1:colcon.colcon_core.package_identification:_identify(.) by extension 'python'
[0.198s] Level 1:colcon.colcon_core.package_identification:_identify(.) by extensions ['python_setup_py']
[0.198s] Level 1:colcon.colcon_core.package_identification:_identify(.) by extension 'python_setup_py'
[0.198s] Level 1:colcon.colcon_core.package_identification:_identify(anro2) by extensions ['ignore', 'ignore_ament_install']
[0.198s] Level 1:colcon.colcon_core.package_identification:_identify(anro2) by extension 'ignore'
[0.198s] Level 1:colcon.colcon_core.package_identification:_identify(anro2) by extension 'ignore_ament_install'
[0.198s] Level 1:colcon.colcon_core.package_identification:_identify(anro2) by extensions ['colcon_pkg']
[0.198s] Level 1:colcon.colcon_core.package_identification:_identify(anro2) by extension 'colcon_pkg'
[0.198s] Level 1:colcon.colcon_core.package_identification:_identify(anro2) by extensions ['colcon_meta']
[0.198s] Level 1:colcon.colcon_core.package_identification:_identify(anro2) by extension 'colcon_meta'
[0.199s] Level 1:colcon.colcon_core.package_identification:_identify(anro2) by extensions ['ros']
[0.199s] Level 1:colcon.colcon_core.package_identification:_identify(anro2) by extension 'ros'
[0.201s] DEBUG:colcon.colcon_core.package_identification:Package 'anro2' with type 'ros.ament_python' and name 'anro2'
[0.202s] Level 1:colcon.colcon_core.package_identification:_identify(anro3) by extensions ['ignore', 'ignore_ament_install']
[0.202s] Level 1:colcon.colcon_core.package_identification:_identify(anro3) by extension 'ignore'
[0.202s] Level 1:colcon.colcon_core.package_identification:_identify(anro3) by extension 'ignore_ament_install'
[0.202s] Level 1:colcon.colcon_core.package_identification:_identify(anro3) by extensions ['colcon_pkg']
[0.202s] Level 1:colcon.colcon_core.package_identification:_identify(anro3) by extension 'colcon_pkg'
[0.202s] Level 1:colcon.colcon_core.package_identification:_identify(anro3) by extensions ['colcon_meta']
[0.202s] Level 1:colcon.colcon_core.package_identification:_identify(anro3) by extension 'colcon_meta'
[0.202s] Level 1:colcon.colcon_core.package_identification:_identify(anro3) by extensions ['ros']
[0.202s] Level 1:colcon.colcon_core.package_identification:_identify(anro3) by extension 'ros'
[0.203s] DEBUG:colcon.colcon_core.package_identification:Package 'anro3' with type 'ros.ament_python' and name 'anro3'
[0.203s] Level 1:colcon.colcon_core.package_identification:_identify(anro4) by extensions ['ignore', 'ignore_ament_install']
[0.203s] Level 1:colcon.colcon_core.package_identification:_identify(anro4) by extension 'ignore'
[0.203s] Level 1:colcon.colcon_core.package_identification:_identify(anro4) by extension 'ignore_ament_install'
[0.203s] Level 1:colcon.colcon_core.package_identification:_identify(anro4) by extensions ['colcon_pkg']
[0.203s] Level 1:colcon.colcon_core.package_identification:_identify(anro4) by extension 'colcon_pkg'
[0.203s] Level 1:colcon.colcon_core.package_identification:_identify(anro4) by extensions ['colcon_meta']
[0.203s] Level 1:colcon.colcon_core.package_identification:_identify(anro4) by extension 'colcon_meta'
[0.203s] Level 1:colcon.colcon_core.package_identification:_identify(anro4) by extensions ['ros']
[0.203s] Level 1:colcon.colcon_core.package_identification:_identify(anro4) by extension 'ros'
[0.204s] DEBUG:colcon.colcon_core.package_identification:Package 'anro4' with type 'ros.ament_python' and name 'anro4'
[0.204s] Level 1:colcon.colcon_core.package_identification:_identify(anro4_interface) by extensions ['ignore', 'ignore_ament_install']
[0.204s] Level 1:colcon.colcon_core.package_identification:_identify(anro4_interface) by extension 'ignore'
[0.204s] Level 1:colcon.colcon_core.package_identification:_identify(anro4_interface) by extension 'ignore_ament_install'
[0.204s] Level 1:colcon.colcon_core.package_identification:_identify(anro4_interface) by extensions ['colcon_pkg']
[0.204s] Level 1:colcon.colcon_core.package_identification:_identify(anro4_interface) by extension 'colcon_pkg'
[0.204s] Level 1:colcon.colcon_core.package_identification:_identify(anro4_interface) by extensions ['colcon_meta']
[0.204s] Level 1:colcon.colcon_core.package_identification:_identify(anro4_interface) by extension 'colcon_meta'
[0.204s] Level 1:colcon.colcon_core.package_identification:_identify(anro4_interface) by extensions ['ros']
[0.204s] Level 1:colcon.colcon_core.package_identification:_identify(anro4_interface) by extension 'ros'
[0.205s] DEBUG:colcon.colcon_core.package_identification:Package 'anro4_interface' with type 'ros.ament_cmake' and name 'anro4_interface'
[0.205s] Level 1:colcon.colcon_core.package_identification:_identify(build) by extensions ['ignore', 'ignore_ament_install']
[0.205s] Level 1:colcon.colcon_core.package_identification:_identify(build) by extension 'ignore'
[0.205s] Level 1:colcon.colcon_core.package_identification:_identify(build) ignored
[0.205s] Level 1:colcon.colcon_core.package_identification:_identify(changed_keys_anrolab1) by extensions ['ignore', 'ignore_ament_install']
[0.205s] Level 1:colcon.colcon_core.package_identification:_identify(changed_keys_anrolab1) by extension 'ignore'
[0.205s] Level 1:colcon.colcon_core.package_identification:_identify(changed_keys_anrolab1) by extension 'ignore_ament_install'
[0.205s] Level 1:colcon.colcon_core.package_identification:_identify(changed_keys_anrolab1) by extensions ['colcon_pkg']
[0.205s] Level 1:colcon.colcon_core.package_identification:_identify(changed_keys_anrolab1) by extension 'colcon_pkg'
[0.206s] Level 1:colcon.colcon_core.package_identification:_identify(changed_keys_anrolab1) by extensions ['colcon_meta']
[0.206s] Level 1:colcon.colcon_core.package_identification:_identify(changed_keys_anrolab1) by extension 'colcon_meta'
[0.206s] Level 1:colcon.colcon_core.package_identification:_identify(changed_keys_anrolab1) by extensions ['ros']
[0.206s] Level 1:colcon.colcon_core.package_identification:_identify(changed_keys_anrolab1) by extension 'ros'
[0.206s] DEBUG:colcon.colcon_core.package_identification:Package 'changed_keys_anrolab1' with type 'ros.ament_python' and name 'changed_keys_anrolab1'
[0.206s] Level 1:colcon.colcon_core.package_identification:_identify(install) by extensions ['ignore', 'ignore_ament_install']
[0.206s] Level 1:colcon.colcon_core.package_identification:_identify(install) by extension 'ignore'
[0.207s] Level 1:colcon.colcon_core.package_identification:_identify(install) ignored
[0.207s] Level 1:colcon.colcon_core.package_identification:_identify(log) by extensions ['ignore', 'ignore_ament_install']
[0.207s] Level 1:colcon.colcon_core.package_identification:_identify(log) by extension 'ignore'
[0.207s] Level 1:colcon.colcon_core.package_identification:_identify(log) ignored
[0.207s] Level 1:colcon.colcon_core.package_discovery:discover_packages(recursive) using defaults
[0.207s] Level 1:colcon.colcon_core.package_discovery:discover_packages(ignore) discover
[0.207s] Level 1:colcon.colcon_core.package_discovery:discover_packages(ignore) using defaults
[0.207s] Level 1:colcon.colcon_core.package_discovery:discover_packages(path) discover
[0.207s] Level 1:colcon.colcon_core.package_discovery:discover_packages(path) using defaults
[0.228s] INFO:colcon.colcon_core.package_selection:Skipping not selected package 'anro2' in 'anro2'
[0.228s] INFO:colcon.colcon_core.package_selection:Skipping not selected package 'anro3' in 'anro3'
[0.228s] INFO:colcon.colcon_core.package_selection:Skipping not selected package 'anro4' in 'anro4'
[0.228s] INFO:colcon.colcon_core.package_selection:Skipping not selected package 'changed_keys_anrolab1' in 'changed_keys_anrolab1'
[0.231s] Level 5:colcon.colcon_core.verb:set package 'anro4_interface' build argument 'cmake_args' from command line to 'None'
[0.231s] Level 5:colcon.colcon_core.verb:set package 'anro4_interface' build argument 'cmake_target' from command line to 'None'
[0.231s] Level 5:colcon.colcon_core.verb:set package 'anro4_interface' build argument 'cmake_target_skip_unavailable' from command line to 'False'
[0.231s] Level 5:colcon.colcon_core.verb:set package 'anro4_interface' build argument 'cmake_clean_cache' from command line to 'False'
[0.231s] Level 5:colcon.colcon_core.verb:set package 'anro4_interface' build argument 'cmake_clean_first' from command line to 'False'
[0.231s] Level 5:colcon.colcon_core.verb:set package 'anro4_interface' build argument 'cmake_force_configure' from command line to 'False'
[0.231s] Level 5:colcon.colcon_core.verb:set package 'anro4_interface' build argument 'ament_cmake_args' from command line to 'None'
[0.231s] Level 5:colcon.colcon_core.verb:set package 'anro4_interface' build argument 'catkin_cmake_args' from command line to 'None'
[0.231s] Level 5:colcon.colcon_core.verb:set package 'anro4_interface' build argument 'catkin_skip_building_tests' from command line to 'False'
[0.231s] DEBUG:colcon.colcon_core.verb:Building package 'anro4_interface' with the following arguments: {'ament_cmake_args': None, 'build_base': '/home/matikurcze00/dev_ws/src/roszkowski_zajac/build/anro4_interface', 'catkin_cmake_args': None, 'catkin_skip_building_tests': False, 'cmake_args': None, 'cmake_clean_cache': False, 'cmake_clean_first': False, 'cmake_force_configure': False, 'cmake_target': None, 'cmake_target_skip_unavailable': False, 'install_base': '/home/matikurcze00/dev_ws/src/roszkowski_zajac/install/anro4_interface', 'merge_install': False, 'path': '/home/matikurcze00/dev_ws/src/roszkowski_zajac/anro4_interface', 'symlink_install': True, 'test_result_base': None}
[0.232s] INFO:colcon.colcon_core.executor:Executing jobs using 'parallel' executor
[0.234s] DEBUG:colcon.colcon_parallel_executor.executor.parallel:run_until_complete
[0.234s] INFO:colcon.colcon_ros.task.ament_cmake.build:Building ROS package in '/home/matikurcze00/dev_ws/src/roszkowski_zajac/anro4_interface' with build type 'ament_cmake'
[0.235s] INFO:colcon.colcon_cmake.task.cmake.build:Building CMake package in '/home/matikurcze00/dev_ws/src/roszkowski_zajac/anro4_interface'
[0.240s] INFO:colcon.colcon_core.plugin_system:Skipping extension 'colcon_core.shell.bat': Not used on non-Windows systems
[0.240s] INFO:colcon.colcon_core.shell:Skip shell extension 'powershell' for command environment: Not usable outside of PowerShell
[0.240s] DEBUG:colcon.colcon_core.shell:Skip shell extension 'dsv' for command environment
[0.243s] DEBUG:colcon.colcon_core.shell:Ignoring prefix path '/opt/ros/foxy'
[0.257s] DEBUG:colcon.colcon_core.event_handler.log_command:Invoking command in '/home/matikurcze00/dev_ws/src/roszkowski_zajac/build/anro4_interface': CMAKE_PREFIX_PATH=/opt/ros/foxy /usr/bin/cmake /home/matikurcze00/dev_ws/src/roszkowski_zajac/anro4_interface -DAMENT_CMAKE_SYMLINK_INSTALL=1 -DCMAKE_INSTALL_PREFIX=/home/matikurcze00/dev_ws/src/roszkowski_zajac/install/anro4_interface
[1.324s] DEBUG:colcon.colcon_core.event_handler.log_command:Invoked command in '/home/matikurcze00/dev_ws/src/roszkowski_zajac/build/anro4_interface' returned '0': CMAKE_PREFIX_PATH=/opt/ros/foxy /usr/bin/cmake /home/matikurcze00/dev_ws/src/roszkowski_zajac/anro4_interface -DAMENT_CMAKE_SYMLINK_INSTALL=1 -DCMAKE_INSTALL_PREFIX=/home/matikurcze00/dev_ws/src/roszkowski_zajac/install/anro4_interface
[1.329s] DEBUG:colcon.colcon_core.event_handler.log_command:Invoking command in '/home/matikurcze00/dev_ws/src/roszkowski_zajac/build/anro4_interface': CMAKE_PREFIX_PATH=/opt/ros/foxy /usr/bin/cmake --build /home/matikurcze00/dev_ws/src/roszkowski_zajac/build/anro4_interface -- -j4 -l4
[7.927s] DEBUG:colcon.colcon_core.event_handler.log_command:Invoked command in '/home/matikurcze00/dev_ws/src/roszkowski_zajac/build/anro4_interface' returned '0': CMAKE_PREFIX_PATH=/opt/ros/foxy /usr/bin/cmake --build /home/matikurcze00/dev_ws/src/roszkowski_zajac/build/anro4_interface -- -j4 -l4
[8.021s] DEBUG:colcon.colcon_core.event_handler.log_command:Invoking command in '/home/matikurcze00/dev_ws/src/roszkowski_zajac/build/anro4_interface': CMAKE_PREFIX_PATH=/opt/ros/foxy /usr/bin/cmake --install /home/matikurcze00/dev_ws/src/roszkowski_zajac/build/anro4_interface
[8.992s] Level 1:colcon.colcon_core.environment:create_environment_scripts_only(anro4_interface)
[8.993s] DEBUG:colcon.colcon_core.event_handler.log_command:Invoked command in '/home/matikurcze00/dev_ws/src/roszkowski_zajac/build/anro4_interface' returned '0': CMAKE_PREFIX_PATH=/opt/ros/foxy /usr/bin/cmake --install /home/matikurcze00/dev_ws/src/roszkowski_zajac/build/anro4_interface
[8.998s] Level 1:colcon.colcon_core.environment:checking '/home/matikurcze00/dev_ws/src/roszkowski_zajac/install/anro4_interface' for CMake module files
[8.999s] Level 1:colcon.colcon_core.environment:checking '/home/matikurcze00/dev_ws/src/roszkowski_zajac/install/anro4_interface' for CMake config files
[9.000s] Level 1:colcon.colcon_core.shell:create_environment_hook('anro4_interface', 'cmake_prefix_path')
[9.000s] INFO:colcon.colcon_core.shell:Creating environment hook '/home/matikurcze00/dev_ws/src/roszkowski_zajac/install/anro4_interface/share/anro4_interface/hook/cmake_prefix_path.ps1'
[9.002s] INFO:colcon.colcon_core.shell:Creating environment descriptor '/home/matikurcze00/dev_ws/src/roszkowski_zajac/install/anro4_interface/share/anro4_interface/hook/cmake_prefix_path.dsv'
[9.002s] INFO:colcon.colcon_core.shell:Creating environment hook '/home/matikurcze00/dev_ws/src/roszkowski_zajac/install/anro4_interface/share/anro4_interface/hook/cmake_prefix_path.sh'
[9.004s] Level 1:colcon.colcon_core.environment:checking '/home/matikurcze00/dev_ws/src/roszkowski_zajac/install/anro4_interface/lib'
[9.004s] Level 1:colcon.colcon_core.shell:create_environment_hook('anro4_interface', 'ld_library_path_lib')
[9.005s] INFO:colcon.colcon_core.shell:Creating environment hook '/home/matikurcze00/dev_ws/src/roszkowski_zajac/install/anro4_interface/share/anro4_interface/hook/ld_library_path_lib.ps1'
[9.005s] INFO:colcon.colcon_core.shell:Creating environment descriptor '/home/matikurcze00/dev_ws/src/roszkowski_zajac/install/anro4_interface/share/anro4_interface/hook/ld_library_path_lib.dsv'
[9.005s] INFO:colcon.colcon_core.shell:Creating environment hook '/home/matikurcze00/dev_ws/src/roszkowski_zajac/install/anro4_interface/share/anro4_interface/hook/ld_library_path_lib.sh'
[9.006s] Level 1:colcon.colcon_core.environment:checking '/home/matikurcze00/dev_ws/src/roszkowski_zajac/install/anro4_interface/bin'
[9.006s] Level 1:colcon.colcon_core.environment:checking '/home/matikurcze00/dev_ws/src/roszkowski_zajac/install/anro4_interface/lib/pkgconfig/anro4_interface.pc'
[9.006s] Level 1:colcon.colcon_core.environment:checking '/home/matikurcze00/dev_ws/src/roszkowski_zajac/install/anro4_interface/lib/python3.8/site-packages'
[9.006s] Level 1:colcon.colcon_core.shell:create_environment_hook('anro4_interface', 'pythonpath')
[9.007s] INFO:colcon.colcon_core.shell:Creating environment hook '/home/matikurcze00/dev_ws/src/roszkowski_zajac/install/anro4_interface/share/anro4_interface/hook/pythonpath.ps1'
[9.008s] INFO:colcon.colcon_core.shell:Creating environment descriptor '/home/matikurcze00/dev_ws/src/roszkowski_zajac/install/anro4_interface/share/anro4_interface/hook/pythonpath.dsv'
[9.008s] INFO:colcon.colcon_core.shell:Creating environment hook '/home/matikurcze00/dev_ws/src/roszkowski_zajac/install/anro4_interface/share/anro4_interface/hook/pythonpath.sh'
[9.010s] INFO:colcon.colcon_core.shell:Creating package script '/home/matikurcze00/dev_ws/src/roszkowski_zajac/install/anro4_interface/share/anro4_interface/package.ps1'
[9.011s] INFO:colcon.colcon_core.shell:Creating package descriptor '/home/matikurcze00/dev_ws/src/roszkowski_zajac/install/anro4_interface/share/anro4_interface/package.dsv'
[9.011s] INFO:colcon.colcon_core.shell:Creating package script '/home/matikurcze00/dev_ws/src/roszkowski_zajac/install/anro4_interface/share/anro4_interface/package.sh'
[9.013s] INFO:colcon.colcon_core.shell:Creating package script '/home/matikurcze00/dev_ws/src/roszkowski_zajac/install/anro4_interface/share/anro4_interface/package.bash'
[9.014s] INFO:colcon.colcon_core.shell:Creating package script '/home/matikurcze00/dev_ws/src/roszkowski_zajac/install/anro4_interface/share/anro4_interface/package.zsh'
[9.015s] Level 1:colcon.colcon_core.environment:create_file_with_runtime_dependencies(/home/matikurcze00/dev_ws/src/roszkowski_zajac/install/anro4_interface/share/colcon-core/packages/anro4_interface)
[9.093s] Level 1:colcon.colcon_core.environment:create_environment_scripts_only(anro4_interface)
[9.094s] Level 1:colcon.colcon_core.environment:checking '/home/matikurcze00/dev_ws/src/roszkowski_zajac/install/anro4_interface' for CMake module files
[9.095s] Level 1:colcon.colcon_core.environment:checking '/home/matikurcze00/dev_ws/src/roszkowski_zajac/install/anro4_interface' for CMake config files
[9.096s] Level 1:colcon.colcon_core.shell:create_environment_hook('anro4_interface', 'cmake_prefix_path')
[9.097s] INFO:colcon.colcon_core.shell:Creating environment hook '/home/matikurcze00/dev_ws/src/roszkowski_zajac/install/anro4_interface/share/anro4_interface/hook/cmake_prefix_path.ps1'
[9.098s] INFO:colcon.colcon_core.shell:Creating environment descriptor '/home/matikurcze00/dev_ws/src/roszkowski_zajac/install/anro4_interface/share/anro4_interface/hook/cmake_prefix_path.dsv'
[9.098s] INFO:colcon.colcon_core.shell:Creating environment hook '/home/matikurcze00/dev_ws/src/roszkowski_zajac/install/anro4_interface/share/anro4_interface/hook/cmake_prefix_path.sh'
[9.099s] Level 1:colcon.colcon_core.environment:checking '/home/matikurcze00/dev_ws/src/roszkowski_zajac/install/anro4_interface/lib'
[9.099s] Level 1:colcon.colcon_core.shell:create_environment_hook('anro4_interface', 'ld_library_path_lib')
[9.099s] INFO:colcon.colcon_core.shell:Creating environment hook '/home/matikurcze00/dev_ws/src/roszkowski_zajac/install/anro4_interface/share/anro4_interface/hook/ld_library_path_lib.ps1'
[9.100s] INFO:colcon.colcon_core.shell:Creating environment descriptor '/home/matikurcze00/dev_ws/src/roszkowski_zajac/install/anro4_interface/share/anro4_interface/hook/ld_library_path_lib.dsv'
[9.101s] INFO:colcon.colcon_core.shell:Creating environment hook '/home/matikurcze00/dev_ws/src/roszkowski_zajac/install/anro4_interface/share/anro4_interface/hook/ld_library_path_lib.sh'
[9.101s] Level 1:colcon.colcon_core.environment:checking '/home/matikurcze00/dev_ws/src/roszkowski_zajac/install/anro4_interface/bin'
[9.101s] Level 1:colcon.colcon_core.environment:checking '/home/matikurcze00/dev_ws/src/roszkowski_zajac/install/anro4_interface/lib/pkgconfig/anro4_interface.pc'
[9.102s] Level 1:colcon.colcon_core.environment:checking '/home/matikurcze00/dev_ws/src/roszkowski_zajac/install/anro4_interface/lib/python3.8/site-packages'
[9.102s] Level 1:colcon.colcon_core.shell:create_environment_hook('anro4_interface', 'pythonpath')
[9.102s] INFO:colcon.colcon_core.shell:Creating environment hook '/home/matikurcze00/dev_ws/src/roszkowski_zajac/install/anro4_interface/share/anro4_interface/hook/pythonpath.ps1'
[9.103s] INFO:colcon.colcon_core.shell:Creating environment descriptor '/home/matikurcze00/dev_ws/src/roszkowski_zajac/install/anro4_interface/share/anro4_interface/hook/pythonpath.dsv'
[9.103s] INFO:colcon.colcon_core.shell:Creating environment hook '/home/matikurcze00/dev_ws/src/roszkowski_zajac/install/anro4_interface/share/anro4_interface/hook/pythonpath.sh'
[9.105s] INFO:colcon.colcon_core.shell:Creating package script '/home/matikurcze00/dev_ws/src/roszkowski_zajac/install/anro4_interface/share/anro4_interface/package.ps1'
[9.106s] INFO:colcon.colcon_core.shell:Creating package descriptor '/home/matikurcze00/dev_ws/src/roszkowski_zajac/install/anro4_interface/share/anro4_interface/package.dsv'
[9.106s] INFO:colcon.colcon_core.shell:Creating package script '/home/matikurcze00/dev_ws/src/roszkowski_zajac/install/anro4_interface/share/anro4_interface/package.sh'
[9.107s] INFO:colcon.colcon_core.shell:Creating package script '/home/matikurcze00/dev_ws/src/roszkowski_zajac/install/anro4_interface/share/anro4_interface/package.bash'
[9.108s] INFO:colcon.colcon_core.shell:Creating package script '/home/matikurcze00/dev_ws/src/roszkowski_zajac/install/anro4_interface/share/anro4_interface/package.zsh'
[9.108s] Level 1:colcon.colcon_core.environment:create_file_with_runtime_dependencies(/home/matikurcze00/dev_ws/src/roszkowski_zajac/install/anro4_interface/share/colcon-core/packages/anro4_interface)
[9.109s] DEBUG:colcon.colcon_parallel_executor.executor.parallel:closing loop
[9.110s] DEBUG:colcon.colcon_parallel_executor.executor.parallel:loop closed
[9.110s] DEBUG:colcon.colcon_parallel_executor.executor.parallel:run_until_complete finished with '0'
[9.110s] DEBUG:colcon.colcon_core.event_reactor:joining thread
[9.118s] INFO:colcon.colcon_core.plugin_system:Skipping extension 'colcon_notification.desktop_notification.terminal_notifier': Not used on non-Darwin systems
[9.119s] INFO:colcon.colcon_core.plugin_system:Skipping extension 'colcon_notification.desktop_notification.win32': Not used on non-Windows systems
[9.119s] INFO:colcon.colcon_notification.desktop_notification:Sending desktop notification using 'notify2'
[9.142s] DEBUG:colcon.colcon_core.event_reactor:joined thread
[9.143s] INFO:colcon.colcon_core.shell:Creating prefix script '/home/matikurcze00/dev_ws/src/roszkowski_zajac/install/local_setup.ps1'
[9.144s] INFO:colcon.colcon_core.shell:Creating prefix util module '/home/matikurcze00/dev_ws/src/roszkowski_zajac/install/_local_setup_util_ps1.py'
[9.147s] INFO:colcon.colcon_core.shell:Creating prefix chain script '/home/matikurcze00/dev_ws/src/roszkowski_zajac/install/setup.ps1'
[9.151s] INFO:colcon.colcon_core.shell:Creating prefix script '/home/matikurcze00/dev_ws/src/roszkowski_zajac/install/local_setup.sh'
[9.153s] INFO:colcon.colcon_core.shell:Creating prefix util module '/home/matikurcze00/dev_ws/src/roszkowski_zajac/install/_local_setup_util_sh.py'
[9.154s] INFO:colcon.colcon_core.shell:Creating prefix chain script '/home/matikurcze00/dev_ws/src/roszkowski_zajac/install/setup.sh'
[9.156s] INFO:colcon.colcon_core.shell:Creating prefix script '/home/matikurcze00/dev_ws/src/roszkowski_zajac/install/local_setup.bash'
[9.157s] INFO:colcon.colcon_core.shell:Creating prefix chain script '/home/matikurcze00/dev_ws/src/roszkowski_zajac/install/setup.bash'
[9.159s] INFO:colcon.colcon_core.shell:Creating prefix script '/home/matikurcze00/dev_ws/src/roszkowski_zajac/install/local_setup.zsh'
[9.160s] INFO:colcon.colcon_core.shell:Creating prefix chain script '/home/matikurcze00/dev_ws/src/roszkowski_zajac/install/setup.zsh'
