[0.718s] DEBUG:colcon:Command line arguments: ['/usr/bin/colcon', 'build', '--symlink-install', '--packages-select', 'anro2']
[0.718s] DEBUG:colcon:Parsed command line arguments: Namespace(ament_cmake_args=None, base_paths=['.'], build_base='build', catkin_cmake_args=None, catkin_skip_building_tests=False, cmake_args=None, cmake_clean_cache=False, cmake_clean_first=False, cmake_force_configure=False, cmake_target=None, cmake_target_skip_unavailable=False, continue_on_error=False, event_handlers=None, executor='parallel', ignore_user_meta=False, install_base='install', log_base=None, log_level=None, main=<bound method BuildVerb.main of <colcon_core.verb.build.BuildVerb object at 0x7f7bf44c5460>>, merge_install=False, metas=['./colcon.meta'], packages_above=None, packages_above_and_dependencies=None, packages_above_depth=None, packages_end=None, packages_ignore=None, packages_ignore_regex=None, packages_select=['anro2'], packages_select_build_failed=False, packages_select_by_dep=None, packages_select_regex=None, packages_select_test_failures=False, packages_skip=None, packages_skip_build_finished=False, packages_skip_by_dep=None, packages_skip_regex=None, packages_skip_test_passed=False, packages_skip_up_to=None, packages_start=None, packages_up_to=None, packages_up_to_regex=None, parallel_workers=1, paths=None, symlink_install=True, test_result_base=None, verb_extension=<colcon_core.verb.build.BuildVerb object at 0x7f7bf44c5460>, verb_name='build', verb_parser=<colcon_defaults.argument_parser.defaults.DefaultArgumentsDecorator object at 0x7f7bf44c59a0>)
[0.728s] Level 1:colcon.colcon_core.package_discovery:discover_packages(colcon_meta) check parameters
[0.728s] Level 1:colcon.colcon_core.package_discovery:discover_packages(recursive) check parameters
[0.729s] Level 1:colcon.colcon_core.package_discovery:discover_packages(ignore) check parameters
[0.729s] Level 1:colcon.colcon_core.package_discovery:discover_packages(path) check parameters
[0.729s] Level 1:colcon.colcon_core.package_discovery:discover_packages(colcon_meta) discover
[0.729s] Level 1:colcon.colcon_core.package_discovery:discover_packages(recursive) discover
[0.729s] INFO:colcon.colcon_core.package_discovery:Crawling recursively for packages in '/home/dominika/official_anro_workspace/src/roszkowski_zajac/anro2'
[0.737s] Level 1:colcon.colcon_core.package_identification:_identify(.) by extensions ['ignore', 'ignore_ament_install']
[0.738s] Level 1:colcon.colcon_core.package_identification:_identify(.) by extension 'ignore'
[0.738s] Level 1:colcon.colcon_core.package_identification:_identify(.) by extension 'ignore_ament_install'
[0.738s] Level 1:colcon.colcon_core.package_identification:_identify(.) by extensions ['colcon_pkg']
[0.738s] Level 1:colcon.colcon_core.package_identification:_identify(.) by extension 'colcon_pkg'
[0.738s] Level 1:colcon.colcon_core.package_identification:_identify(.) by extensions ['colcon_meta']
[0.738s] Level 1:colcon.colcon_core.package_identification:_identify(.) by extension 'colcon_meta'
[0.738s] Level 1:colcon.colcon_core.package_identification:_identify(.) by extensions ['ros']
[0.738s] Level 1:colcon.colcon_core.package_identification:_identify(.) by extension 'ros'
[0.804s] DEBUG:colcon.colcon_core.package_identification:Package '.' with type 'ros.ament_python' and name 'anro2'
[0.804s] Level 1:colcon.colcon_core.package_discovery:discover_packages(recursive) using defaults
[0.804s] Level 1:colcon.colcon_core.package_discovery:discover_packages(ignore) discover
[0.804s] Level 1:colcon.colcon_core.package_discovery:discover_packages(ignore) using defaults
[0.804s] Level 1:colcon.colcon_core.package_discovery:discover_packages(path) discover
[0.804s] Level 1:colcon.colcon_core.package_discovery:discover_packages(path) using defaults
[0.894s] Level 5:colcon.colcon_core.verb:set package 'anro2' build argument 'cmake_args' from command line to 'None'
[0.897s] Level 5:colcon.colcon_core.verb:set package 'anro2' build argument 'cmake_target' from command line to 'None'
[0.901s] Level 5:colcon.colcon_core.verb:set package 'anro2' build argument 'cmake_target_skip_unavailable' from command line to 'False'
[0.902s] Level 5:colcon.colcon_core.verb:set package 'anro2' build argument 'cmake_clean_cache' from command line to 'False'
[0.904s] Level 5:colcon.colcon_core.verb:set package 'anro2' build argument 'cmake_clean_first' from command line to 'False'
[0.904s] Level 5:colcon.colcon_core.verb:set package 'anro2' build argument 'cmake_force_configure' from command line to 'False'
[0.904s] Level 5:colcon.colcon_core.verb:set package 'anro2' build argument 'ament_cmake_args' from command line to 'None'
[0.905s] Level 5:colcon.colcon_core.verb:set package 'anro2' build argument 'catkin_cmake_args' from command line to 'None'
[0.905s] Level 5:colcon.colcon_core.verb:set package 'anro2' build argument 'catkin_skip_building_tests' from command line to 'False'
[0.905s] DEBUG:colcon.colcon_core.verb:Building package 'anro2' with the following arguments: {'ament_cmake_args': None, 'build_base': '/home/dominika/official_anro_workspace/src/roszkowski_zajac/anro2/build/anro2', 'catkin_cmake_args': None, 'catkin_skip_building_tests': False, 'cmake_args': None, 'cmake_clean_cache': False, 'cmake_clean_first': False, 'cmake_force_configure': False, 'cmake_target': None, 'cmake_target_skip_unavailable': False, 'install_base': '/home/dominika/official_anro_workspace/src/roszkowski_zajac/anro2/install/anro2', 'merge_install': False, 'path': '/home/dominika/official_anro_workspace/src/roszkowski_zajac/anro2', 'symlink_install': True, 'test_result_base': None}
[0.905s] INFO:colcon.colcon_core.executor:Executing jobs using 'parallel' executor
[0.907s] DEBUG:colcon.colcon_parallel_executor.executor.parallel:run_until_complete
[0.911s] INFO:colcon.colcon_ros.task.ament_python.build:Building ROS package in '/home/dominika/official_anro_workspace/src/roszkowski_zajac/anro2' with build type 'ament_python'
[0.917s] Level 1:colcon.colcon_core.shell:create_environment_hook('anro2', 'ament_prefix_path')
[0.930s] INFO:colcon.colcon_core.plugin_system:Skipping extension 'colcon_core.shell.bat': Not used on non-Windows systems
[0.930s] INFO:colcon.colcon_core.shell:Creating environment hook '/home/dominika/official_anro_workspace/src/roszkowski_zajac/anro2/install/anro2/share/anro2/hook/ament_prefix_path.ps1'
[0.934s] INFO:colcon.colcon_core.shell:Creating environment descriptor '/home/dominika/official_anro_workspace/src/roszkowski_zajac/anro2/install/anro2/share/anro2/hook/ament_prefix_path.dsv'
[0.938s] INFO:colcon.colcon_core.shell:Creating environment hook '/home/dominika/official_anro_workspace/src/roszkowski_zajac/anro2/install/anro2/share/anro2/hook/ament_prefix_path.sh'
[0.942s] INFO:colcon.colcon_core.shell:Skip shell extension 'powershell' for command environment: Not usable outside of PowerShell
[0.949s] DEBUG:colcon.colcon_core.shell:Skip shell extension 'dsv' for command environment
[0.952s] DEBUG:colcon.colcon_core.shell:Ignoring prefix path '/opt/ros/foxy'
[1.973s] INFO:colcon.colcon_core.task.python.build:Building Python package in '/home/dominika/official_anro_workspace/src/roszkowski_zajac/anro2'
[1.977s] INFO:colcon.colcon_core.shell:Skip shell extension 'powershell' for command environment: Not usable outside of PowerShell
[1.984s] DEBUG:colcon.colcon_core.shell:Skip shell extension 'dsv' for command environment
[1.994s] DEBUG:colcon.colcon_core.shell:Ignoring prefix path '/opt/ros/foxy'
[2.019s] DEBUG:colcon.colcon_core.event_handler.log_command:Invoking command in '/home/dominika/official_anro_workspace/src/roszkowski_zajac/anro2/build/anro2': PYTHONPATH=/home/dominika/official_anro_workspace/src/roszkowski_zajac/anro2/install/anro2/lib/python3.8/site-packages:${PYTHONPATH} /usr/bin/python3 setup.py develop --prefix /home/dominika/official_anro_workspace/src/roszkowski_zajac/anro2/install/anro2 --editable --build-directory /home/dominika/official_anro_workspace/src/roszkowski_zajac/anro2/build/anro2/build --no-deps install_data --install-dir /home/dominika/official_anro_workspace/src/roszkowski_zajac/anro2/install/anro2
[4.107s] Level 1:colcon.colcon_core.shell:create_environment_hook('anro2', 'pythonpath_develop')
[4.110s] INFO:colcon.colcon_core.shell:Creating environment hook '/home/dominika/official_anro_workspace/src/roszkowski_zajac/anro2/build/anro2/share/anro2/hook/pythonpath_develop.ps1'
[4.109s] DEBUG:colcon.colcon_core.event_handler.log_command:Invoked command in '/home/dominika/official_anro_workspace/src/roszkowski_zajac/anro2/build/anro2' returned '0': PYTHONPATH=/home/dominika/official_anro_workspace/src/roszkowski_zajac/anro2/install/anro2/lib/python3.8/site-packages:${PYTHONPATH} /usr/bin/python3 setup.py develop --prefix /home/dominika/official_anro_workspace/src/roszkowski_zajac/anro2/install/anro2 --editable --build-directory /home/dominika/official_anro_workspace/src/roszkowski_zajac/anro2/build/anro2/build --no-deps install_data --install-dir /home/dominika/official_anro_workspace/src/roszkowski_zajac/anro2/install/anro2
[4.119s] INFO:colcon.colcon_core.shell:Creating environment descriptor '/home/dominika/official_anro_workspace/src/roszkowski_zajac/anro2/build/anro2/share/anro2/hook/pythonpath_develop.dsv'
[4.121s] INFO:colcon.colcon_core.shell:Creating environment hook '/home/dominika/official_anro_workspace/src/roszkowski_zajac/anro2/build/anro2/share/anro2/hook/pythonpath_develop.sh'
[4.132s] Level 1:colcon.colcon_core.environment:checking '/home/dominika/official_anro_workspace/src/roszkowski_zajac/anro2/install/anro2' for CMake module files
[4.136s] Level 1:colcon.colcon_core.environment:checking '/home/dominika/official_anro_workspace/src/roszkowski_zajac/anro2/install/anro2' for CMake config files
[4.145s] Level 1:colcon.colcon_core.environment:checking '/home/dominika/official_anro_workspace/src/roszkowski_zajac/anro2/install/anro2/lib'
[4.151s] Level 1:colcon.colcon_core.environment:checking '/home/dominika/official_anro_workspace/src/roszkowski_zajac/anro2/install/anro2/bin'
[4.153s] Level 1:colcon.colcon_core.environment:checking '/home/dominika/official_anro_workspace/src/roszkowski_zajac/anro2/install/anro2/lib/pkgconfig/anro2.pc'
[4.153s] Level 1:colcon.colcon_core.environment:checking '/home/dominika/official_anro_workspace/src/roszkowski_zajac/anro2/install/anro2/lib/python3.8/site-packages'
[4.153s] Level 1:colcon.colcon_core.shell:create_environment_hook('anro2', 'pythonpath')
[4.154s] INFO:colcon.colcon_core.shell:Creating environment hook '/home/dominika/official_anro_workspace/src/roszkowski_zajac/anro2/install/anro2/share/anro2/hook/pythonpath.ps1'
[4.157s] INFO:colcon.colcon_core.shell:Creating environment descriptor '/home/dominika/official_anro_workspace/src/roszkowski_zajac/anro2/install/anro2/share/anro2/hook/pythonpath.dsv'
[4.158s] INFO:colcon.colcon_core.shell:Creating environment hook '/home/dominika/official_anro_workspace/src/roszkowski_zajac/anro2/install/anro2/share/anro2/hook/pythonpath.sh'
[4.162s] Level 1:colcon.colcon_core.environment:create_environment_scripts_only(anro2)
[4.164s] INFO:colcon.colcon_core.shell:Creating package script '/home/dominika/official_anro_workspace/src/roszkowski_zajac/anro2/install/anro2/share/anro2/package.ps1'
[4.172s] INFO:colcon.colcon_core.shell:Creating package descriptor '/home/dominika/official_anro_workspace/src/roszkowski_zajac/anro2/install/anro2/share/anro2/package.dsv'
[4.177s] INFO:colcon.colcon_core.shell:Creating package script '/home/dominika/official_anro_workspace/src/roszkowski_zajac/anro2/install/anro2/share/anro2/package.sh'
[4.181s] INFO:colcon.colcon_core.shell:Creating package script '/home/dominika/official_anro_workspace/src/roszkowski_zajac/anro2/install/anro2/share/anro2/package.bash'
[4.182s] INFO:colcon.colcon_core.shell:Creating package script '/home/dominika/official_anro_workspace/src/roszkowski_zajac/anro2/install/anro2/share/anro2/package.zsh'
[4.186s] Level 1:colcon.colcon_core.environment:create_file_with_runtime_dependencies(/home/dominika/official_anro_workspace/src/roszkowski_zajac/anro2/install/anro2/share/colcon-core/packages/anro2)
[4.191s] DEBUG:colcon.colcon_parallel_executor.executor.parallel:closing loop
[4.191s] DEBUG:colcon.colcon_parallel_executor.executor.parallel:loop closed
[4.191s] DEBUG:colcon.colcon_parallel_executor.executor.parallel:run_until_complete finished with '0'
[4.191s] DEBUG:colcon.colcon_core.event_reactor:joining thread
[4.267s] INFO:colcon.colcon_core.plugin_system:Skipping extension 'colcon_notification.desktop_notification.terminal_notifier': Not used on non-Darwin systems
[4.273s] INFO:colcon.colcon_core.plugin_system:Skipping extension 'colcon_notification.desktop_notification.win32': Not used on non-Windows systems
[4.277s] INFO:colcon.colcon_notification.desktop_notification:Sending desktop notification using 'notify2'
[4.348s] DEBUG:colcon.colcon_core.event_reactor:joined thread
[4.349s] INFO:colcon.colcon_core.shell:Creating prefix script '/home/dominika/official_anro_workspace/src/roszkowski_zajac/anro2/install/local_setup.ps1'
[4.351s] INFO:colcon.colcon_core.shell:Creating prefix util module '/home/dominika/official_anro_workspace/src/roszkowski_zajac/anro2/install/_local_setup_util_ps1.py'
[4.361s] INFO:colcon.colcon_core.shell:Creating prefix chain script '/home/dominika/official_anro_workspace/src/roszkowski_zajac/anro2/install/setup.ps1'
[4.367s] INFO:colcon.colcon_core.shell:Creating prefix script '/home/dominika/official_anro_workspace/src/roszkowski_zajac/anro2/install/local_setup.sh'
[4.376s] INFO:colcon.colcon_core.shell:Creating prefix util module '/home/dominika/official_anro_workspace/src/roszkowski_zajac/anro2/install/_local_setup_util_sh.py'
[4.377s] INFO:colcon.colcon_core.shell:Creating prefix chain script '/home/dominika/official_anro_workspace/src/roszkowski_zajac/anro2/install/setup.sh'
[4.386s] INFO:colcon.colcon_core.shell:Creating prefix script '/home/dominika/official_anro_workspace/src/roszkowski_zajac/anro2/install/local_setup.bash'
[4.389s] INFO:colcon.colcon_core.shell:Creating prefix chain script '/home/dominika/official_anro_workspace/src/roszkowski_zajac/anro2/install/setup.bash'
[4.401s] INFO:colcon.colcon_core.shell:Creating prefix script '/home/dominika/official_anro_workspace/src/roszkowski_zajac/anro2/install/local_setup.zsh'
[4.402s] INFO:colcon.colcon_core.shell:Creating prefix chain script '/home/dominika/official_anro_workspace/src/roszkowski_zajac/anro2/install/setup.zsh'
