[0.315s] Invoking command in '/home/matikurcze00/dev_ws/src/roszkowski_zajac/build/anro4': PYTHONPATH=/home/matikurcze00/dev_ws/src/roszkowski_zajac/install/anro4/lib/python3.8/site-packages:${PYTHONPATH} /usr/bin/python3 setup.py develop --prefix /home/matikurcze00/dev_ws/src/roszkowski_zajac/install/anro4 --editable --build-directory /home/matikurcze00/dev_ws/src/roszkowski_zajac/build/anro4/build --no-deps install_data --install-dir /home/matikurcze00/dev_ws/src/roszkowski_zajac/install/anro4
[0.605s] running develop
[0.766s] running egg_info
[0.766s] writing anro4.egg-info/PKG-INFO
[0.766s] writing dependency_links to anro4.egg-info/dependency_links.txt
[0.766s] writing entry points to anro4.egg-info/entry_points.txt
[0.767s] writing requirements to anro4.egg-info/requires.txt
[0.767s] writing top-level names to anro4.egg-info/top_level.txt
[0.805s] reading manifest file 'anro4.egg-info/SOURCES.txt'
[0.806s] writing manifest file 'anro4.egg-info/SOURCES.txt'
[0.850s] running build_ext
[0.851s] Creating /home/matikurcze00/dev_ws/src/roszkowski_zajac/install/anro4/lib/python3.8/site-packages/anro4.egg-link (link to .)
[0.852s] Installing interpolation_client script to /home/matikurcze00/dev_ws/src/roszkowski_zajac/install/anro4/lib/anro4
[0.852s] Installing interpolation_service script to /home/matikurcze00/dev_ws/src/roszkowski_zajac/install/anro4/lib/anro4
[0.853s] Installing op_client script to /home/matikurcze00/dev_ws/src/roszkowski_zajac/install/anro4/lib/anro4
[0.853s] Installing op_service script to /home/matikurcze00/dev_ws/src/roszkowski_zajac/install/anro4/lib/anro4
[0.853s] 
[0.853s] Installed /home/matikurcze00/dev_ws/src/roszkowski_zajac/build/anro4
[0.854s] running install_data
[0.854s] error: can't copy 'anro4/__pycache__': doesn't exist or not a regular file
[0.888s] Invoked command in '/home/matikurcze00/dev_ws/src/roszkowski_zajac/build/anro4' returned '1': PYTHONPATH=/home/matikurcze00/dev_ws/src/roszkowski_zajac/install/anro4/lib/python3.8/site-packages:${PYTHONPATH} /usr/bin/python3 setup.py develop --prefix /home/matikurcze00/dev_ws/src/roszkowski_zajac/install/anro4 --editable --build-directory /home/matikurcze00/dev_ws/src/roszkowski_zajac/build/anro4/build --no-deps install_data --install-dir /home/matikurcze00/dev_ws/src/roszkowski_zajac/install/anro4
