[0.303s] Invoking command in '/home/matikurcze00/dev_ws/src/roszkowski_zajac/anro3/build/anro3': PYTHONPATH=/home/matikurcze00/dev_ws/src/roszkowski_zajac/anro3/install/anro3/lib/python3.8/site-packages:${PYTHONPATH} /usr/bin/python3 setup.py develop --prefix /home/matikurcze00/dev_ws/src/roszkowski_zajac/anro3/install/anro3 --editable --build-directory /home/matikurcze00/dev_ws/src/roszkowski_zajac/anro3/build/anro3/build --no-deps install_data --install-dir /home/matikurcze00/dev_ws/src/roszkowski_zajac/anro3/install/anro3
[0.596s] running develop
[0.750s] running egg_info
[0.750s] writing anro3.egg-info/PKG-INFO
[0.750s] writing dependency_links to anro3.egg-info/dependency_links.txt
[0.751s] writing entry points to anro3.egg-info/entry_points.txt
[0.751s] writing requirements to anro3.egg-info/requires.txt
[0.751s] writing top-level names to anro3.egg-info/top_level.txt
[0.790s] reading manifest file 'anro3.egg-info/SOURCES.txt'
[0.791s] writing manifest file 'anro3.egg-info/SOURCES.txt'
[0.836s] running build_ext
[0.836s] Creating /home/matikurcze00/dev_ws/src/roszkowski_zajac/anro3/install/anro3/lib/python3.8/site-packages/anro3.egg-link (link to .)
[0.837s] Installing kdl script to /home/matikurcze00/dev_ws/src/roszkowski_zajac/anro3/install/anro3/lib/anro3
[0.838s] Installing nonkdl script to /home/matikurcze00/dev_ws/src/roszkowski_zajac/anro3/install/anro3/lib/anro3
[0.838s] 
[0.838s] Installed /home/matikurcze00/dev_ws/src/roszkowski_zajac/anro3/build/anro3
[0.839s] running install_data
[0.839s] copying anro3/kdl_dkin.py -> /home/matikurcze00/dev_ws/src/roszkowski_zajac/anro3/install/anro3/share/anro3
[0.839s] copying anro3/publ_kin.py -> /home/matikurcze00/dev_ws/src/roszkowski_zajac/anro3/install/anro3/share/anro3
[0.875s] Invoked command in '/home/matikurcze00/dev_ws/src/roszkowski_zajac/anro3/build/anro3' returned '0': PYTHONPATH=/home/matikurcze00/dev_ws/src/roszkowski_zajac/anro3/install/anro3/lib/python3.8/site-packages:${PYTHONPATH} /usr/bin/python3 setup.py develop --prefix /home/matikurcze00/dev_ws/src/roszkowski_zajac/anro3/install/anro3 --editable --build-directory /home/matikurcze00/dev_ws/src/roszkowski_zajac/anro3/build/anro3/build --no-deps install_data --install-dir /home/matikurcze00/dev_ws/src/roszkowski_zajac/anro3/install/anro3
