running egg_info
creating build/anro2/anro2.egg-info
writing build/anro2/anro2.egg-info/PKG-INFO
writing dependency_links to build/anro2/anro2.egg-info/dependency_links.txt
writing entry points to build/anro2/anro2.egg-info/entry_points.txt
writing requirements to build/anro2/anro2.egg-info/requires.txt
writing top-level names to build/anro2/anro2.egg-info/top_level.txt
writing manifest file 'build/anro2/anro2.egg-info/SOURCES.txt'
reading manifest file 'build/anro2/anro2.egg-info/SOURCES.txt'
writing manifest file 'build/anro2/anro2.egg-info/SOURCES.txt'
running build
running build_py
creating /home/matikurcze00/dev_ws/src/roszkowski_zajac/anro2/build/anro2/build
creating /home/matikurcze00/dev_ws/src/roszkowski_zajac/anro2/build/anro2/build/lib
creating /home/matikurcze00/dev_ws/src/roszkowski_zajac/anro2/build/anro2/build/lib/anro2
copying anro2/__init__.py -> /home/matikurcze00/dev_ws/src/roszkowski_zajac/anro2/build/anro2/build/lib/anro2
copying anro2/state_publisher.py -> /home/matikurcze00/dev_ws/src/roszkowski_zajac/anro2/build/anro2/build/lib/anro2
running install
running install_lib
creating /home/matikurcze00/dev_ws/src/roszkowski_zajac/anro2/install/anro2/lib/python3.8/site-packages/anro2
copying /home/matikurcze00/dev_ws/src/roszkowski_zajac/anro2/build/anro2/build/lib/anro2/__init__.py -> /home/matikurcze00/dev_ws/src/roszkowski_zajac/anro2/install/anro2/lib/python3.8/site-packages/anro2
copying /home/matikurcze00/dev_ws/src/roszkowski_zajac/anro2/build/anro2/build/lib/anro2/state_publisher.py -> /home/matikurcze00/dev_ws/src/roszkowski_zajac/anro2/install/anro2/lib/python3.8/site-packages/anro2
byte-compiling /home/matikurcze00/dev_ws/src/roszkowski_zajac/anro2/install/anro2/lib/python3.8/site-packages/anro2/__init__.py to __init__.cpython-38.pyc
byte-compiling /home/matikurcze00/dev_ws/src/roszkowski_zajac/anro2/install/anro2/lib/python3.8/site-packages/anro2/state_publisher.py to state_publisher.cpython-38.pyc
running install_data
creating /home/matikurcze00/dev_ws/src/roszkowski_zajac/anro2/install/anro2/share/ament_index
creating /home/matikurcze00/dev_ws/src/roszkowski_zajac/anro2/install/anro2/share/ament_index/resource_index
creating /home/matikurcze00/dev_ws/src/roszkowski_zajac/anro2/install/anro2/share/ament_index/resource_index/packages
copying resource/anro2 -> /home/matikurcze00/dev_ws/src/roszkowski_zajac/anro2/install/anro2/share/ament_index/resource_index/packages
copying package.xml -> /home/matikurcze00/dev_ws/src/roszkowski_zajac/anro2/install/anro2/share/anro2
copying launch/demo.launch.py -> /home/matikurcze00/dev_ws/src/roszkowski_zajac/anro2/install/anro2/share/anro2
copying urdf/r2d2.urdf.xml -> /home/matikurcze00/dev_ws/src/roszkowski_zajac/anro2/install/anro2/share/anro2
copying urdf/r2d2.rviz -> /home/matikurcze00/dev_ws/src/roszkowski_zajac/anro2/install/anro2/share/anro2
copying urdf/r2d2.urdf_from_tutorial.xml -> /home/matikurcze00/dev_ws/src/roszkowski_zajac/anro2/install/anro2/share/anro2
running install_egg_info
Copying build/anro2/anro2.egg-info to /home/matikurcze00/dev_ws/src/roszkowski_zajac/anro2/install/anro2/lib/python3.8/site-packages/anro2-0.0.0-py3.8.egg-info
running install_scripts
Installing state_publisher script to /home/matikurcze00/dev_ws/src/roszkowski_zajac/anro2/install/anro2/lib/anro2
writing list of installed files to '/home/matikurcze00/dev_ws/src/roszkowski_zajac/anro2/build/anro2/install.log'
