[0.388s] Invoking command in '/home/matikurcze00/dev_ws/src/roszkowski_zajac/anro2': PYTHONPATH=/home/matikurcze00/dev_ws/src/roszkowski_zajac/anro2/install/anro2/lib/python3.8/site-packages:${PYTHONPATH} /usr/bin/python3 setup.py egg_info --egg-base build/anro2 build --build-base /home/matikurcze00/dev_ws/src/roszkowski_zajac/anro2/build/anro2/build install --prefix /home/matikurcze00/dev_ws/src/roszkowski_zajac/anro2/install/anro2 --record /home/matikurcze00/dev_ws/src/roszkowski_zajac/anro2/build/anro2/install.log --single-version-externally-managed
[0.683s] running egg_info
[0.684s] creating build/anro2/anro2.egg-info
[0.684s] writing build/anro2/anro2.egg-info/PKG-INFO
[0.685s] writing dependency_links to build/anro2/anro2.egg-info/dependency_links.txt
[0.685s] writing entry points to build/anro2/anro2.egg-info/entry_points.txt
[0.685s] writing requirements to build/anro2/anro2.egg-info/requires.txt
[0.685s] writing top-level names to build/anro2/anro2.egg-info/top_level.txt
[0.687s] writing manifest file 'build/anro2/anro2.egg-info/SOURCES.txt'
[0.726s] reading manifest file 'build/anro2/anro2.egg-info/SOURCES.txt'
[0.728s] writing manifest file 'build/anro2/anro2.egg-info/SOURCES.txt'
[0.729s] running build
[0.729s] running build_py
[0.729s] creating /home/matikurcze00/dev_ws/src/roszkowski_zajac/anro2/build/anro2/build
[0.730s] creating /home/matikurcze00/dev_ws/src/roszkowski_zajac/anro2/build/anro2/build/lib
[0.730s] creating /home/matikurcze00/dev_ws/src/roszkowski_zajac/anro2/build/anro2/build/lib/anro2
[0.730s] copying anro2/__init__.py -> /home/matikurcze00/dev_ws/src/roszkowski_zajac/anro2/build/anro2/build/lib/anro2
[0.730s] copying anro2/state_publisher.py -> /home/matikurcze00/dev_ws/src/roszkowski_zajac/anro2/build/anro2/build/lib/anro2
[0.730s] running install
[0.731s] running install_lib
[0.733s] creating /home/matikurcze00/dev_ws/src/roszkowski_zajac/anro2/install/anro2/lib/python3.8/site-packages/anro2
[0.733s] copying /home/matikurcze00/dev_ws/src/roszkowski_zajac/anro2/build/anro2/build/lib/anro2/__init__.py -> /home/matikurcze00/dev_ws/src/roszkowski_zajac/anro2/install/anro2/lib/python3.8/site-packages/anro2
[0.734s] copying /home/matikurcze00/dev_ws/src/roszkowski_zajac/anro2/build/anro2/build/lib/anro2/state_publisher.py -> /home/matikurcze00/dev_ws/src/roszkowski_zajac/anro2/install/anro2/lib/python3.8/site-packages/anro2
[0.734s] byte-compiling /home/matikurcze00/dev_ws/src/roszkowski_zajac/anro2/install/anro2/lib/python3.8/site-packages/anro2/__init__.py to __init__.cpython-38.pyc
[0.736s] byte-compiling /home/matikurcze00/dev_ws/src/roszkowski_zajac/anro2/install/anro2/lib/python3.8/site-packages/anro2/state_publisher.py to state_publisher.cpython-38.pyc
[0.737s] running install_data
[0.738s] creating /home/matikurcze00/dev_ws/src/roszkowski_zajac/anro2/install/anro2/share/ament_index
[0.739s] creating /home/matikurcze00/dev_ws/src/roszkowski_zajac/anro2/install/anro2/share/ament_index/resource_index
[0.739s] creating /home/matikurcze00/dev_ws/src/roszkowski_zajac/anro2/install/anro2/share/ament_index/resource_index/packages
[0.739s] copying resource/anro2 -> /home/matikurcze00/dev_ws/src/roszkowski_zajac/anro2/install/anro2/share/ament_index/resource_index/packages
[0.739s] copying package.xml -> /home/matikurcze00/dev_ws/src/roszkowski_zajac/anro2/install/anro2/share/anro2
[0.739s] copying launch/demo.launch.py -> /home/matikurcze00/dev_ws/src/roszkowski_zajac/anro2/install/anro2/share/anro2
[0.739s] copying urdf/r2d2.urdf.xml -> /home/matikurcze00/dev_ws/src/roszkowski_zajac/anro2/install/anro2/share/anro2
[0.739s] copying urdf/r2d2.rviz -> /home/matikurcze00/dev_ws/src/roszkowski_zajac/anro2/install/anro2/share/anro2
[0.740s] copying urdf/r2d2.urdf_from_tutorial.xml -> /home/matikurcze00/dev_ws/src/roszkowski_zajac/anro2/install/anro2/share/anro2
[0.740s] running install_egg_info
[0.742s] Copying build/anro2/anro2.egg-info to /home/matikurcze00/dev_ws/src/roszkowski_zajac/anro2/install/anro2/lib/python3.8/site-packages/anro2-0.0.0-py3.8.egg-info
[0.743s] running install_scripts
[0.765s] Installing state_publisher script to /home/matikurcze00/dev_ws/src/roszkowski_zajac/anro2/install/anro2/lib/anro2
[0.766s] writing list of installed files to '/home/matikurcze00/dev_ws/src/roszkowski_zajac/anro2/build/anro2/install.log'
[0.791s] Invoked command in '/home/matikurcze00/dev_ws/src/roszkowski_zajac/anro2' returned '0': PYTHONPATH=/home/matikurcze00/dev_ws/src/roszkowski_zajac/anro2/install/anro2/lib/python3.8/site-packages:${PYTHONPATH} /usr/bin/python3 setup.py egg_info --egg-base build/anro2 build --build-base /home/matikurcze00/dev_ws/src/roszkowski_zajac/anro2/build/anro2/build install --prefix /home/matikurcze00/dev_ws/src/roszkowski_zajac/anro2/install/anro2 --record /home/matikurcze00/dev_ws/src/roszkowski_zajac/anro2/build/anro2/install.log --single-version-externally-managed
