[0.337s] Invoking command in '/home/matikurcze00/dev_ws/src/roszkowski_zajac/build/anro4': AMENT_PREFIX_PATH=/home/matikurcze00/dev_ws/src/roszkowski_zajac/install/anro4_interface:${AMENT_PREFIX_PATH} CMAKE_PREFIX_PATH=/home/matikurcze00/dev_ws/src/roszkowski_zajac/install/anro4_interface LD_LIBRARY_PATH=/home/matikurcze00/dev_ws/src/roszkowski_zajac/install/anro4_interface/lib:${LD_LIBRARY_PATH} PYTHONPATH=/home/matikurcze00/dev_ws/src/roszkowski_zajac/install/anro4/lib/python3.8/site-packages:/home/matikurcze00/dev_ws/src/roszkowski_zajac/install/anro4_interface/lib/python3.8/site-packages:${PYTHONPATH} /usr/bin/python3 setup.py develop --prefix /home/matikurcze00/dev_ws/src/roszkowski_zajac/install/anro4 --editable --build-directory /home/matikurcze00/dev_ws/src/roszkowski_zajac/build/anro4/build --no-deps install_data --install-dir /home/matikurcze00/dev_ws/src/roszkowski_zajac/install/anro4
[0.647s] running develop
[0.816s] running egg_info
[0.816s] writing anro4.egg-info/PKG-INFO
[0.816s] writing dependency_links to anro4.egg-info/dependency_links.txt
[0.816s] writing entry points to anro4.egg-info/entry_points.txt
[0.817s] writing requirements to anro4.egg-info/requires.txt
[0.817s] writing top-level names to anro4.egg-info/top_level.txt
[0.860s] reading manifest file 'anro4.egg-info/SOURCES.txt'
[0.862s] writing manifest file 'anro4.egg-info/SOURCES.txt'
[0.910s] running build_ext
[0.911s] Creating /home/matikurcze00/dev_ws/src/roszkowski_zajac/install/anro4/lib/python3.8/site-packages/anro4.egg-link (link to .)
[0.912s] Installing interpolation_client script to /home/matikurcze00/dev_ws/src/roszkowski_zajac/install/anro4/lib/anro4
[0.912s] Installing interpolation_service script to /home/matikurcze00/dev_ws/src/roszkowski_zajac/install/anro4/lib/anro4
[0.913s] Installing op_client script to /home/matikurcze00/dev_ws/src/roszkowski_zajac/install/anro4/lib/anro4
[0.913s] Installing op_service script to /home/matikurcze00/dev_ws/src/roszkowski_zajac/install/anro4/lib/anro4
[0.913s] 
[0.913s] Installed /home/matikurcze00/dev_ws/src/roszkowski_zajac/build/anro4
[0.914s] running install_data
[0.914s] copying anro4/oint.py -> /home/matikurcze00/dev_ws/src/roszkowski_zajac/install/anro4/share/anro4
[0.914s] copying anro4/ocmd.py -> /home/matikurcze00/dev_ws/src/roszkowski_zajac/install/anro4/share/anro4
[0.914s] copying anro4/jint.py -> /home/matikurcze00/dev_ws/src/roszkowski_zajac/install/anro4/share/anro4
[0.953s] Invoked command in '/home/matikurcze00/dev_ws/src/roszkowski_zajac/build/anro4' returned '0': AMENT_PREFIX_PATH=/home/matikurcze00/dev_ws/src/roszkowski_zajac/install/anro4_interface:${AMENT_PREFIX_PATH} CMAKE_PREFIX_PATH=/home/matikurcze00/dev_ws/src/roszkowski_zajac/install/anro4_interface LD_LIBRARY_PATH=/home/matikurcze00/dev_ws/src/roszkowski_zajac/install/anro4_interface/lib:${LD_LIBRARY_PATH} PYTHONPATH=/home/matikurcze00/dev_ws/src/roszkowski_zajac/install/anro4/lib/python3.8/site-packages:/home/matikurcze00/dev_ws/src/roszkowski_zajac/install/anro4_interface/lib/python3.8/site-packages:${PYTHONPATH} /usr/bin/python3 setup.py develop --prefix /home/matikurcze00/dev_ws/src/roszkowski_zajac/install/anro4 --editable --build-directory /home/matikurcze00/dev_ws/src/roszkowski_zajac/build/anro4/build --no-deps install_data --install-dir /home/matikurcze00/dev_ws/src/roszkowski_zajac/install/anro4
