[0.356s] Invoking command in '/home/matikurcze00/dev_ws/src/roszkowski_zajac/anro3/build/anro3': PYTHONPATH=/home/matikurcze00/dev_ws/src/roszkowski_zajac/anro3/install/anro3/lib/python3.8/site-packages:${PYTHONPATH} /usr/bin/python3 setup.py develop --prefix /home/matikurcze00/dev_ws/src/roszkowski_zajac/anro3/install/anro3 --editable --build-directory /home/matikurcze00/dev_ws/src/roszkowski_zajac/anro3/build/anro3/build --no-deps install_data --install-dir /home/matikurcze00/dev_ws/src/roszkowski_zajac/anro3/install/anro3
[0.724s] running develop
[0.939s] running egg_info
[0.941s] writing anro3.egg-info/PKG-INFO
[0.941s] writing dependency_links to anro3.egg-info/dependency_links.txt
[0.941s] writing entry points to anro3.egg-info/entry_points.txt
[0.941s] writing requirements to anro3.egg-info/requires.txt
[0.941s] writing top-level names to anro3.egg-info/top_level.txt
[0.993s] reading manifest file 'anro3.egg-info/SOURCES.txt'
[0.994s] writing manifest file 'anro3.egg-info/SOURCES.txt'
[1.053s] running build_ext
[1.054s] Creating /home/matikurcze00/dev_ws/src/roszkowski_zajac/anro3/install/anro3/lib/python3.8/site-packages/anro3.egg-link (link to .)
[1.056s] Installing kdl script to /home/matikurcze00/dev_ws/src/roszkowski_zajac/anro3/install/anro3/lib/anro3
[1.056s] Installing nonkdl script to /home/matikurcze00/dev_ws/src/roszkowski_zajac/anro3/install/anro3/lib/anro3
[1.057s] 
[1.057s] Installed /home/matikurcze00/dev_ws/src/roszkowski_zajac/anro3/build/anro3
[1.057s] running install_data
[1.057s] copying urdf/Macierz_MD-G.json -> /home/matikurcze00/dev_ws/src/roszkowski_zajac/anro3/install/anro3/share/anro3
[1.058s] error: can't copy 'anro3/__pycache__': doesn't exist or not a regular file
[1.106s] Invoked command in '/home/matikurcze00/dev_ws/src/roszkowski_zajac/anro3/build/anro3' returned '1': PYTHONPATH=/home/matikurcze00/dev_ws/src/roszkowski_zajac/anro3/install/anro3/lib/python3.8/site-packages:${PYTHONPATH} /usr/bin/python3 setup.py develop --prefix /home/matikurcze00/dev_ws/src/roszkowski_zajac/anro3/install/anro3 --editable --build-directory /home/matikurcze00/dev_ws/src/roszkowski_zajac/anro3/build/anro3/build --no-deps install_data --install-dir /home/matikurcze00/dev_ws/src/roszkowski_zajac/anro3/install/anro3
