[0.348s] Invoking command in '/home/matikurcze00/dev_ws/src/roszkowski_zajac/anro2/build/anro2': PYTHONPATH=/home/matikurcze00/dev_ws/src/roszkowski_zajac/anro2/install/anro2/lib/python3.8/site-packages:${PYTHONPATH} /usr/bin/python3 setup.py develop --prefix /home/matikurcze00/dev_ws/src/roszkowski_zajac/anro2/install/anro2 --editable --build-directory /home/matikurcze00/dev_ws/src/roszkowski_zajac/anro2/build/anro2/build --no-deps install_data --install-dir /home/matikurcze00/dev_ws/src/roszkowski_zajac/anro2/install/anro2
[0.691s] running develop
[0.866s] running egg_info
[0.867s] writing anro2.egg-info/PKG-INFO
[0.867s] writing dependency_links to anro2.egg-info/dependency_links.txt
[0.867s] writing entry points to anro2.egg-info/entry_points.txt
[0.867s] writing requirements to anro2.egg-info/requires.txt
[0.867s] writing top-level names to anro2.egg-info/top_level.txt
[0.906s] reading manifest file 'anro2.egg-info/SOURCES.txt'
[0.907s] writing manifest file 'anro2.egg-info/SOURCES.txt'
[0.959s] running build_ext
[0.959s] Creating /home/matikurcze00/dev_ws/src/roszkowski_zajac/anro2/install/anro2/lib/python3.8/site-packages/anro2.egg-link (link to .)
[0.961s] Installing state_publisher script to /home/matikurcze00/dev_ws/src/roszkowski_zajac/anro2/install/anro2/lib/anro2
[0.961s] 
[0.962s] Installed /home/matikurcze00/dev_ws/src/roszkowski_zajac/anro2/build/anro2
[0.962s] running install_data
[0.962s] copying launch/demo_move.launch.py -> /home/matikurcze00/dev_ws/src/roszkowski_zajac/anro2/install/anro2/share/anro2
[0.962s] copying launch/rviz.launch.py -> /home/matikurcze00/dev_ws/src/roszkowski_zajac/anro2/install/anro2/share/anro2
[0.962s] copying urdf/robot_arm_move.urdf.xacro.xml -> /home/matikurcze00/dev_ws/src/roszkowski_zajac/anro2/install/anro2/share/anro2
[0.963s] copying urdf/robot_arm.urdf.xacro.xml -> /home/matikurcze00/dev_ws/src/roszkowski_zajac/anro2/install/anro2/share/anro2
[1.000s] Invoked command in '/home/matikurcze00/dev_ws/src/roszkowski_zajac/anro2/build/anro2' returned '0': PYTHONPATH=/home/matikurcze00/dev_ws/src/roszkowski_zajac/anro2/install/anro2/lib/python3.8/site-packages:${PYTHONPATH} /usr/bin/python3 setup.py develop --prefix /home/matikurcze00/dev_ws/src/roszkowski_zajac/anro2/install/anro2 --editable --build-directory /home/matikurcze00/dev_ws/src/roszkowski_zajac/anro2/build/anro2/build --no-deps install_data --install-dir /home/matikurcze00/dev_ws/src/roszkowski_zajac/anro2/install/anro2
