running develop
running egg_info
creating anro3.egg-info
writing anro3.egg-info/PKG-INFO
writing dependency_links to anro3.egg-info/dependency_links.txt
writing entry points to anro3.egg-info/entry_points.txt
writing requirements to anro3.egg-info/requires.txt
writing top-level names to anro3.egg-info/top_level.txt
writing manifest file 'anro3.egg-info/SOURCES.txt'
reading manifest file 'anro3.egg-info/SOURCES.txt'
writing manifest file 'anro3.egg-info/SOURCES.txt'
running build_ext
Creating /home/matikurcze00/dev_ws/src/roszkowski_zajac/anro3/install/anro3/lib/python3.8/site-packages/site.py
Creating /home/matikurcze00/dev_ws/src/roszkowski_zajac/anro3/install/anro3/lib/python3.8/site-packages/anro3.egg-link (link to .)
Installing nonkdl script to /home/matikurcze00/dev_ws/src/roszkowski_zajac/anro3/install/anro3/lib/anro3

Installed /home/matikurcze00/dev_ws/src/roszkowski_zajac/anro3/build/anro3
running install_data
creating /home/matikurcze00/dev_ws/src/roszkowski_zajac/anro3/install/anro3/share/ament_index
creating /home/matikurcze00/dev_ws/src/roszkowski_zajac/anro3/install/anro3/share/ament_index/resource_index
creating /home/matikurcze00/dev_ws/src/roszkowski_zajac/anro3/install/anro3/share/ament_index/resource_index/packages
copying resource/anro3 -> /home/matikurcze00/dev_ws/src/roszkowski_zajac/anro3/install/anro3/share/ament_index/resource_index/packages
copying package.xml -> /home/matikurcze00/dev_ws/src/roszkowski_zajac/anro3/install/anro3/share/anro3
copying launch/anro3.launch.py -> /home/matikurcze00/dev_ws/src/roszkowski_zajac/anro3/install/anro3/share/anro3
copying urdf/dh_to_rpy.py -> /home/matikurcze00/dev_ws/src/roszkowski_zajac/anro3/install/anro3/share/anro3
copying urdf/robot_arm_move.urdf.xacro.xml -> /home/matikurcze00/dev_ws/src/roszkowski_zajac/anro3/install/anro3/share/anro3
copying urdf/Macierz_MD-G.json -> /home/matikurcze00/dev_ws/src/roszkowski_zajac/anro3/install/anro3/share/anro3
copying urdf/urdf_wyniki.yaml -> /home/matikurcze00/dev_ws/src/roszkowski_zajac/anro3/install/anro3/share/anro3
copying anro3/robot_arm.rviz -> /home/matikurcze00/dev_ws/src/roszkowski_zajac/anro3/install/anro3/share/anro3
copying anro3/pose_stamped_kin.py -> /home/matikurcze00/dev_ws/src/roszkowski_zajac/anro3/install/anro3/share/anro3
copying anro3/nonkdl_dkin.py -> /home/matikurcze00/dev_ws/src/roszkowski_zajac/anro3/install/anro3/share/anro3
copying anro3/__init__.py -> /home/matikurcze00/dev_ws/src/roszkowski_zajac/anro3/install/anro3/share/anro3
copying anro3/publ_kin.py -> /home/matikurcze00/dev_ws/src/roszkowski_zajac/anro3/install/anro3/share/anro3
copying anro3/state_publisher.py -> /home/matikurcze00/dev_ws/src/roszkowski_zajac/anro3/install/anro3/share/anro3
