[0.351s] Invoking command in '/home/matikurcze00/dev_ws/src/roszkowski_zajac/anro3/build/anro3': PYTHONPATH=/home/matikurcze00/dev_ws/src/roszkowski_zajac/anro3/install/anro3/lib/python3.8/site-packages:${PYTHONPATH} /usr/bin/python3 setup.py develop --prefix /home/matikurcze00/dev_ws/src/roszkowski_zajac/anro3/install/anro3 --editable --build-directory /home/matikurcze00/dev_ws/src/roszkowski_zajac/anro3/build/anro3/build --no-deps install_data --install-dir /home/matikurcze00/dev_ws/src/roszkowski_zajac/anro3/install/anro3
[0.661s] running develop
[0.842s] running egg_info
[0.842s] creating anro3.egg-info
[0.842s] writing anro3.egg-info/PKG-INFO
[0.843s] writing dependency_links to anro3.egg-info/dependency_links.txt
[0.843s] writing entry points to anro3.egg-info/entry_points.txt
[0.843s] writing requirements to anro3.egg-info/requires.txt
[0.843s] writing top-level names to anro3.egg-info/top_level.txt
[0.845s] writing manifest file 'anro3.egg-info/SOURCES.txt'
[0.883s] reading manifest file 'anro3.egg-info/SOURCES.txt'
[0.884s] writing manifest file 'anro3.egg-info/SOURCES.txt'
[0.928s] running build_ext
[0.929s] Creating /home/matikurcze00/dev_ws/src/roszkowski_zajac/anro3/install/anro3/lib/python3.8/site-packages/site.py
[0.933s] Creating /home/matikurcze00/dev_ws/src/roszkowski_zajac/anro3/install/anro3/lib/python3.8/site-packages/anro3.egg-link (link to .)
[0.934s] Installing nonkdl script to /home/matikurcze00/dev_ws/src/roszkowski_zajac/anro3/install/anro3/lib/anro3
[0.935s] 
[0.935s] Installed /home/matikurcze00/dev_ws/src/roszkowski_zajac/anro3/build/anro3
[0.936s] running install_data
[0.936s] creating /home/matikurcze00/dev_ws/src/roszkowski_zajac/anro3/install/anro3/share/ament_index
[0.936s] creating /home/matikurcze00/dev_ws/src/roszkowski_zajac/anro3/install/anro3/share/ament_index/resource_index
[0.936s] creating /home/matikurcze00/dev_ws/src/roszkowski_zajac/anro3/install/anro3/share/ament_index/resource_index/packages
[0.937s] copying resource/anro3 -> /home/matikurcze00/dev_ws/src/roszkowski_zajac/anro3/install/anro3/share/ament_index/resource_index/packages
[0.937s] copying package.xml -> /home/matikurcze00/dev_ws/src/roszkowski_zajac/anro3/install/anro3/share/anro3
[0.937s] copying launch/anro3.launch.py -> /home/matikurcze00/dev_ws/src/roszkowski_zajac/anro3/install/anro3/share/anro3
[0.937s] copying urdf/dh_to_rpy.py -> /home/matikurcze00/dev_ws/src/roszkowski_zajac/anro3/install/anro3/share/anro3
[0.938s] copying urdf/robot_arm_move.urdf.xacro.xml -> /home/matikurcze00/dev_ws/src/roszkowski_zajac/anro3/install/anro3/share/anro3
[0.938s] copying urdf/Macierz_MD-G.json -> /home/matikurcze00/dev_ws/src/roszkowski_zajac/anro3/install/anro3/share/anro3
[0.938s] copying urdf/urdf_wyniki.yaml -> /home/matikurcze00/dev_ws/src/roszkowski_zajac/anro3/install/anro3/share/anro3
[0.938s] copying anro3/robot_arm.rviz -> /home/matikurcze00/dev_ws/src/roszkowski_zajac/anro3/install/anro3/share/anro3
[0.939s] copying anro3/pose_stamped_kin.py -> /home/matikurcze00/dev_ws/src/roszkowski_zajac/anro3/install/anro3/share/anro3
[0.939s] copying anro3/nonkdl_dkin.py -> /home/matikurcze00/dev_ws/src/roszkowski_zajac/anro3/install/anro3/share/anro3
[0.939s] copying anro3/__init__.py -> /home/matikurcze00/dev_ws/src/roszkowski_zajac/anro3/install/anro3/share/anro3
[0.939s] copying anro3/publ_kin.py -> /home/matikurcze00/dev_ws/src/roszkowski_zajac/anro3/install/anro3/share/anro3
[0.939s] copying anro3/state_publisher.py -> /home/matikurcze00/dev_ws/src/roszkowski_zajac/anro3/install/anro3/share/anro3
[0.981s] Invoked command in '/home/matikurcze00/dev_ws/src/roszkowski_zajac/anro3/build/anro3' returned '0': PYTHONPATH=/home/matikurcze00/dev_ws/src/roszkowski_zajac/anro3/install/anro3/lib/python3.8/site-packages:${PYTHONPATH} /usr/bin/python3 setup.py develop --prefix /home/matikurcze00/dev_ws/src/roszkowski_zajac/anro3/install/anro3 --editable --build-directory /home/matikurcze00/dev_ws/src/roszkowski_zajac/anro3/build/anro3/build --no-deps install_data --install-dir /home/matikurcze00/dev_ws/src/roszkowski_zajac/anro3/install/anro3
