[0.182s] DEBUG:colcon:Command line arguments: ['/usr/bin/colcon', 'build', '--packages-select', 'changed_keys_ANROlab1']
[0.182s] DEBUG:colcon:Parsed command line arguments: Namespace(ament_cmake_args=None, base_paths=['.'], build_base='build', catkin_cmake_args=None, catkin_skip_building_tests=False, cmake_args=None, cmake_clean_cache=False, cmake_clean_first=False, cmake_force_configure=False, cmake_target=None, cmake_target_skip_unavailable=False, continue_on_error=False, event_handlers=None, executor='parallel', ignore_user_meta=False, install_base='install', log_base=None, log_level=None, main=<bound method BuildVerb.main of <colcon_core.verb.build.BuildVerb object at 0x7f14167278b0>>, merge_install=False, metas=['./colcon.meta'], packages_above=None, packages_above_and_dependencies=None, packages_above_depth=None, packages_end=None, packages_ignore=None, packages_ignore_regex=None, packages_select=['changed_keys_ANROlab1'], packages_select_build_failed=False, packages_select_by_dep=None, packages_select_regex=None, packages_select_test_failures=False, packages_skip=None, packages_skip_build_finished=False, packages_skip_by_dep=None, packages_skip_regex=None, packages_skip_test_passed=False, packages_skip_up_to=None, packages_start=None, packages_up_to=None, packages_up_to_regex=None, parallel_workers=4, paths=None, symlink_install=False, test_result_base=None, verb_extension=<colcon_core.verb.build.BuildVerb object at 0x7f14167278b0>, verb_name='build', verb_parser=<colcon_defaults.argument_parser.defaults.DefaultArgumentsDecorator object at 0x7f1416727e20>)
[0.187s] Level 1:colcon.colcon_core.package_discovery:discover_packages(colcon_meta) check parameters
[0.188s] Level 1:colcon.colcon_core.package_discovery:discover_packages(recursive) check parameters
[0.188s] Level 1:colcon.colcon_core.package_discovery:discover_packages(ignore) check parameters
[0.188s] Level 1:colcon.colcon_core.package_discovery:discover_packages(path) check parameters
[0.188s] Level 1:colcon.colcon_core.package_discovery:discover_packages(colcon_meta) discover
[0.188s] Level 1:colcon.colcon_core.package_discovery:discover_packages(recursive) discover
[0.188s] INFO:colcon.colcon_core.package_discovery:Crawling recursively for packages in '/home/matikurcze00/dev_ws/src/roszkowski_zajac'
[0.188s] Level 1:colcon.colcon_core.package_identification:_identify(.) by extensions ['ignore', 'ignore_ament_install']
[0.188s] Level 1:colcon.colcon_core.package_identification:_identify(.) by extension 'ignore'
[0.188s] Level 1:colcon.colcon_core.package_identification:_identify(.) by extension 'ignore_ament_install'
[0.188s] Level 1:colcon.colcon_core.package_identification:_identify(.) by extensions ['colcon_pkg']
[0.188s] Level 1:colcon.colcon_core.package_identification:_identify(.) by extension 'colcon_pkg'
[0.188s] Level 1:colcon.colcon_core.package_identification:_identify(.) by extensions ['colcon_meta']
[0.189s] Level 1:colcon.colcon_core.package_identification:_identify(.) by extension 'colcon_meta'
[0.189s] Level 1:colcon.colcon_core.package_identification:_identify(.) by extensions ['ros']
[0.189s] Level 1:colcon.colcon_core.package_identification:_identify(.) by extension 'ros'
[0.202s] Level 1:colcon.colcon_core.package_identification:_identify(.) by extensions ['cmake', 'python']
[0.202s] Level 1:colcon.colcon_core.package_identification:_identify(.) by extension 'cmake'
[0.202s] Level 1:colcon.colcon_core.package_identification:_identify(.) by extension 'python'
[0.202s] Level 1:colcon.colcon_core.package_identification:_identify(.) by extensions ['python_setup_py']
[0.202s] Level 1:colcon.colcon_core.package_identification:_identify(.) by extension 'python_setup_py'
[0.202s] Level 1:colcon.colcon_core.package_identification:_identify(build) by extensions ['ignore', 'ignore_ament_install']
[0.202s] Level 1:colcon.colcon_core.package_identification:_identify(build) by extension 'ignore'
[0.202s] Level 1:colcon.colcon_core.package_identification:_identify(build) ignored
[0.202s] Level 1:colcon.colcon_core.package_identification:_identify(changed_keys_ANROlab1) by extensions ['ignore', 'ignore_ament_install']
[0.202s] Level 1:colcon.colcon_core.package_identification:_identify(changed_keys_ANROlab1) by extension 'ignore'
[0.202s] Level 1:colcon.colcon_core.package_identification:_identify(changed_keys_ANROlab1) by extension 'ignore_ament_install'
[0.203s] Level 1:colcon.colcon_core.package_identification:_identify(changed_keys_ANROlab1) by extensions ['colcon_pkg']
[0.203s] Level 1:colcon.colcon_core.package_identification:_identify(changed_keys_ANROlab1) by extension 'colcon_pkg'
[0.203s] Level 1:colcon.colcon_core.package_identification:_identify(changed_keys_ANROlab1) by extensions ['colcon_meta']
[0.203s] Level 1:colcon.colcon_core.package_identification:_identify(changed_keys_ANROlab1) by extension 'colcon_meta'
[0.203s] Level 1:colcon.colcon_core.package_identification:_identify(changed_keys_ANROlab1) by extensions ['ros']
[0.203s] Level 1:colcon.colcon_core.package_identification:_identify(changed_keys_ANROlab1) by extension 'ros'
[0.206s] DEBUG:colcon.colcon_core.package_identification:Package 'changed_keys_ANROlab1' with type 'ros.ament_python' and name 'changed_keys_ANROlab1'
[0.206s] Level 1:colcon.colcon_core.package_identification:_identify(install) by extensions ['ignore', 'ignore_ament_install']
[0.206s] Level 1:colcon.colcon_core.package_identification:_identify(install) by extension 'ignore'
[0.206s] Level 1:colcon.colcon_core.package_identification:_identify(install) ignored
[0.206s] Level 1:colcon.colcon_core.package_identification:_identify(log) by extensions ['ignore', 'ignore_ament_install']
[0.207s] Level 1:colcon.colcon_core.package_identification:_identify(log) by extension 'ignore'
[0.207s] Level 1:colcon.colcon_core.package_identification:_identify(log) ignored
[0.207s] Level 1:colcon.colcon_core.package_discovery:discover_packages(recursive) using defaults
[0.207s] Level 1:colcon.colcon_core.package_discovery:discover_packages(ignore) discover
[0.207s] Level 1:colcon.colcon_core.package_discovery:discover_packages(ignore) using defaults
[0.207s] Level 1:colcon.colcon_core.package_discovery:discover_packages(path) discover
[0.207s] Level 1:colcon.colcon_core.package_discovery:discover_packages(path) using defaults
[0.232s] Level 5:colcon.colcon_core.verb:set package 'changed_keys_ANROlab1' build argument 'cmake_args' from command line to 'None'
[0.232s] Level 5:colcon.colcon_core.verb:set package 'changed_keys_ANROlab1' build argument 'cmake_target' from command line to 'None'
[0.232s] Level 5:colcon.colcon_core.verb:set package 'changed_keys_ANROlab1' build argument 'cmake_target_skip_unavailable' from command line to 'False'
[0.232s] Level 5:colcon.colcon_core.verb:set package 'changed_keys_ANROlab1' build argument 'cmake_clean_cache' from command line to 'False'
[0.232s] Level 5:colcon.colcon_core.verb:set package 'changed_keys_ANROlab1' build argument 'cmake_clean_first' from command line to 'False'
[0.232s] Level 5:colcon.colcon_core.verb:set package 'changed_keys_ANROlab1' build argument 'cmake_force_configure' from command line to 'False'
[0.232s] Level 5:colcon.colcon_core.verb:set package 'changed_keys_ANROlab1' build argument 'ament_cmake_args' from command line to 'None'
[0.232s] Level 5:colcon.colcon_core.verb:set package 'changed_keys_ANROlab1' build argument 'catkin_cmake_args' from command line to 'None'
[0.232s] Level 5:colcon.colcon_core.verb:set package 'changed_keys_ANROlab1' build argument 'catkin_skip_building_tests' from command line to 'False'
[0.232s] DEBUG:colcon.colcon_core.verb:Building package 'changed_keys_ANROlab1' with the following arguments: {'ament_cmake_args': None, 'build_base': '/home/matikurcze00/dev_ws/src/roszkowski_zajac/build/changed_keys_ANROlab1', 'catkin_cmake_args': None, 'catkin_skip_building_tests': False, 'cmake_args': None, 'cmake_clean_cache': False, 'cmake_clean_first': False, 'cmake_force_configure': False, 'cmake_target': None, 'cmake_target_skip_unavailable': False, 'install_base': '/home/matikurcze00/dev_ws/src/roszkowski_zajac/install/changed_keys_ANROlab1', 'merge_install': False, 'path': '/home/matikurcze00/dev_ws/src/roszkowski_zajac/changed_keys_ANROlab1', 'symlink_install': False, 'test_result_base': None}
[0.233s] INFO:colcon.colcon_core.executor:Executing jobs using 'parallel' executor
[0.235s] DEBUG:colcon.colcon_parallel_executor.executor.parallel:run_until_complete
[0.236s] INFO:colcon.colcon_ros.task.ament_python.build:Building ROS package in '/home/matikurcze00/dev_ws/src/roszkowski_zajac/changed_keys_ANROlab1' with build type 'ament_python'
[0.236s] Level 1:colcon.colcon_core.shell:create_environment_hook('changed_keys_ANROlab1', 'ament_prefix_path')
[0.241s] INFO:colcon.colcon_core.plugin_system:Skipping extension 'colcon_core.shell.bat': Not used on non-Windows systems
[0.241s] INFO:colcon.colcon_core.shell:Creating environment hook '/home/matikurcze00/dev_ws/src/roszkowski_zajac/install/changed_keys_ANROlab1/share/changed_keys_ANROlab1/hook/ament_prefix_path.ps1'
[0.242s] INFO:colcon.colcon_core.shell:Creating environment descriptor '/home/matikurcze00/dev_ws/src/roszkowski_zajac/install/changed_keys_ANROlab1/share/changed_keys_ANROlab1/hook/ament_prefix_path.dsv'
[0.243s] INFO:colcon.colcon_core.shell:Creating environment hook '/home/matikurcze00/dev_ws/src/roszkowski_zajac/install/changed_keys_ANROlab1/share/changed_keys_ANROlab1/hook/ament_prefix_path.sh'
[0.244s] INFO:colcon.colcon_core.shell:Skip shell extension 'powershell' for command environment: Not usable outside of PowerShell
[0.244s] DEBUG:colcon.colcon_core.shell:Skip shell extension 'dsv' for command environment
[0.246s] DEBUG:colcon.colcon_core.shell:Ignoring prefix path '/opt/ros/foxy'
[0.641s] DEBUG:colcon.colcon_parallel_executor.executor.parallel:closing loop
[0.641s] DEBUG:colcon.colcon_parallel_executor.executor.parallel:loop closed
[0.642s] DEBUG:colcon.colcon_parallel_executor.executor.parallel:run_until_complete finished with 'Command '['/usr/bin/python3', '-c', "import sys;from setuptools.extern.packaging.specifiers import SpecifierSet;from distutils.core import run_setup;dist = run_setup(    'setup.py', script_args=('--dry-run',), stop_after='config');skip_keys = ('cmdclass', 'distclass', 'ext_modules', 'metadata');data = {    key: value for key, value in dist.__dict__.items()     if (        not key.startswith('_') and         not callable(value) and         key not in skip_keys and         key not in dist.display_option_names    )};data['metadata'] = {    k: v for k, v in dist.metadata.__dict__.items()     if k not in ('license_files', 'provides_extras')};sys.stdout.buffer.write(repr(data).encode('utf-8'))"]' returned non-zero exit status 1.'
[0.642s] DEBUG:colcon.colcon_core.event_reactor:joining thread
[0.649s] INFO:colcon.colcon_core.plugin_system:Skipping extension 'colcon_notification.desktop_notification.terminal_notifier': Not used on non-Darwin systems
[0.649s] INFO:colcon.colcon_core.plugin_system:Skipping extension 'colcon_notification.desktop_notification.win32': Not used on non-Windows systems
[0.649s] INFO:colcon.colcon_notification.desktop_notification:Sending desktop notification using 'notify2'
[0.669s] DEBUG:colcon.colcon_core.event_reactor:joined thread
[0.670s] INFO:colcon.colcon_core.shell:Creating prefix script '/home/matikurcze00/dev_ws/src/roszkowski_zajac/install/local_setup.ps1'
[0.671s] INFO:colcon.colcon_core.shell:Creating prefix util module '/home/matikurcze00/dev_ws/src/roszkowski_zajac/install/_local_setup_util_ps1.py'
[0.672s] INFO:colcon.colcon_core.shell:Creating prefix chain script '/home/matikurcze00/dev_ws/src/roszkowski_zajac/install/setup.ps1'
[0.675s] INFO:colcon.colcon_core.shell:Creating prefix script '/home/matikurcze00/dev_ws/src/roszkowski_zajac/install/local_setup.sh'
[0.676s] INFO:colcon.colcon_core.shell:Creating prefix util module '/home/matikurcze00/dev_ws/src/roszkowski_zajac/install/_local_setup_util_sh.py'
[0.676s] INFO:colcon.colcon_core.shell:Creating prefix chain script '/home/matikurcze00/dev_ws/src/roszkowski_zajac/install/setup.sh'
[0.679s] INFO:colcon.colcon_core.shell:Creating prefix script '/home/matikurcze00/dev_ws/src/roszkowski_zajac/install/local_setup.bash'
[0.680s] INFO:colcon.colcon_core.shell:Creating prefix chain script '/home/matikurcze00/dev_ws/src/roszkowski_zajac/install/setup.bash'
[0.683s] INFO:colcon.colcon_core.shell:Creating prefix script '/home/matikurcze00/dev_ws/src/roszkowski_zajac/install/local_setup.zsh'
[0.683s] INFO:colcon.colcon_core.shell:Creating prefix chain script '/home/matikurcze00/dev_ws/src/roszkowski_zajac/install/setup.zsh'
