[0.373s] Invoking command in '/home/matikurcze00/dev_ws/src/roszkowski_zajac/build/anro4': AMENT_PREFIX_PATH=/home/matikurcze00/dev_ws/src/roszkowski_zajac/install/anro4_interface:${AMENT_PREFIX_PATH} CMAKE_PREFIX_PATH=/home/matikurcze00/dev_ws/src/roszkowski_zajac/install/anro4_interface LD_LIBRARY_PATH=/home/matikurcze00/dev_ws/src/roszkowski_zajac/install/anro4_interface/lib:${LD_LIBRARY_PATH} PYTHONPATH=/home/matikurcze00/dev_ws/src/roszkowski_zajac/install/anro4/lib/python3.8/site-packages:/home/matikurcze00/dev_ws/src/roszkowski_zajac/install/anro4_interface/lib/python3.8/site-packages:${PYTHONPATH} /usr/bin/python3 setup.py develop --prefix /home/matikurcze00/dev_ws/src/roszkowski_zajac/install/anro4 --editable --build-directory /home/matikurcze00/dev_ws/src/roszkowski_zajac/build/anro4/build --no-deps install_data --install-dir /home/matikurcze00/dev_ws/src/roszkowski_zajac/install/anro4
[0.732s] running develop
[0.921s] running egg_info
[0.921s] writing anro4.egg-info/PKG-INFO
[0.922s] writing dependency_links to anro4.egg-info/dependency_links.txt
[0.922s] writing entry points to anro4.egg-info/entry_points.txt
[0.922s] writing requirements to anro4.egg-info/requires.txt
[0.922s] writing top-level names to anro4.egg-info/top_level.txt
[0.973s] reading manifest file 'anro4.egg-info/SOURCES.txt'
[0.975s] writing manifest file 'anro4.egg-info/SOURCES.txt'
[1.041s] running build_ext
[1.042s] Creating /home/matikurcze00/dev_ws/src/roszkowski_zajac/install/anro4/lib/python3.8/site-packages/anro4.egg-link (link to .)
[1.043s] Installing interpolation_client script to /home/matikurcze00/dev_ws/src/roszkowski_zajac/install/anro4/lib/anro4
[1.043s] Installing interpolation_service script to /home/matikurcze00/dev_ws/src/roszkowski_zajac/install/anro4/lib/anro4
[1.043s] Installing op_client script to /home/matikurcze00/dev_ws/src/roszkowski_zajac/install/anro4/lib/anro4
[1.044s] Installing op_service script to /home/matikurcze00/dev_ws/src/roszkowski_zajac/install/anro4/lib/anro4
[1.044s] 
[1.044s] Installed /home/matikurcze00/dev_ws/src/roszkowski_zajac/build/anro4
[1.044s] running install_data
[1.044s] copying launch/anro4.launch.py -> /home/matikurcze00/dev_ws/src/roszkowski_zajac/install/anro4/share/anro4
[1.045s] copying anro4/jcmd.py -> /home/matikurcze00/dev_ws/src/roszkowski_zajac/install/anro4/share/anro4
[1.045s] copying anro4/jint.py -> /home/matikurcze00/dev_ws/src/roszkowski_zajac/install/anro4/share/anro4
[1.085s] Invoked command in '/home/matikurcze00/dev_ws/src/roszkowski_zajac/build/anro4' returned '0': AMENT_PREFIX_PATH=/home/matikurcze00/dev_ws/src/roszkowski_zajac/install/anro4_interface:${AMENT_PREFIX_PATH} CMAKE_PREFIX_PATH=/home/matikurcze00/dev_ws/src/roszkowski_zajac/install/anro4_interface LD_LIBRARY_PATH=/home/matikurcze00/dev_ws/src/roszkowski_zajac/install/anro4_interface/lib:${LD_LIBRARY_PATH} PYTHONPATH=/home/matikurcze00/dev_ws/src/roszkowski_zajac/install/anro4/lib/python3.8/site-packages:/home/matikurcze00/dev_ws/src/roszkowski_zajac/install/anro4_interface/lib/python3.8/site-packages:${PYTHONPATH} /usr/bin/python3 setup.py develop --prefix /home/matikurcze00/dev_ws/src/roszkowski_zajac/install/anro4 --editable --build-directory /home/matikurcze00/dev_ws/src/roszkowski_zajac/build/anro4/build --no-deps install_data --install-dir /home/matikurcze00/dev_ws/src/roszkowski_zajac/install/anro4
