running egg_info
creating ../build/changed_keys_ANROlab1/changed_keys_ANROlab1.egg-info
writing ../build/changed_keys_ANROlab1/changed_keys_ANROlab1.egg-info/PKG-INFO
writing dependency_links to ../build/changed_keys_ANROlab1/changed_keys_ANROlab1.egg-info/dependency_links.txt
writing entry points to ../build/changed_keys_ANROlab1/changed_keys_ANROlab1.egg-info/entry_points.txt
writing requirements to ../build/changed_keys_ANROlab1/changed_keys_ANROlab1.egg-info/requires.txt
writing top-level names to ../build/changed_keys_ANROlab1/changed_keys_ANROlab1.egg-info/top_level.txt
writing manifest file '../build/changed_keys_ANROlab1/changed_keys_ANROlab1.egg-info/SOURCES.txt'
reading manifest file '../build/changed_keys_ANROlab1/changed_keys_ANROlab1.egg-info/SOURCES.txt'
writing manifest file '../build/changed_keys_ANROlab1/changed_keys_ANROlab1.egg-info/SOURCES.txt'
running build
running build_py
creating /home/matikurcze00/dev_ws/src/roszkowski_zajac/build/changed_keys_ANROlab1/build
creating /home/matikurcze00/dev_ws/src/roszkowski_zajac/build/changed_keys_ANROlab1/build/lib
creating /home/matikurcze00/dev_ws/src/roszkowski_zajac/build/changed_keys_ANROlab1/build/lib/changed_keys_ANROlab1
copying changed_keys_ANROlab1/Movement_publisher.py -> /home/matikurcze00/dev_ws/src/roszkowski_zajac/build/changed_keys_ANROlab1/build/lib/changed_keys_ANROlab1
copying changed_keys_ANROlab1/__init__.py -> /home/matikurcze00/dev_ws/src/roszkowski_zajac/build/changed_keys_ANROlab1/build/lib/changed_keys_ANROlab1
running install
running install_lib
creating /home/matikurcze00/dev_ws/src/roszkowski_zajac/install/changed_keys_ANROlab1/lib/python3.8/site-packages/changed_keys_ANROlab1
copying /home/matikurcze00/dev_ws/src/roszkowski_zajac/build/changed_keys_ANROlab1/build/lib/changed_keys_ANROlab1/Movement_publisher.py -> /home/matikurcze00/dev_ws/src/roszkowski_zajac/install/changed_keys_ANROlab1/lib/python3.8/site-packages/changed_keys_ANROlab1
copying /home/matikurcze00/dev_ws/src/roszkowski_zajac/build/changed_keys_ANROlab1/build/lib/changed_keys_ANROlab1/__init__.py -> /home/matikurcze00/dev_ws/src/roszkowski_zajac/install/changed_keys_ANROlab1/lib/python3.8/site-packages/changed_keys_ANROlab1
byte-compiling /home/matikurcze00/dev_ws/src/roszkowski_zajac/install/changed_keys_ANROlab1/lib/python3.8/site-packages/changed_keys_ANROlab1/Movement_publisher.py to Movement_publisher.cpython-38.pyc
byte-compiling /home/matikurcze00/dev_ws/src/roszkowski_zajac/install/changed_keys_ANROlab1/lib/python3.8/site-packages/changed_keys_ANROlab1/__init__.py to __init__.cpython-38.pyc
running install_data
creating /home/matikurcze00/dev_ws/src/roszkowski_zajac/install/changed_keys_ANROlab1/share/ament_index
creating /home/matikurcze00/dev_ws/src/roszkowski_zajac/install/changed_keys_ANROlab1/share/ament_index/resource_index
creating /home/matikurcze00/dev_ws/src/roszkowski_zajac/install/changed_keys_ANROlab1/share/ament_index/resource_index/packages
copying resource/changed_keys_ANROlab1 -> /home/matikurcze00/dev_ws/src/roszkowski_zajac/install/changed_keys_ANROlab1/share/ament_index/resource_index/packages
copying package.xml -> /home/matikurcze00/dev_ws/src/roszkowski_zajac/install/changed_keys_ANROlab1/share/changed_keys_ANROlab1
running install_egg_info
Copying ../build/changed_keys_ANROlab1/changed_keys_ANROlab1.egg-info to /home/matikurcze00/dev_ws/src/roszkowski_zajac/install/changed_keys_ANROlab1/lib/python3.8/site-packages/changed_keys_ANROlab1-0.0.0-py3.8.egg-info
running install_scripts
Installing talker script to /home/matikurcze00/dev_ws/src/roszkowski_zajac/install/changed_keys_ANROlab1/lib/changed_keys_ANROlab1
writing list of installed files to '/home/matikurcze00/dev_ws/src/roszkowski_zajac/build/changed_keys_ANROlab1/install.log'
