[0.280s] Invoking command in '/home/matikurcze00/dev_ws/src/roszkowski_zajac/changed_keys_ANROlab1': PYTHONPATH=/home/matikurcze00/dev_ws/src/roszkowski_zajac/install/changed_keys_ANROlab1/lib/python3.8/site-packages:${PYTHONPATH} /usr/bin/python3 setup.py egg_info --egg-base ../build/changed_keys_ANROlab1 build --build-base /home/matikurcze00/dev_ws/src/roszkowski_zajac/build/changed_keys_ANROlab1/build install --prefix /home/matikurcze00/dev_ws/src/roszkowski_zajac/install/changed_keys_ANROlab1 --record /home/matikurcze00/dev_ws/src/roszkowski_zajac/build/changed_keys_ANROlab1/install.log --single-version-externally-managed
[0.521s] running egg_info
[0.521s] creating ../build/changed_keys_ANROlab1/changed_keys_ANROlab1.egg-info
[0.522s] writing ../build/changed_keys_ANROlab1/changed_keys_ANROlab1.egg-info/PKG-INFO
[0.522s] writing dependency_links to ../build/changed_keys_ANROlab1/changed_keys_ANROlab1.egg-info/dependency_links.txt
[0.522s] writing entry points to ../build/changed_keys_ANROlab1/changed_keys_ANROlab1.egg-info/entry_points.txt
[0.523s] writing requirements to ../build/changed_keys_ANROlab1/changed_keys_ANROlab1.egg-info/requires.txt
[0.523s] writing top-level names to ../build/changed_keys_ANROlab1/changed_keys_ANROlab1.egg-info/top_level.txt
[0.524s] writing manifest file '../build/changed_keys_ANROlab1/changed_keys_ANROlab1.egg-info/SOURCES.txt'
[0.562s] reading manifest file '../build/changed_keys_ANROlab1/changed_keys_ANROlab1.egg-info/SOURCES.txt'
[0.563s] writing manifest file '../build/changed_keys_ANROlab1/changed_keys_ANROlab1.egg-info/SOURCES.txt'
[0.563s] running build
[0.564s] running build_py
[0.564s] creating /home/matikurcze00/dev_ws/src/roszkowski_zajac/build/changed_keys_ANROlab1/build
[0.564s] creating /home/matikurcze00/dev_ws/src/roszkowski_zajac/build/changed_keys_ANROlab1/build/lib
[0.564s] creating /home/matikurcze00/dev_ws/src/roszkowski_zajac/build/changed_keys_ANROlab1/build/lib/changed_keys_ANROlab1
[0.565s] copying changed_keys_ANROlab1/Movement_publisher.py -> /home/matikurcze00/dev_ws/src/roszkowski_zajac/build/changed_keys_ANROlab1/build/lib/changed_keys_ANROlab1
[0.565s] copying changed_keys_ANROlab1/__init__.py -> /home/matikurcze00/dev_ws/src/roszkowski_zajac/build/changed_keys_ANROlab1/build/lib/changed_keys_ANROlab1
[0.565s] running install
[0.566s] running install_lib
[0.567s] creating /home/matikurcze00/dev_ws/src/roszkowski_zajac/install/changed_keys_ANROlab1/lib/python3.8/site-packages/changed_keys_ANROlab1
[0.567s] copying /home/matikurcze00/dev_ws/src/roszkowski_zajac/build/changed_keys_ANROlab1/build/lib/changed_keys_ANROlab1/Movement_publisher.py -> /home/matikurcze00/dev_ws/src/roszkowski_zajac/install/changed_keys_ANROlab1/lib/python3.8/site-packages/changed_keys_ANROlab1
[0.567s] copying /home/matikurcze00/dev_ws/src/roszkowski_zajac/build/changed_keys_ANROlab1/build/lib/changed_keys_ANROlab1/__init__.py -> /home/matikurcze00/dev_ws/src/roszkowski_zajac/install/changed_keys_ANROlab1/lib/python3.8/site-packages/changed_keys_ANROlab1
[0.568s] byte-compiling /home/matikurcze00/dev_ws/src/roszkowski_zajac/install/changed_keys_ANROlab1/lib/python3.8/site-packages/changed_keys_ANROlab1/Movement_publisher.py to Movement_publisher.cpython-38.pyc
[0.570s] byte-compiling /home/matikurcze00/dev_ws/src/roszkowski_zajac/install/changed_keys_ANROlab1/lib/python3.8/site-packages/changed_keys_ANROlab1/__init__.py to __init__.cpython-38.pyc
[0.570s] running install_data
[0.571s] creating /home/matikurcze00/dev_ws/src/roszkowski_zajac/install/changed_keys_ANROlab1/share/ament_index
[0.571s] creating /home/matikurcze00/dev_ws/src/roszkowski_zajac/install/changed_keys_ANROlab1/share/ament_index/resource_index
[0.571s] creating /home/matikurcze00/dev_ws/src/roszkowski_zajac/install/changed_keys_ANROlab1/share/ament_index/resource_index/packages
[0.572s] copying resource/changed_keys_ANROlab1 -> /home/matikurcze00/dev_ws/src/roszkowski_zajac/install/changed_keys_ANROlab1/share/ament_index/resource_index/packages
[0.572s] copying package.xml -> /home/matikurcze00/dev_ws/src/roszkowski_zajac/install/changed_keys_ANROlab1/share/changed_keys_ANROlab1
[0.572s] running install_egg_info
[0.574s] Copying ../build/changed_keys_ANROlab1/changed_keys_ANROlab1.egg-info to /home/matikurcze00/dev_ws/src/roszkowski_zajac/install/changed_keys_ANROlab1/lib/python3.8/site-packages/changed_keys_ANROlab1-0.0.0-py3.8.egg-info
[0.574s] running install_scripts
[0.594s] Installing talker script to /home/matikurcze00/dev_ws/src/roszkowski_zajac/install/changed_keys_ANROlab1/lib/changed_keys_ANROlab1
[0.594s] writing list of installed files to '/home/matikurcze00/dev_ws/src/roszkowski_zajac/build/changed_keys_ANROlab1/install.log'
[0.620s] Invoked command in '/home/matikurcze00/dev_ws/src/roszkowski_zajac/changed_keys_ANROlab1' returned '0': PYTHONPATH=/home/matikurcze00/dev_ws/src/roszkowski_zajac/install/changed_keys_ANROlab1/lib/python3.8/site-packages:${PYTHONPATH} /usr/bin/python3 setup.py egg_info --egg-base ../build/changed_keys_ANROlab1 build --build-base /home/matikurcze00/dev_ws/src/roszkowski_zajac/build/changed_keys_ANROlab1/build install --prefix /home/matikurcze00/dev_ws/src/roszkowski_zajac/install/changed_keys_ANROlab1 --record /home/matikurcze00/dev_ws/src/roszkowski_zajac/build/changed_keys_ANROlab1/install.log --single-version-externally-managed
