[0.016s] Invoking command in '/home/matikurcze00/dev_ws/src/roszkowski_zajac/build/anro4_interface': CMAKE_PREFIX_PATH=/opt/ros/foxy /usr/bin/cmake /home/matikurcze00/dev_ws/src/roszkowski_zajac/anro4_interface -DAMENT_CMAKE_SYMLINK_INSTALL=1 -DCMAKE_INSTALL_PREFIX=/home/matikurcze00/dev_ws/src/roszkowski_zajac/install/anro4_interface
[0.039s] -- Found ament_cmake: 0.9.8 (/opt/ros/foxy/share/ament_cmake/cmake)
[0.070s] -- Found PythonInterp: /usr/bin/python3 (found suitable version "3.8.5", minimum required is "3") 
[0.070s] -- Using PYTHON_EXECUTABLE: /usr/bin/python3
[0.300s] -- Override CMake install command with custom implementation using symlinks instead of copying resources
[0.310s] -- Found rosidl_default_generators: 1.0.0 (/opt/ros/foxy/share/rosidl_default_generators/cmake)
[0.313s] -- Using all available rosidl_typesupport_c: rosidl_typesupport_fastrtps_c;rosidl_typesupport_introspection_c
[0.317s] -- Found rosidl_adapter: 1.2.0 (/opt/ros/foxy/share/rosidl_adapter/cmake)
[0.487s] -- Using all available rosidl_typesupport_cpp: rosidl_typesupport_fastrtps_cpp;rosidl_typesupport_introspection_cpp
[0.545s] -- Found PythonInterp: /usr/bin/python3 (found version "3.8.5") 
[0.704s] CMake Error at /opt/ros/foxy/share/ament_cmake_core/cmake/core/ament_package_xml.cmake:53 (message):
[0.704s]   ament_package_xml() package name 'anro4_interface' in '/package.xml' does
[0.704s]   not match current PROJECT_NAME 'zadanie4_interface'.  You must call
[0.704s]   project() with the same package name before.
[0.704s] Call Stack (most recent call first):
[0.704s]   /opt/ros/foxy/share/rosidl_cmake/cmake/rosidl_generate_interfaces.cmake:226 (ament_package_xml)
[0.704s]   CMakeLists.txt:16 (rosidl_generate_interfaces)
[0.704s] 
[0.704s] 
[0.706s] -- Configuring incomplete, errors occurred!
[0.706s] See also "/home/matikurcze00/dev_ws/src/roszkowski_zajac/build/anro4_interface/CMakeFiles/CMakeOutput.log".
[0.713s] Invoked command in '/home/matikurcze00/dev_ws/src/roszkowski_zajac/build/anro4_interface' returned '1': CMAKE_PREFIX_PATH=/opt/ros/foxy /usr/bin/cmake /home/matikurcze00/dev_ws/src/roszkowski_zajac/anro4_interface -DAMENT_CMAKE_SYMLINK_INSTALL=1 -DCMAKE_INSTALL_PREFIX=/home/matikurcze00/dev_ws/src/roszkowski_zajac/install/anro4_interface
