[0.354s] Invoking command in '/home/matikurcze00/dev_ws/src/roszkowski_zajac/anro2/build/anro2': PYTHONPATH=/home/matikurcze00/dev_ws/src/roszkowski_zajac/anro2/install/anro2/lib/python3.8/site-packages:${PYTHONPATH} /usr/bin/python3 setup.py develop --prefix /home/matikurcze00/dev_ws/src/roszkowski_zajac/anro2/install/anro2 --editable --build-directory /home/matikurcze00/dev_ws/src/roszkowski_zajac/anro2/build/anro2/build --no-deps install_data --install-dir /home/matikurcze00/dev_ws/src/roszkowski_zajac/anro2/install/anro2
[0.689s] running develop
[0.863s] running egg_info
[0.863s] writing anro2.egg-info/PKG-INFO
[0.864s] writing dependency_links to anro2.egg-info/dependency_links.txt
[0.864s] writing entry points to anro2.egg-info/entry_points.txt
[0.864s] writing requirements to anro2.egg-info/requires.txt
[0.864s] writing top-level names to anro2.egg-info/top_level.txt
[0.905s] reading manifest file 'anro2.egg-info/SOURCES.txt'
[0.907s] writing manifest file 'anro2.egg-info/SOURCES.txt'
[0.955s] running build_ext
[0.956s] Creating /home/matikurcze00/dev_ws/src/roszkowski_zajac/anro2/install/anro2/lib/python3.8/site-packages/anro2.egg-link (link to .)
[0.957s] Installing state_publisher script to /home/matikurcze00/dev_ws/src/roszkowski_zajac/anro2/install/anro2/lib/anro2
[0.958s] 
[0.958s] Installed /home/matikurcze00/dev_ws/src/roszkowski_zajac/anro2/build/anro2
[0.958s] running install_data
[0.959s] copying launch/demo_move.launch.py -> /home/matikurcze00/dev_ws/src/roszkowski_zajac/anro2/install/anro2/share/anro2
[0.959s] copying launch/rviz.launch.py -> /home/matikurcze00/dev_ws/src/roszkowski_zajac/anro2/install/anro2/share/anro2
[0.960s] copying urdf/robot_arm_move.urdf.xacro.xml -> /home/matikurcze00/dev_ws/src/roszkowski_zajac/anro2/install/anro2/share/anro2
[0.995s] Invoked command in '/home/matikurcze00/dev_ws/src/roszkowski_zajac/anro2/build/anro2' returned '0': PYTHONPATH=/home/matikurcze00/dev_ws/src/roszkowski_zajac/anro2/install/anro2/lib/python3.8/site-packages:${PYTHONPATH} /usr/bin/python3 setup.py develop --prefix /home/matikurcze00/dev_ws/src/roszkowski_zajac/anro2/install/anro2 --editable --build-directory /home/matikurcze00/dev_ws/src/roszkowski_zajac/anro2/build/anro2/build --no-deps install_data --install-dir /home/matikurcze00/dev_ws/src/roszkowski_zajac/anro2/install/anro2
