[0.314s] Invoking command in '/home/matikurcze00/dev_ws/src/roszkowski_zajac/anro3/build/anro3': PYTHONPATH=/home/matikurcze00/dev_ws/src/roszkowski_zajac/anro3/install/anro3/lib/python3.8/site-packages:${PYTHONPATH} /usr/bin/python3 setup.py develop --prefix /home/matikurcze00/dev_ws/src/roszkowski_zajac/anro3/install/anro3 --editable --build-directory /home/matikurcze00/dev_ws/src/roszkowski_zajac/anro3/build/anro3/build --no-deps install_data --install-dir /home/matikurcze00/dev_ws/src/roszkowski_zajac/anro3/install/anro3
[0.606s] running develop
[0.761s] running egg_info
[0.761s] writing anro3.egg-info/PKG-INFO
[0.761s] writing dependency_links to anro3.egg-info/dependency_links.txt
[0.762s] writing entry points to anro3.egg-info/entry_points.txt
[0.762s] writing requirements to anro3.egg-info/requires.txt
[0.762s] writing top-level names to anro3.egg-info/top_level.txt
[0.799s] reading manifest file 'anro3.egg-info/SOURCES.txt'
[0.801s] writing manifest file 'anro3.egg-info/SOURCES.txt'
[0.845s] running build_ext
[0.845s] Creating /home/matikurcze00/dev_ws/src/roszkowski_zajac/anro3/install/anro3/lib/python3.8/site-packages/anro3.egg-link (link to .)
[0.847s] Installing kdl script to /home/matikurcze00/dev_ws/src/roszkowski_zajac/anro3/install/anro3/lib/anro3
[0.847s] Installing nonkdl script to /home/matikurcze00/dev_ws/src/roszkowski_zajac/anro3/install/anro3/lib/anro3
[0.847s] 
[0.848s] Installed /home/matikurcze00/dev_ws/src/roszkowski_zajac/anro3/build/anro3
[0.848s] running install_data
[0.848s] copying anro3/kdl_dkin.py -> /home/matikurcze00/dev_ws/src/roszkowski_zajac/anro3/install/anro3/share/anro3
[0.848s] copying anro3/nonkdl_dkin.py -> /home/matikurcze00/dev_ws/src/roszkowski_zajac/anro3/install/anro3/share/anro3
[0.882s] Invoked command in '/home/matikurcze00/dev_ws/src/roszkowski_zajac/anro3/build/anro3' returned '0': PYTHONPATH=/home/matikurcze00/dev_ws/src/roszkowski_zajac/anro3/install/anro3/lib/python3.8/site-packages:${PYTHONPATH} /usr/bin/python3 setup.py develop --prefix /home/matikurcze00/dev_ws/src/roszkowski_zajac/anro3/install/anro3 --editable --build-directory /home/matikurcze00/dev_ws/src/roszkowski_zajac/anro3/build/anro3/build --no-deps install_data --install-dir /home/matikurcze00/dev_ws/src/roszkowski_zajac/anro3/install/anro3
