-- Found ament_cmake: 0.9.8 (/opt/ros/foxy/share/ament_cmake/cmake)
-- Found PythonInterp: /usr/bin/python3 (found suitable version "3.8.5", minimum required is "3") 
-- Using PYTHON_EXECUTABLE: /usr/bin/python3
-- Override CMake install command with custom implementation using symlinks instead of copying resources
-- Found rosidl_default_generators: 1.0.0 (/opt/ros/foxy/share/rosidl_default_generators/cmake)
-- Using all available rosidl_typesupport_c: rosidl_typesupport_fastrtps_c;rosidl_typesupport_introspection_c
-- Found rosidl_adapter: 1.2.0 (/opt/ros/foxy/share/rosidl_adapter/cmake)
-- Using all available rosidl_typesupport_cpp: rosidl_typesupport_fastrtps_cpp;rosidl_typesupport_introspection_cpp
-- Found PythonInterp: /usr/bin/python3 (found version "3.8.5") 
-- Found ament_cmake_ros: 0.9.1 (/opt/ros/foxy/share/ament_cmake_ros/cmake)
-- Using all available rosidl_typesupport_c: rosidl_typesupport_fastrtps_c;rosidl_typesupport_introspection_c
-- Using all available rosidl_typesupport_cpp: rosidl_typesupport_fastrtps_cpp;rosidl_typesupport_introspection_cpp
-- Found PythonInterp: /usr/bin/python3 (found suitable version "3.8.5", minimum required is "3.5") 
-- Found python_cmake_module: 0.8.0 (/opt/ros/foxy/share/python_cmake_module/cmake)
-- Found PythonLibs: /usr/lib/x86_64-linux-gnu/libpython3.8.so (found suitable version "3.8.5", minimum required is "3.5") 
-- Using PYTHON_EXECUTABLE: /usr/bin/python3
-- Using PYTHON_INCLUDE_DIRS: /usr/include/python3.8
-- Using PYTHON_LIBRARIES: /usr/lib/x86_64-linux-gnu/libpython3.8.so
-- Found PythonExtra: .so  
-- Configuring done
-- Generating done
-- Build files have been written to: /home/matikurcze00/dev_ws/src/roszkowski_zajac/build/anro4_interface
[  2%] [34m[1mGenerating C code for ROS interfaces[0m
[35m[1mScanning dependencies of target anro4_interface__cpp[0m
[  5%] [34m[1mGenerating C++ code for ROS interfaces[0m
[  5%] Built target anro4_interface__cpp
[  7%] [34m[1mGenerating C++ type support dispatch for ROS interfaces[0m
[ 10%] [34m[1mGenerating C++ introspection for ROS interfaces[0m
[35m[1mScanning dependencies of target anro4_interface__rosidl_generator_c[0m
[ 12%] [34m[1mGenerating C++ type support for eProsima Fast-RTPS[0m
[ 15%] [32mBuilding C object CMakeFiles/anro4_interface__rosidl_generator_c.dir/rosidl_generator_c/anro4_interface/srv/detail/interpolation__functions.c.o[0m
[ 17%] [32mBuilding C object CMakeFiles/anro4_interface__rosidl_generator_c.dir/rosidl_generator_c/anro4_interface/srv/detail/op_interpolation__functions.c.o[0m
[ 20%] [32m[1mLinking C shared library libanro4_interface__rosidl_generator_c.so[0m
[ 20%] Built target anro4_interface__rosidl_generator_c
[ 23%] [34m[1mGenerating C introspection for ROS interfaces[0m
[35m[1mScanning dependencies of target anro4_interface__rosidl_typesupport_cpp[0m
[ 25%] [32mBuilding CXX object CMakeFiles/anro4_interface__rosidl_typesupport_cpp.dir/rosidl_typesupport_cpp/anro4_interface/srv/interpolation__type_support.cpp.o[0m
[35m[1mScanning dependencies of target anro4_interface__rosidl_typesupport_introspection_cpp[0m
[ 28%] [32mBuilding CXX object CMakeFiles/anro4_interface__rosidl_typesupport_introspection_cpp.dir/rosidl_typesupport_introspection_cpp/anro4_interface/srv/detail/interpolation__type_support.cpp.o[0m
[35m[1mScanning dependencies of target anro4_interface__rosidl_typesupport_fastrtps_cpp[0m
[ 30%] [32mBuilding CXX object CMakeFiles/anro4_interface__rosidl_typesupport_fastrtps_cpp.dir/rosidl_typesupport_fastrtps_cpp/anro4_interface/srv/detail/dds_fastrtps/interpolation__type_support.cpp.o[0m
[35m[1mScanning dependencies of target anro4_interface__rosidl_typesupport_introspection_c[0m
[ 33%] [32mBuilding C object CMakeFiles/anro4_interface__rosidl_typesupport_introspection_c.dir/rosidl_typesupport_introspection_c/anro4_interface/srv/detail/interpolation__type_support.c.o[0m
[ 35%] [32mBuilding C object CMakeFiles/anro4_interface__rosidl_typesupport_introspection_c.dir/rosidl_typesupport_introspection_c/anro4_interface/srv/detail/op_interpolation__type_support.c.o[0m
[ 38%] [32m[1mLinking C shared library libanro4_interface__rosidl_typesupport_introspection_c.so[0m
[ 41%] [32mBuilding CXX object CMakeFiles/anro4_interface__rosidl_typesupport_introspection_cpp.dir/rosidl_typesupport_introspection_cpp/anro4_interface/srv/detail/op_interpolation__type_support.cpp.o[0m
[ 41%] Built target anro4_interface__rosidl_typesupport_introspection_c
[ 43%] [32mBuilding CXX object CMakeFiles/anro4_interface__rosidl_typesupport_cpp.dir/rosidl_typesupport_cpp/anro4_interface/srv/op_interpolation__type_support.cpp.o[0m
[ 46%] [32mBuilding CXX object CMakeFiles/anro4_interface__rosidl_typesupport_fastrtps_cpp.dir/rosidl_typesupport_fastrtps_cpp/anro4_interface/srv/detail/dds_fastrtps/op_interpolation__type_support.cpp.o[0m
[ 48%] [34m[1mGenerating C type support dispatch for ROS interfaces[0m
[ 51%] [32m[1mLinking CXX shared library libanro4_interface__rosidl_typesupport_introspection_cpp.so[0m
[ 53%] [32m[1mLinking CXX shared library libanro4_interface__rosidl_typesupport_cpp.so[0m
[ 53%] Built target anro4_interface__rosidl_typesupport_introspection_cpp
[ 53%] Built target anro4_interface__rosidl_typesupport_cpp
[35m[1mScanning dependencies of target anro4_interface__rosidl_typesupport_c[0m
[ 56%] [32mBuilding CXX object CMakeFiles/anro4_interface__rosidl_typesupport_c.dir/rosidl_typesupport_c/anro4_interface/srv/interpolation__type_support.cpp.o[0m
[ 58%] [32mBuilding CXX object CMakeFiles/anro4_interface__rosidl_typesupport_c.dir/rosidl_typesupport_c/anro4_interface/srv/op_interpolation__type_support.cpp.o[0m
[ 61%] [32m[1mLinking CXX shared library libanro4_interface__rosidl_typesupport_fastrtps_cpp.so[0m
[ 64%] [32m[1mLinking CXX shared library libanro4_interface__rosidl_typesupport_c.so[0m
[ 64%] Built target anro4_interface__rosidl_typesupport_c
[ 64%] Built target anro4_interface__rosidl_typesupport_fastrtps_cpp
[ 66%] [34m[1mGenerating C type support for eProsima Fast-RTPS[0m
[35m[1mScanning dependencies of target anro4_interface__rosidl_typesupport_fastrtps_c[0m
[ 71%] [32mBuilding CXX object CMakeFiles/anro4_interface__rosidl_typesupport_fastrtps_c.dir/rosidl_typesupport_fastrtps_c/anro4_interface/srv/detail/op_interpolation__type_support_c.cpp.o[0m
[ 71%] [32mBuilding CXX object CMakeFiles/anro4_interface__rosidl_typesupport_fastrtps_c.dir/rosidl_typesupport_fastrtps_c/anro4_interface/srv/detail/interpolation__type_support_c.cpp.o[0m
[ 74%] [32m[1mLinking CXX shared library libanro4_interface__rosidl_typesupport_fastrtps_c.so[0m
[ 74%] Built target anro4_interface__rosidl_typesupport_fastrtps_c
[35m[1mScanning dependencies of target anro4_interface[0m
[ 74%] Built target anro4_interface
[35m[1mScanning dependencies of target anro4_interface__py[0m
[ 76%] [34m[1mGenerating Python code for ROS interfaces[0m
[ 76%] Built target anro4_interface__py
[35m[1mScanning dependencies of target anro4_interface__python[0m
[ 79%] [32mBuilding C object CMakeFiles/anro4_interface__python.dir/rosidl_generator_py/anro4_interface/srv/_op_interpolation_s.c.o[0m
[ 82%] [32mBuilding C object CMakeFiles/anro4_interface__python.dir/rosidl_generator_py/anro4_interface/srv/_interpolation_s.c.o[0m
[ 84%] [32m[1mLinking C shared library rosidl_generator_py/anro4_interface/libanro4_interface__python.so[0m
[ 84%] Built target anro4_interface__python
[35m[1mScanning dependencies of target anro4_interface__rosidl_typesupport_fastrtps_c__pyext[0m
[35m[1mScanning dependencies of target anro4_interface__rosidl_typesupport_introspection_c__pyext[0m
[35m[1mScanning dependencies of target anro4_interface__rosidl_typesupport_c__pyext[0m
[ 87%] [32mBuilding C object CMakeFiles/anro4_interface__rosidl_typesupport_fastrtps_c__pyext.dir/rosidl_generator_py/anro4_interface/_anro4_interface_s.ep.rosidl_typesupport_fastrtps_c.c.o[0m
[ 89%] [32mBuilding C object CMakeFiles/anro4_interface__rosidl_typesupport_c__pyext.dir/rosidl_generator_py/anro4_interface/_anro4_interface_s.ep.rosidl_typesupport_c.c.o[0m
[ 92%] [32mBuilding C object CMakeFiles/anro4_interface__rosidl_typesupport_introspection_c__pyext.dir/rosidl_generator_py/anro4_interface/_anro4_interface_s.ep.rosidl_typesupport_introspection_c.c.o[0m
[ 94%] [32m[1mLinking C shared library rosidl_generator_py/anro4_interface/anro4_interface_s__rosidl_typesupport_introspection_c.cpython-38-x86_64-linux-gnu.so[0m
[ 94%] Built target anro4_interface__rosidl_typesupport_introspection_c__pyext
[100%] [32m[1mLinking C shared library rosidl_generator_py/anro4_interface/anro4_interface_s__rosidl_typesupport_c.cpython-38-x86_64-linux-gnu.so[0m
[100%] [32m[1mLinking CXX shared library rosidl_generator_py/anro4_interface/anro4_interface_s__rosidl_typesupport_fastrtps_c.cpython-38-x86_64-linux-gnu.so[0m
[100%] Built target anro4_interface__rosidl_typesupport_c__pyext
[100%] Built target anro4_interface__rosidl_typesupport_fastrtps_c__pyext
-- Install configuration: ""
-- Execute custom install script
-- Symlinking: /home/matikurcze00/dev_ws/src/roszkowski_zajac/install/anro4_interface/share/ament_index/resource_index/rosidl_interfaces/anro4_interface
-- Symlinking: /home/matikurcze00/dev_ws/src/roszkowski_zajac/install/anro4_interface/include/anro4_interface/msg/rosidl_generator_c__visibility_control.h
-- Symlinking: /home/matikurcze00/dev_ws/src/roszkowski_zajac/install/anro4_interface/include/anro4_interface/srv/detail/interpolation__functions.h
-- Symlinking: /home/matikurcze00/dev_ws/src/roszkowski_zajac/install/anro4_interface/include/anro4_interface/srv/detail/interpolation__struct.h
-- Symlinking: /home/matikurcze00/dev_ws/src/roszkowski_zajac/install/anro4_interface/include/anro4_interface/srv/detail/interpolation__type_support.h
-- Symlinking: /home/matikurcze00/dev_ws/src/roszkowski_zajac/install/anro4_interface/include/anro4_interface/srv/detail/op_interpolation__functions.h
-- Symlinking: /home/matikurcze00/dev_ws/src/roszkowski_zajac/install/anro4_interface/include/anro4_interface/srv/detail/op_interpolation__struct.h
-- Symlinking: /home/matikurcze00/dev_ws/src/roszkowski_zajac/install/anro4_interface/include/anro4_interface/srv/detail/op_interpolation__type_support.h
-- Symlinking: /home/matikurcze00/dev_ws/src/roszkowski_zajac/install/anro4_interface/include/anro4_interface/srv/interpolation.h
-- Symlinking: /home/matikurcze00/dev_ws/src/roszkowski_zajac/install/anro4_interface/include/anro4_interface/srv/op_interpolation.h
-- Symlinking: /home/matikurcze00/dev_ws/src/roszkowski_zajac/install/anro4_interface/share/anro4_interface/environment/library_path.sh
-- Symlinking: /home/matikurcze00/dev_ws/src/roszkowski_zajac/install/anro4_interface/share/anro4_interface/environment/library_path.dsv
-- Symlinking: /home/matikurcze00/dev_ws/src/roszkowski_zajac/install/anro4_interface/include/anro4_interface/msg/rosidl_typesupport_fastrtps_c__visibility_control.h
-- Symlinking: /home/matikurcze00/dev_ws/src/roszkowski_zajac/install/anro4_interface/include/anro4_interface/srv/detail/interpolation__rosidl_typesupport_fastrtps_c.h
-- Symlinking: /home/matikurcze00/dev_ws/src/roszkowski_zajac/install/anro4_interface/include/anro4_interface/srv/detail/op_interpolation__rosidl_typesupport_fastrtps_c.h
-- Symlinking: /home/matikurcze00/dev_ws/src/roszkowski_zajac/install/anro4_interface/lib/libanro4_interface__rosidl_typesupport_fastrtps_c.so
-- Symlinking: /home/matikurcze00/dev_ws/src/roszkowski_zajac/install/anro4_interface/include/anro4_interface/msg/rosidl_typesupport_fastrtps_cpp__visibility_control.h
-- Symlinking: /home/matikurcze00/dev_ws/src/roszkowski_zajac/install/anro4_interface/include/anro4_interface/srv/detail/interpolation__rosidl_typesupport_fastrtps_cpp.hpp
-- Symlinking: /home/matikurcze00/dev_ws/src/roszkowski_zajac/install/anro4_interface/include/anro4_interface/srv/detail/op_interpolation__rosidl_typesupport_fastrtps_cpp.hpp
-- Symlinking: /home/matikurcze00/dev_ws/src/roszkowski_zajac/install/anro4_interface/lib/libanro4_interface__rosidl_typesupport_fastrtps_cpp.so
-- Symlinking: /home/matikurcze00/dev_ws/src/roszkowski_zajac/install/anro4_interface/include/anro4_interface/msg/rosidl_typesupport_introspection_c__visibility_control.h
-- Symlinking: /home/matikurcze00/dev_ws/src/roszkowski_zajac/install/anro4_interface/include/anro4_interface/srv/detail/interpolation__rosidl_typesupport_introspection_c.h
-- Symlinking: /home/matikurcze00/dev_ws/src/roszkowski_zajac/install/anro4_interface/include/anro4_interface/srv/detail/op_interpolation__rosidl_typesupport_introspection_c.h
-- Symlinking: /home/matikurcze00/dev_ws/src/roszkowski_zajac/install/anro4_interface/include/anro4_interface/srv/detail/interpolation__builder.hpp
-- Symlinking: /home/matikurcze00/dev_ws/src/roszkowski_zajac/install/anro4_interface/include/anro4_interface/srv/detail/interpolation__struct.hpp
-- Symlinking: /home/matikurcze00/dev_ws/src/roszkowski_zajac/install/anro4_interface/include/anro4_interface/srv/detail/interpolation__traits.hpp
-- Symlinking: /home/matikurcze00/dev_ws/src/roszkowski_zajac/install/anro4_interface/include/anro4_interface/srv/detail/op_interpolation__builder.hpp
-- Symlinking: /home/matikurcze00/dev_ws/src/roszkowski_zajac/install/anro4_interface/include/anro4_interface/srv/detail/op_interpolation__struct.hpp
-- Symlinking: /home/matikurcze00/dev_ws/src/roszkowski_zajac/install/anro4_interface/include/anro4_interface/srv/detail/op_interpolation__traits.hpp
-- Symlinking: /home/matikurcze00/dev_ws/src/roszkowski_zajac/install/anro4_interface/include/anro4_interface/srv/interpolation.hpp
-- Symlinking: /home/matikurcze00/dev_ws/src/roszkowski_zajac/install/anro4_interface/include/anro4_interface/srv/op_interpolation.hpp
-- Symlinking: /home/matikurcze00/dev_ws/src/roszkowski_zajac/install/anro4_interface/include/anro4_interface/srv/detail/interpolation__rosidl_typesupport_introspection_cpp.hpp
-- Symlinking: /home/matikurcze00/dev_ws/src/roszkowski_zajac/install/anro4_interface/include/anro4_interface/srv/detail/op_interpolation__rosidl_typesupport_introspection_cpp.hpp
-- Symlinking: /home/matikurcze00/dev_ws/src/roszkowski_zajac/install/anro4_interface/share/anro4_interface/environment/pythonpath.sh
-- Symlinking: /home/matikurcze00/dev_ws/src/roszkowski_zajac/install/anro4_interface/share/anro4_interface/environment/pythonpath.dsv
-- Symlinking: /home/matikurcze00/dev_ws/src/roszkowski_zajac/install/anro4_interface/lib/python3.8/site-packages/anro4_interface/__init__.py
-- Symlinking: /home/matikurcze00/dev_ws/src/roszkowski_zajac/install/anro4_interface/lib/python3.8/site-packages/anro4_interface/srv/__init__.py
-- Symlinking: /home/matikurcze00/dev_ws/src/roszkowski_zajac/install/anro4_interface/lib/python3.8/site-packages/anro4_interface/srv/_interpolation.py
-- Symlinking: /home/matikurcze00/dev_ws/src/roszkowski_zajac/install/anro4_interface/lib/python3.8/site-packages/anro4_interface/srv/_op_interpolation.py
-- Symlinking: /home/matikurcze00/dev_ws/src/roszkowski_zajac/install/anro4_interface/lib/python3.8/site-packages/anro4_interface/anro4_interface_s__rosidl_typesupport_fastrtps_c.cpython-38-x86_64-linux-gnu.so
-- Symlinking: /home/matikurcze00/dev_ws/src/roszkowski_zajac/install/anro4_interface/lib/python3.8/site-packages/anro4_interface/anro4_interface_s__rosidl_typesupport_introspection_c.cpython-38-x86_64-linux-gnu.so
-- Symlinking: /home/matikurcze00/dev_ws/src/roszkowski_zajac/install/anro4_interface/lib/python3.8/site-packages/anro4_interface/anro4_interface_s__rosidl_typesupport_c.cpython-38-x86_64-linux-gnu.so
-- Symlinking: /home/matikurcze00/dev_ws/src/roszkowski_zajac/install/anro4_interface/lib/libanro4_interface__python.so
-- Symlinking: /home/matikurcze00/dev_ws/src/roszkowski_zajac/install/anro4_interface/share/anro4_interface/srv/Interpolation.idl
-- Symlinking: /home/matikurcze00/dev_ws/src/roszkowski_zajac/install/anro4_interface/share/anro4_interface/srv/OpInterpolation.idl
-- Symlinking: /home/matikurcze00/dev_ws/src/roszkowski_zajac/install/anro4_interface/share/anro4_interface/srv/Interpolation.srv
-- Symlinking: /home/matikurcze00/dev_ws/src/roszkowski_zajac/install/anro4_interface/share/anro4_interface/srv/Interpolation_Request.msg
-- Symlinking: /home/matikurcze00/dev_ws/src/roszkowski_zajac/install/anro4_interface/share/anro4_interface/srv/Interpolation_Response.msg
-- Symlinking: /home/matikurcze00/dev_ws/src/roszkowski_zajac/install/anro4_interface/share/anro4_interface/srv/OpInterpolation.srv
-- Symlinking: /home/matikurcze00/dev_ws/src/roszkowski_zajac/install/anro4_interface/share/anro4_interface/srv/OpInterpolation_Request.msg
-- Symlinking: /home/matikurcze00/dev_ws/src/roszkowski_zajac/install/anro4_interface/share/anro4_interface/srv/OpInterpolation_Response.msg
-- Symlinking: /home/matikurcze00/dev_ws/src/roszkowski_zajac/install/anro4_interface/share/ament_index/resource_index/package_run_dependencies/anro4_interface
-- Symlinking: /home/matikurcze00/dev_ws/src/roszkowski_zajac/install/anro4_interface/share/ament_index/resource_index/parent_prefix_path/anro4_interface
-- Symlinking: /home/matikurcze00/dev_ws/src/roszkowski_zajac/install/anro4_interface/share/anro4_interface/environment/ament_prefix_path.sh
-- Symlinking: /home/matikurcze00/dev_ws/src/roszkowski_zajac/install/anro4_interface/share/anro4_interface/environment/ament_prefix_path.dsv
-- Symlinking: /home/matikurcze00/dev_ws/src/roszkowski_zajac/install/anro4_interface/share/anro4_interface/environment/path.sh
-- Symlinking: /home/matikurcze00/dev_ws/src/roszkowski_zajac/install/anro4_interface/share/anro4_interface/environment/path.dsv
-- Symlinking: /home/matikurcze00/dev_ws/src/roszkowski_zajac/install/anro4_interface/share/anro4_interface/local_setup.bash
-- Symlinking: /home/matikurcze00/dev_ws/src/roszkowski_zajac/install/anro4_interface/share/anro4_interface/local_setup.sh
-- Symlinking: /home/matikurcze00/dev_ws/src/roszkowski_zajac/install/anro4_interface/share/anro4_interface/local_setup.zsh
-- Symlinking: /home/matikurcze00/dev_ws/src/roszkowski_zajac/install/anro4_interface/share/anro4_interface/local_setup.dsv
-- Symlinking: /home/matikurcze00/dev_ws/src/roszkowski_zajac/install/anro4_interface/share/anro4_interface/package.dsv
-- Symlinking: /home/matikurcze00/dev_ws/src/roszkowski_zajac/install/anro4_interface/share/ament_index/resource_index/packages/anro4_interface
-- Symlinking: /home/matikurcze00/dev_ws/src/roszkowski_zajac/install/anro4_interface/share/anro4_interface/cmake/rosidl_cmake-extras.cmake
-- Symlinking: /home/matikurcze00/dev_ws/src/roszkowski_zajac/install/anro4_interface/share/anro4_interface/cmake/ament_cmake_export_dependencies-extras.cmake
-- Symlinking: /home/matikurcze00/dev_ws/src/roszkowski_zajac/install/anro4_interface/share/anro4_interface/cmake/ament_cmake_export_libraries-extras.cmake
-- Symlinking: /home/matikurcze00/dev_ws/src/roszkowski_zajac/install/anro4_interface/share/anro4_interface/cmake/ament_cmake_export_targets-extras.cmake
-- Symlinking: /home/matikurcze00/dev_ws/src/roszkowski_zajac/install/anro4_interface/share/anro4_interface/cmake/ament_cmake_export_include_directories-extras.cmake
-- Symlinking: /home/matikurcze00/dev_ws/src/roszkowski_zajac/install/anro4_interface/share/anro4_interface/cmake/rosidl_cmake_export_typesupport_libraries-extras.cmake
-- Symlinking: /home/matikurcze00/dev_ws/src/roszkowski_zajac/install/anro4_interface/share/anro4_interface/cmake/rosidl_cmake_export_typesupport_targets-extras.cmake
-- Symlinking: /home/matikurcze00/dev_ws/src/roszkowski_zajac/install/anro4_interface/share/anro4_interface/cmake/anro4_interfaceConfig.cmake
-- Symlinking: /home/matikurcze00/dev_ws/src/roszkowski_zajac/install/anro4_interface/share/anro4_interface/cmake/anro4_interfaceConfig-version.cmake
-- Symlinking: /home/matikurcze00/dev_ws/src/roszkowski_zajac/install/anro4_interface/share/anro4_interface/package.xml
-- Installing: /home/matikurcze00/dev_ws/src/roszkowski_zajac/install/anro4_interface/lib/libanro4_interface__rosidl_generator_c.so
-- Set runtime path of "/home/matikurcze00/dev_ws/src/roszkowski_zajac/install/anro4_interface/lib/libanro4_interface__rosidl_generator_c.so" to ""
-- Installing: /home/matikurcze00/dev_ws/src/roszkowski_zajac/install/anro4_interface/lib/libanro4_interface__rosidl_typesupport_introspection_c.so
-- Set runtime path of "/home/matikurcze00/dev_ws/src/roszkowski_zajac/install/anro4_interface/lib/libanro4_interface__rosidl_typesupport_introspection_c.so" to ""
-- Installing: /home/matikurcze00/dev_ws/src/roszkowski_zajac/install/anro4_interface/lib/libanro4_interface__rosidl_typesupport_c.so
-- Set runtime path of "/home/matikurcze00/dev_ws/src/roszkowski_zajac/install/anro4_interface/lib/libanro4_interface__rosidl_typesupport_c.so" to ""
-- Installing: /home/matikurcze00/dev_ws/src/roszkowski_zajac/install/anro4_interface/lib/libanro4_interface__rosidl_typesupport_introspection_cpp.so
-- Set runtime path of "/home/matikurcze00/dev_ws/src/roszkowski_zajac/install/anro4_interface/lib/libanro4_interface__rosidl_typesupport_introspection_cpp.so" to ""
-- Installing: /home/matikurcze00/dev_ws/src/roszkowski_zajac/install/anro4_interface/lib/libanro4_interface__rosidl_typesupport_cpp.so
-- Set runtime path of "/home/matikurcze00/dev_ws/src/roszkowski_zajac/install/anro4_interface/lib/libanro4_interface__rosidl_typesupport_cpp.so" to ""
Compiling '/home/matikurcze00/dev_ws/src/roszkowski_zajac/install/anro4_interface/lib/python3.8/site-packages/anro4_interface/__init__.py'...
-- Installing: /home/matikurcze00/dev_ws/src/roszkowski_zajac/install/anro4_interface/share/anro4_interface/cmake/anro4_interface__rosidl_generator_cExport.cmake
-- Installing: /home/matikurcze00/dev_ws/src/roszkowski_zajac/install/anro4_interface/share/anro4_interface/cmake/anro4_interface__rosidl_generator_cExport-noconfig.cmake
-- Installing: /home/matikurcze00/dev_ws/src/roszkowski_zajac/install/anro4_interface/share/anro4_interface/cmake/anro4_interface__rosidl_typesupport_introspection_cExport.cmake
-- Installing: /home/matikurcze00/dev_ws/src/roszkowski_zajac/install/anro4_interface/share/anro4_interface/cmake/anro4_interface__rosidl_typesupport_introspection_cExport-noconfig.cmake
-- Installing: /home/matikurcze00/dev_ws/src/roszkowski_zajac/install/anro4_interface/share/anro4_interface/cmake/anro4_interface__rosidl_typesupport_cExport.cmake
-- Installing: /home/matikurcze00/dev_ws/src/roszkowski_zajac/install/anro4_interface/share/anro4_interface/cmake/anro4_interface__rosidl_typesupport_cExport-noconfig.cmake
-- Installing: /home/matikurcze00/dev_ws/src/roszkowski_zajac/install/anro4_interface/share/anro4_interface/cmake/anro4_interface__rosidl_generator_cppExport.cmake
-- Installing: /home/matikurcze00/dev_ws/src/roszkowski_zajac/install/anro4_interface/share/anro4_interface/cmake/anro4_interface__rosidl_typesupport_introspection_cppExport.cmake
-- Installing: /home/matikurcze00/dev_ws/src/roszkowski_zajac/install/anro4_interface/share/anro4_interface/cmake/anro4_interface__rosidl_typesupport_introspection_cppExport-noconfig.cmake
-- Installing: /home/matikurcze00/dev_ws/src/roszkowski_zajac/install/anro4_interface/share/anro4_interface/cmake/anro4_interface__rosidl_typesupport_cppExport.cmake
-- Installing: /home/matikurcze00/dev_ws/src/roszkowski_zajac/install/anro4_interface/share/anro4_interface/cmake/anro4_interface__rosidl_typesupport_cppExport-noconfig.cmake
