[0.018s] Invoking command in '/home/matikurcze00/dev_ws/src/roszkowski_zajac/build/anro4_interface': CMAKE_PREFIX_PATH=/opt/ros/foxy /usr/bin/cmake /home/matikurcze00/dev_ws/src/roszkowski_zajac/anro4_interface -DAMENT_CMAKE_SYMLINK_INSTALL=1 -DCMAKE_INSTALL_PREFIX=/home/matikurcze00/dev_ws/src/roszkowski_zajac/install/anro4_interface
[0.041s] -- Found ament_cmake: 0.9.8 (/opt/ros/foxy/share/ament_cmake/cmake)
[0.069s] -- Found PythonInterp: /usr/bin/python3 (found suitable version "3.8.5", minimum required is "3") 
[0.070s] -- Using PYTHON_EXECUTABLE: /usr/bin/python3
[0.293s] -- Override CMake install command with custom implementation using symlinks instead of copying resources
[0.303s] -- Found rosidl_default_generators: 1.0.0 (/opt/ros/foxy/share/rosidl_default_generators/cmake)
[0.306s] -- Using all available rosidl_typesupport_c: rosidl_typesupport_fastrtps_c;rosidl_typesupport_introspection_c
[0.310s] -- Found rosidl_adapter: 1.2.0 (/opt/ros/foxy/share/rosidl_adapter/cmake)
[0.478s] -- Using all available rosidl_typesupport_cpp: rosidl_typesupport_fastrtps_cpp;rosidl_typesupport_introspection_cpp
[0.534s] -- Found PythonInterp: /usr/bin/python3 (found version "3.8.5") 
[0.704s] -- Found ament_cmake_ros: 0.9.1 (/opt/ros/foxy/share/ament_cmake_ros/cmake)
[0.839s] -- Using all available rosidl_typesupport_c: rosidl_typesupport_fastrtps_c;rosidl_typesupport_introspection_c
[0.852s] -- Using all available rosidl_typesupport_cpp: rosidl_typesupport_fastrtps_cpp;rosidl_typesupport_introspection_cpp
[0.885s] -- Found PythonInterp: /usr/bin/python3 (found suitable version "3.8.5", minimum required is "3.5") 
[0.887s] -- Found python_cmake_module: 0.8.0 (/opt/ros/foxy/share/python_cmake_module/cmake)
[0.922s] -- Found PythonLibs: /usr/lib/x86_64-linux-gnu/libpython3.8.so (found suitable version "3.8.5", minimum required is "3.5") 
[0.922s] -- Using PYTHON_EXECUTABLE: /usr/bin/python3
[0.922s] -- Using PYTHON_INCLUDE_DIRS: /usr/include/python3.8
[0.922s] -- Using PYTHON_LIBRARIES: /usr/lib/x86_64-linux-gnu/libpython3.8.so
[0.951s] -- Found PythonExtra: .so  
[1.033s] -- Configuring done
[1.076s] -- Generating done
[1.080s] -- Build files have been written to: /home/matikurcze00/dev_ws/src/roszkowski_zajac/build/anro4_interface
[1.087s] Invoked command in '/home/matikurcze00/dev_ws/src/roszkowski_zajac/build/anro4_interface' returned '0': CMAKE_PREFIX_PATH=/opt/ros/foxy /usr/bin/cmake /home/matikurcze00/dev_ws/src/roszkowski_zajac/anro4_interface -DAMENT_CMAKE_SYMLINK_INSTALL=1 -DCMAKE_INSTALL_PREFIX=/home/matikurcze00/dev_ws/src/roszkowski_zajac/install/anro4_interface
[1.092s] Invoking command in '/home/matikurcze00/dev_ws/src/roszkowski_zajac/build/anro4_interface': CMAKE_PREFIX_PATH=/opt/ros/foxy /usr/bin/cmake --build /home/matikurcze00/dev_ws/src/roszkowski_zajac/build/anro4_interface -- -j4 -l4
[1.148s] [  2%] [34m[1mGenerating C code for ROS interfaces[0m
[1.148s] [35m[1mScanning dependencies of target anro4_interface__cpp[0m
[1.164s] [  5%] [34m[1mGenerating C++ code for ROS interfaces[0m
[1.691s] [  5%] Built target anro4_interface__cpp
[1.712s] [  7%] [34m[1mGenerating C++ type support dispatch for ROS interfaces[0m
[1.750s] [ 10%] [34m[1mGenerating C++ introspection for ROS interfaces[0m
[1.751s] [35m[1mScanning dependencies of target anro4_interface__rosidl_generator_c[0m
[1.752s] [ 12%] [34m[1mGenerating C++ type support for eProsima Fast-RTPS[0m
[1.812s] [ 15%] [32mBuilding C object CMakeFiles/anro4_interface__rosidl_generator_c.dir/rosidl_generator_c/anro4_interface/srv/detail/interpolation__functions.c.o[0m
[1.936s] [ 17%] [32mBuilding C object CMakeFiles/anro4_interface__rosidl_generator_c.dir/rosidl_generator_c/anro4_interface/srv/detail/op_interpolation__functions.c.o[0m
[2.051s] [ 20%] [32m[1mLinking C shared library libanro4_interface__rosidl_generator_c.so[0m
[2.132s] [ 20%] Built target anro4_interface__rosidl_generator_c
[2.154s] [ 23%] [34m[1mGenerating C introspection for ROS interfaces[0m
[2.534s] [35m[1mScanning dependencies of target anro4_interface__rosidl_typesupport_cpp[0m
[2.570s] [ 25%] [32mBuilding CXX object CMakeFiles/anro4_interface__rosidl_typesupport_cpp.dir/rosidl_typesupport_cpp/anro4_interface/srv/interpolation__type_support.cpp.o[0m
[2.583s] [35m[1mScanning dependencies of target anro4_interface__rosidl_typesupport_introspection_cpp[0m
[2.612s] [ 28%] [32mBuilding CXX object CMakeFiles/anro4_interface__rosidl_typesupport_introspection_cpp.dir/rosidl_typesupport_introspection_cpp/anro4_interface/srv/detail/interpolation__type_support.cpp.o[0m
[2.631s] [35m[1mScanning dependencies of target anro4_interface__rosidl_typesupport_fastrtps_cpp[0m
[2.678s] [ 30%] [32mBuilding CXX object CMakeFiles/anro4_interface__rosidl_typesupport_fastrtps_cpp.dir/rosidl_typesupport_fastrtps_cpp/anro4_interface/srv/detail/dds_fastrtps/interpolation__type_support.cpp.o[0m
[3.037s] [35m[1mScanning dependencies of target anro4_interface__rosidl_typesupport_introspection_c[0m
[3.109s] [ 33%] [32mBuilding C object CMakeFiles/anro4_interface__rosidl_typesupport_introspection_c.dir/rosidl_typesupport_introspection_c/anro4_interface/srv/detail/interpolation__type_support.c.o[0m
[3.229s] [ 35%] [32mBuilding C object CMakeFiles/anro4_interface__rosidl_typesupport_introspection_c.dir/rosidl_typesupport_introspection_c/anro4_interface/srv/detail/op_interpolation__type_support.c.o[0m
[3.311s] [ 38%] [32m[1mLinking C shared library libanro4_interface__rosidl_typesupport_introspection_c.so[0m
[3.385s] [ 41%] [32mBuilding CXX object CMakeFiles/anro4_interface__rosidl_typesupport_introspection_cpp.dir/rosidl_typesupport_introspection_cpp/anro4_interface/srv/detail/op_interpolation__type_support.cpp.o[0m
[3.403s] [ 41%] Built target anro4_interface__rosidl_typesupport_introspection_c
[3.427s] [ 43%] [32mBuilding CXX object CMakeFiles/anro4_interface__rosidl_typesupport_cpp.dir/rosidl_typesupport_cpp/anro4_interface/srv/op_interpolation__type_support.cpp.o[0m
[3.431s] [ 46%] [32mBuilding CXX object CMakeFiles/anro4_interface__rosidl_typesupport_fastrtps_cpp.dir/rosidl_typesupport_fastrtps_cpp/anro4_interface/srv/detail/dds_fastrtps/op_interpolation__type_support.cpp.o[0m
[3.802s] [ 48%] [34m[1mGenerating C type support dispatch for ROS interfaces[0m
[4.152s] [ 51%] [32m[1mLinking CXX shared library libanro4_interface__rosidl_typesupport_introspection_cpp.so[0m
[4.331s] [ 53%] [32m[1mLinking CXX shared library libanro4_interface__rosidl_typesupport_cpp.so[0m
[4.338s] [ 53%] Built target anro4_interface__rosidl_typesupport_introspection_cpp
[4.422s] [ 53%] Built target anro4_interface__rosidl_typesupport_cpp
[4.481s] [35m[1mScanning dependencies of target anro4_interface__rosidl_typesupport_c[0m
[4.503s] [ 56%] [32mBuilding CXX object CMakeFiles/anro4_interface__rosidl_typesupport_c.dir/rosidl_typesupport_c/anro4_interface/srv/interpolation__type_support.cpp.o[0m
[4.509s] [ 58%] [32mBuilding CXX object CMakeFiles/anro4_interface__rosidl_typesupport_c.dir/rosidl_typesupport_c/anro4_interface/srv/op_interpolation__type_support.cpp.o[0m
[4.527s] [ 61%] [32m[1mLinking CXX shared library libanro4_interface__rosidl_typesupport_fastrtps_cpp.so[0m
[4.578s] [ 64%] [32m[1mLinking CXX shared library libanro4_interface__rosidl_typesupport_c.so[0m
[4.647s] [ 64%] Built target anro4_interface__rosidl_typesupport_c
[4.686s] [ 64%] Built target anro4_interface__rosidl_typesupport_fastrtps_cpp
[4.700s] [ 66%] [34m[1mGenerating C type support for eProsima Fast-RTPS[0m
[5.182s] [35m[1mScanning dependencies of target anro4_interface__rosidl_typesupport_fastrtps_c[0m
[5.219s] [ 71%] [32mBuilding CXX object CMakeFiles/anro4_interface__rosidl_typesupport_fastrtps_c.dir/rosidl_typesupport_fastrtps_c/anro4_interface/srv/detail/op_interpolation__type_support_c.cpp.o[0m
[5.219s] [ 71%] [32mBuilding CXX object CMakeFiles/anro4_interface__rosidl_typesupport_fastrtps_c.dir/rosidl_typesupport_fastrtps_c/anro4_interface/srv/detail/interpolation__type_support_c.cpp.o[0m
[5.920s] [ 74%] [32m[1mLinking CXX shared library libanro4_interface__rosidl_typesupport_fastrtps_c.so[0m
[6.040s] [ 74%] Built target anro4_interface__rosidl_typesupport_fastrtps_c
[6.054s] [35m[1mScanning dependencies of target anro4_interface[0m
[6.067s] [ 74%] Built target anro4_interface
[6.081s] [35m[1mScanning dependencies of target anro4_interface__py[0m
[6.097s] [ 76%] [34m[1mGenerating Python code for ROS interfaces[0m
[7.021s] [ 76%] Built target anro4_interface__py
[7.034s] [35m[1mScanning dependencies of target anro4_interface__python[0m
[7.079s] [ 79%] [32mBuilding C object CMakeFiles/anro4_interface__python.dir/rosidl_generator_py/anro4_interface/srv/_op_interpolation_s.c.o[0m
[7.079s] [ 82%] [32mBuilding C object CMakeFiles/anro4_interface__python.dir/rosidl_generator_py/anro4_interface/srv/_interpolation_s.c.o[0m
[7.240s] [ 84%] [32m[1mLinking C shared library rosidl_generator_py/anro4_interface/libanro4_interface__python.so[0m
[7.297s] [ 84%] Built target anro4_interface__python
[7.313s] [35m[1mScanning dependencies of target anro4_interface__rosidl_typesupport_fastrtps_c__pyext[0m
[7.318s] [35m[1mScanning dependencies of target anro4_interface__rosidl_typesupport_introspection_c__pyext[0m
[7.318s] [35m[1mScanning dependencies of target anro4_interface__rosidl_typesupport_c__pyext[0m
[7.351s] [ 87%] [32mBuilding C object CMakeFiles/anro4_interface__rosidl_typesupport_fastrtps_c__pyext.dir/rosidl_generator_py/anro4_interface/_anro4_interface_s.ep.rosidl_typesupport_fastrtps_c.c.o[0m
[7.357s] [ 89%] [32mBuilding C object CMakeFiles/anro4_interface__rosidl_typesupport_c__pyext.dir/rosidl_generator_py/anro4_interface/_anro4_interface_s.ep.rosidl_typesupport_c.c.o[0m
[7.363s] [ 92%] [32mBuilding C object CMakeFiles/anro4_interface__rosidl_typesupport_introspection_c__pyext.dir/rosidl_generator_py/anro4_interface/_anro4_interface_s.ep.rosidl_typesupport_introspection_c.c.o[0m
[7.528s] [ 94%] [32m[1mLinking C shared library rosidl_generator_py/anro4_interface/anro4_interface_s__rosidl_typesupport_introspection_c.cpython-38-x86_64-linux-gnu.so[0m
[7.581s] [ 94%] Built target anro4_interface__rosidl_typesupport_introspection_c__pyext
[7.581s] [100%] [32m[1mLinking C shared library rosidl_generator_py/anro4_interface/anro4_interface_s__rosidl_typesupport_c.cpython-38-x86_64-linux-gnu.so[0m
[7.582s] [100%] [32m[1mLinking CXX shared library rosidl_generator_py/anro4_interface/anro4_interface_s__rosidl_typesupport_fastrtps_c.cpython-38-x86_64-linux-gnu.so[0m
[7.632s] [100%] Built target anro4_interface__rosidl_typesupport_c__pyext
[7.674s] [100%] Built target anro4_interface__rosidl_typesupport_fastrtps_c__pyext
[7.690s] Invoked command in '/home/matikurcze00/dev_ws/src/roszkowski_zajac/build/anro4_interface' returned '0': CMAKE_PREFIX_PATH=/opt/ros/foxy /usr/bin/cmake --build /home/matikurcze00/dev_ws/src/roszkowski_zajac/build/anro4_interface -- -j4 -l4
[7.784s] Invoking command in '/home/matikurcze00/dev_ws/src/roszkowski_zajac/build/anro4_interface': CMAKE_PREFIX_PATH=/opt/ros/foxy /usr/bin/cmake --install /home/matikurcze00/dev_ws/src/roszkowski_zajac/build/anro4_interface
[7.799s] -- Install configuration: ""
[7.800s] -- Execute custom install script
[7.800s] -- Symlinking: /home/matikurcze00/dev_ws/src/roszkowski_zajac/install/anro4_interface/share/ament_index/resource_index/rosidl_interfaces/anro4_interface
[7.814s] -- Symlinking: /home/matikurcze00/dev_ws/src/roszkowski_zajac/install/anro4_interface/include/anro4_interface/msg/rosidl_generator_c__visibility_control.h
[7.827s] -- Symlinking: /home/matikurcze00/dev_ws/src/roszkowski_zajac/install/anro4_interface/include/anro4_interface/srv/detail/interpolation__functions.h
[7.840s] -- Symlinking: /home/matikurcze00/dev_ws/src/roszkowski_zajac/install/anro4_interface/include/anro4_interface/srv/detail/interpolation__struct.h
[7.853s] -- Symlinking: /home/matikurcze00/dev_ws/src/roszkowski_zajac/install/anro4_interface/include/anro4_interface/srv/detail/interpolation__type_support.h
[7.865s] -- Symlinking: /home/matikurcze00/dev_ws/src/roszkowski_zajac/install/anro4_interface/include/anro4_interface/srv/detail/op_interpolation__functions.h
[7.877s] -- Symlinking: /home/matikurcze00/dev_ws/src/roszkowski_zajac/install/anro4_interface/include/anro4_interface/srv/detail/op_interpolation__struct.h
[7.890s] -- Symlinking: /home/matikurcze00/dev_ws/src/roszkowski_zajac/install/anro4_interface/include/anro4_interface/srv/detail/op_interpolation__type_support.h
[7.903s] -- Symlinking: /home/matikurcze00/dev_ws/src/roszkowski_zajac/install/anro4_interface/include/anro4_interface/srv/interpolation.h
[7.914s] -- Symlinking: /home/matikurcze00/dev_ws/src/roszkowski_zajac/install/anro4_interface/include/anro4_interface/srv/op_interpolation.h
[7.925s] -- Symlinking: /home/matikurcze00/dev_ws/src/roszkowski_zajac/install/anro4_interface/share/anro4_interface/environment/library_path.sh
[7.936s] -- Symlinking: /home/matikurcze00/dev_ws/src/roszkowski_zajac/install/anro4_interface/share/anro4_interface/environment/library_path.dsv
[7.948s] -- Symlinking: /home/matikurcze00/dev_ws/src/roszkowski_zajac/install/anro4_interface/include/anro4_interface/msg/rosidl_typesupport_fastrtps_c__visibility_control.h
[7.959s] -- Symlinking: /home/matikurcze00/dev_ws/src/roszkowski_zajac/install/anro4_interface/include/anro4_interface/srv/detail/interpolation__rosidl_typesupport_fastrtps_c.h
[7.971s] -- Symlinking: /home/matikurcze00/dev_ws/src/roszkowski_zajac/install/anro4_interface/include/anro4_interface/srv/detail/op_interpolation__rosidl_typesupport_fastrtps_c.h
[7.985s] -- Symlinking: /home/matikurcze00/dev_ws/src/roszkowski_zajac/install/anro4_interface/lib/libanro4_interface__rosidl_typesupport_fastrtps_c.so
[7.999s] -- Symlinking: /home/matikurcze00/dev_ws/src/roszkowski_zajac/install/anro4_interface/include/anro4_interface/msg/rosidl_typesupport_fastrtps_cpp__visibility_control.h
[8.012s] -- Symlinking: /home/matikurcze00/dev_ws/src/roszkowski_zajac/install/anro4_interface/include/anro4_interface/srv/detail/interpolation__rosidl_typesupport_fastrtps_cpp.hpp
[8.023s] -- Symlinking: /home/matikurcze00/dev_ws/src/roszkowski_zajac/install/anro4_interface/include/anro4_interface/srv/detail/op_interpolation__rosidl_typesupport_fastrtps_cpp.hpp
[8.034s] -- Symlinking: /home/matikurcze00/dev_ws/src/roszkowski_zajac/install/anro4_interface/lib/libanro4_interface__rosidl_typesupport_fastrtps_cpp.so
[8.046s] -- Symlinking: /home/matikurcze00/dev_ws/src/roszkowski_zajac/install/anro4_interface/include/anro4_interface/msg/rosidl_typesupport_introspection_c__visibility_control.h
[8.057s] -- Symlinking: /home/matikurcze00/dev_ws/src/roszkowski_zajac/install/anro4_interface/include/anro4_interface/srv/detail/interpolation__rosidl_typesupport_introspection_c.h
[8.068s] -- Symlinking: /home/matikurcze00/dev_ws/src/roszkowski_zajac/install/anro4_interface/include/anro4_interface/srv/detail/op_interpolation__rosidl_typesupport_introspection_c.h
[8.081s] -- Symlinking: /home/matikurcze00/dev_ws/src/roszkowski_zajac/install/anro4_interface/include/anro4_interface/srv/detail/interpolation__builder.hpp
[8.093s] -- Symlinking: /home/matikurcze00/dev_ws/src/roszkowski_zajac/install/anro4_interface/include/anro4_interface/srv/detail/interpolation__struct.hpp
[8.106s] -- Symlinking: /home/matikurcze00/dev_ws/src/roszkowski_zajac/install/anro4_interface/include/anro4_interface/srv/detail/interpolation__traits.hpp
[8.118s] -- Symlinking: /home/matikurcze00/dev_ws/src/roszkowski_zajac/install/anro4_interface/include/anro4_interface/srv/detail/op_interpolation__builder.hpp
[8.130s] -- Symlinking: /home/matikurcze00/dev_ws/src/roszkowski_zajac/install/anro4_interface/include/anro4_interface/srv/detail/op_interpolation__struct.hpp
[8.141s] -- Symlinking: /home/matikurcze00/dev_ws/src/roszkowski_zajac/install/anro4_interface/include/anro4_interface/srv/detail/op_interpolation__traits.hpp
[8.152s] -- Symlinking: /home/matikurcze00/dev_ws/src/roszkowski_zajac/install/anro4_interface/include/anro4_interface/srv/interpolation.hpp
[8.165s] -- Symlinking: /home/matikurcze00/dev_ws/src/roszkowski_zajac/install/anro4_interface/include/anro4_interface/srv/op_interpolation.hpp
[8.176s] -- Symlinking: /home/matikurcze00/dev_ws/src/roszkowski_zajac/install/anro4_interface/include/anro4_interface/srv/detail/interpolation__rosidl_typesupport_introspection_cpp.hpp
[8.187s] -- Symlinking: /home/matikurcze00/dev_ws/src/roszkowski_zajac/install/anro4_interface/include/anro4_interface/srv/detail/op_interpolation__rosidl_typesupport_introspection_cpp.hpp
[8.199s] -- Symlinking: /home/matikurcze00/dev_ws/src/roszkowski_zajac/install/anro4_interface/share/anro4_interface/environment/pythonpath.sh
[8.215s] -- Symlinking: /home/matikurcze00/dev_ws/src/roszkowski_zajac/install/anro4_interface/share/anro4_interface/environment/pythonpath.dsv
[8.228s] -- Symlinking: /home/matikurcze00/dev_ws/src/roszkowski_zajac/install/anro4_interface/lib/python3.8/site-packages/anro4_interface/__init__.py
[8.240s] -- Symlinking: /home/matikurcze00/dev_ws/src/roszkowski_zajac/install/anro4_interface/lib/python3.8/site-packages/anro4_interface/srv/__init__.py
[8.252s] -- Symlinking: /home/matikurcze00/dev_ws/src/roszkowski_zajac/install/anro4_interface/lib/python3.8/site-packages/anro4_interface/srv/_interpolation.py
[8.264s] -- Symlinking: /home/matikurcze00/dev_ws/src/roszkowski_zajac/install/anro4_interface/lib/python3.8/site-packages/anro4_interface/srv/_op_interpolation.py
[8.276s] -- Symlinking: /home/matikurcze00/dev_ws/src/roszkowski_zajac/install/anro4_interface/lib/python3.8/site-packages/anro4_interface/anro4_interface_s__rosidl_typesupport_fastrtps_c.cpython-38-x86_64-linux-gnu.so
[8.287s] -- Symlinking: /home/matikurcze00/dev_ws/src/roszkowski_zajac/install/anro4_interface/lib/python3.8/site-packages/anro4_interface/anro4_interface_s__rosidl_typesupport_introspection_c.cpython-38-x86_64-linux-gnu.so
[8.298s] -- Symlinking: /home/matikurcze00/dev_ws/src/roszkowski_zajac/install/anro4_interface/lib/python3.8/site-packages/anro4_interface/anro4_interface_s__rosidl_typesupport_c.cpython-38-x86_64-linux-gnu.so
[8.313s] -- Symlinking: /home/matikurcze00/dev_ws/src/roszkowski_zajac/install/anro4_interface/lib/libanro4_interface__python.so
[8.326s] -- Symlinking: /home/matikurcze00/dev_ws/src/roszkowski_zajac/install/anro4_interface/share/anro4_interface/srv/Interpolation.idl
[8.338s] -- Symlinking: /home/matikurcze00/dev_ws/src/roszkowski_zajac/install/anro4_interface/share/anro4_interface/srv/OpInterpolation.idl
[8.349s] -- Symlinking: /home/matikurcze00/dev_ws/src/roszkowski_zajac/install/anro4_interface/share/anro4_interface/srv/Interpolation.srv
[8.362s] -- Symlinking: /home/matikurcze00/dev_ws/src/roszkowski_zajac/install/anro4_interface/share/anro4_interface/srv/Interpolation_Request.msg
[8.373s] -- Symlinking: /home/matikurcze00/dev_ws/src/roszkowski_zajac/install/anro4_interface/share/anro4_interface/srv/Interpolation_Response.msg
[8.385s] -- Symlinking: /home/matikurcze00/dev_ws/src/roszkowski_zajac/install/anro4_interface/share/anro4_interface/srv/OpInterpolation.srv
[8.396s] -- Symlinking: /home/matikurcze00/dev_ws/src/roszkowski_zajac/install/anro4_interface/share/anro4_interface/srv/OpInterpolation_Request.msg
[8.408s] -- Symlinking: /home/matikurcze00/dev_ws/src/roszkowski_zajac/install/anro4_interface/share/anro4_interface/srv/OpInterpolation_Response.msg
[8.421s] -- Symlinking: /home/matikurcze00/dev_ws/src/roszkowski_zajac/install/anro4_interface/share/ament_index/resource_index/package_run_dependencies/anro4_interface
[8.434s] -- Symlinking: /home/matikurcze00/dev_ws/src/roszkowski_zajac/install/anro4_interface/share/ament_index/resource_index/parent_prefix_path/anro4_interface
[8.445s] -- Symlinking: /home/matikurcze00/dev_ws/src/roszkowski_zajac/install/anro4_interface/share/anro4_interface/environment/ament_prefix_path.sh
[8.456s] -- Symlinking: /home/matikurcze00/dev_ws/src/roszkowski_zajac/install/anro4_interface/share/anro4_interface/environment/ament_prefix_path.dsv
[8.468s] -- Symlinking: /home/matikurcze00/dev_ws/src/roszkowski_zajac/install/anro4_interface/share/anro4_interface/environment/path.sh
[8.480s] -- Symlinking: /home/matikurcze00/dev_ws/src/roszkowski_zajac/install/anro4_interface/share/anro4_interface/environment/path.dsv
[8.490s] -- Symlinking: /home/matikurcze00/dev_ws/src/roszkowski_zajac/install/anro4_interface/share/anro4_interface/local_setup.bash
[8.501s] -- Symlinking: /home/matikurcze00/dev_ws/src/roszkowski_zajac/install/anro4_interface/share/anro4_interface/local_setup.sh
[8.512s] -- Symlinking: /home/matikurcze00/dev_ws/src/roszkowski_zajac/install/anro4_interface/share/anro4_interface/local_setup.zsh
[8.525s] -- Symlinking: /home/matikurcze00/dev_ws/src/roszkowski_zajac/install/anro4_interface/share/anro4_interface/local_setup.dsv
[8.538s] -- Symlinking: /home/matikurcze00/dev_ws/src/roszkowski_zajac/install/anro4_interface/share/anro4_interface/package.dsv
[8.551s] -- Symlinking: /home/matikurcze00/dev_ws/src/roszkowski_zajac/install/anro4_interface/share/ament_index/resource_index/packages/anro4_interface
[8.563s] -- Symlinking: /home/matikurcze00/dev_ws/src/roszkowski_zajac/install/anro4_interface/share/anro4_interface/cmake/rosidl_cmake-extras.cmake
[8.574s] -- Symlinking: /home/matikurcze00/dev_ws/src/roszkowski_zajac/install/anro4_interface/share/anro4_interface/cmake/ament_cmake_export_dependencies-extras.cmake
[8.587s] -- Symlinking: /home/matikurcze00/dev_ws/src/roszkowski_zajac/install/anro4_interface/share/anro4_interface/cmake/ament_cmake_export_libraries-extras.cmake
[8.598s] -- Symlinking: /home/matikurcze00/dev_ws/src/roszkowski_zajac/install/anro4_interface/share/anro4_interface/cmake/ament_cmake_export_targets-extras.cmake
[8.609s] -- Symlinking: /home/matikurcze00/dev_ws/src/roszkowski_zajac/install/anro4_interface/share/anro4_interface/cmake/ament_cmake_export_include_directories-extras.cmake
[8.620s] -- Symlinking: /home/matikurcze00/dev_ws/src/roszkowski_zajac/install/anro4_interface/share/anro4_interface/cmake/rosidl_cmake_export_typesupport_libraries-extras.cmake
[8.634s] -- Symlinking: /home/matikurcze00/dev_ws/src/roszkowski_zajac/install/anro4_interface/share/anro4_interface/cmake/rosidl_cmake_export_typesupport_targets-extras.cmake
[8.646s] -- Symlinking: /home/matikurcze00/dev_ws/src/roszkowski_zajac/install/anro4_interface/share/anro4_interface/cmake/anro4_interfaceConfig.cmake
[8.659s] -- Symlinking: /home/matikurcze00/dev_ws/src/roszkowski_zajac/install/anro4_interface/share/anro4_interface/cmake/anro4_interfaceConfig-version.cmake
[8.670s] -- Symlinking: /home/matikurcze00/dev_ws/src/roszkowski_zajac/install/anro4_interface/share/anro4_interface/package.xml
[8.681s] -- Installing: /home/matikurcze00/dev_ws/src/roszkowski_zajac/install/anro4_interface/lib/libanro4_interface__rosidl_generator_c.so
[8.682s] -- Set runtime path of "/home/matikurcze00/dev_ws/src/roszkowski_zajac/install/anro4_interface/lib/libanro4_interface__rosidl_generator_c.so" to ""
[8.682s] -- Installing: /home/matikurcze00/dev_ws/src/roszkowski_zajac/install/anro4_interface/lib/libanro4_interface__rosidl_typesupport_introspection_c.so
[8.682s] -- Set runtime path of "/home/matikurcze00/dev_ws/src/roszkowski_zajac/install/anro4_interface/lib/libanro4_interface__rosidl_typesupport_introspection_c.so" to ""
[8.683s] -- Installing: /home/matikurcze00/dev_ws/src/roszkowski_zajac/install/anro4_interface/lib/libanro4_interface__rosidl_typesupport_c.so
[8.683s] -- Set runtime path of "/home/matikurcze00/dev_ws/src/roszkowski_zajac/install/anro4_interface/lib/libanro4_interface__rosidl_typesupport_c.so" to ""
[8.684s] -- Installing: /home/matikurcze00/dev_ws/src/roszkowski_zajac/install/anro4_interface/lib/libanro4_interface__rosidl_typesupport_introspection_cpp.so
[8.684s] -- Set runtime path of "/home/matikurcze00/dev_ws/src/roszkowski_zajac/install/anro4_interface/lib/libanro4_interface__rosidl_typesupport_introspection_cpp.so" to ""
[8.685s] -- Installing: /home/matikurcze00/dev_ws/src/roszkowski_zajac/install/anro4_interface/lib/libanro4_interface__rosidl_typesupport_cpp.so
[8.685s] -- Set runtime path of "/home/matikurcze00/dev_ws/src/roszkowski_zajac/install/anro4_interface/lib/libanro4_interface__rosidl_typesupport_cpp.so" to ""
[8.742s] Compiling '/home/matikurcze00/dev_ws/src/roszkowski_zajac/install/anro4_interface/lib/python3.8/site-packages/anro4_interface/__init__.py'...
[8.749s] -- Installing: /home/matikurcze00/dev_ws/src/roszkowski_zajac/install/anro4_interface/share/anro4_interface/cmake/anro4_interface__rosidl_generator_cExport.cmake
[8.749s] -- Installing: /home/matikurcze00/dev_ws/src/roszkowski_zajac/install/anro4_interface/share/anro4_interface/cmake/anro4_interface__rosidl_generator_cExport-noconfig.cmake
[8.750s] -- Installing: /home/matikurcze00/dev_ws/src/roszkowski_zajac/install/anro4_interface/share/anro4_interface/cmake/anro4_interface__rosidl_typesupport_introspection_cExport.cmake
[8.750s] -- Installing: /home/matikurcze00/dev_ws/src/roszkowski_zajac/install/anro4_interface/share/anro4_interface/cmake/anro4_interface__rosidl_typesupport_introspection_cExport-noconfig.cmake
[8.750s] -- Installing: /home/matikurcze00/dev_ws/src/roszkowski_zajac/install/anro4_interface/share/anro4_interface/cmake/anro4_interface__rosidl_typesupport_cExport.cmake
[8.751s] -- Installing: /home/matikurcze00/dev_ws/src/roszkowski_zajac/install/anro4_interface/share/anro4_interface/cmake/anro4_interface__rosidl_typesupport_cExport-noconfig.cmake
[8.751s] -- Installing: /home/matikurcze00/dev_ws/src/roszkowski_zajac/install/anro4_interface/share/anro4_interface/cmake/anro4_interface__rosidl_generator_cppExport.cmake
[8.751s] -- Installing: /home/matikurcze00/dev_ws/src/roszkowski_zajac/install/anro4_interface/share/anro4_interface/cmake/anro4_interface__rosidl_typesupport_introspection_cppExport.cmake
[8.752s] -- Installing: /home/matikurcze00/dev_ws/src/roszkowski_zajac/install/anro4_interface/share/anro4_interface/cmake/anro4_interface__rosidl_typesupport_introspection_cppExport-noconfig.cmake
[8.752s] -- Installing: /home/matikurcze00/dev_ws/src/roszkowski_zajac/install/anro4_interface/share/anro4_interface/cmake/anro4_interface__rosidl_typesupport_cppExport.cmake
[8.752s] -- Installing: /home/matikurcze00/dev_ws/src/roszkowski_zajac/install/anro4_interface/share/anro4_interface/cmake/anro4_interface__rosidl_typesupport_cppExport-noconfig.cmake
[8.755s] Invoked command in '/home/matikurcze00/dev_ws/src/roszkowski_zajac/build/anro4_interface' returned '0': CMAKE_PREFIX_PATH=/opt/ros/foxy /usr/bin/cmake --install /home/matikurcze00/dev_ws/src/roszkowski_zajac/build/anro4_interface
