[0.407s] DEBUG:colcon:Command line arguments: ['/usr/bin/colcon', 'build', '--symlink-install', '--packages-select', 'anro2']
[0.407s] DEBUG:colcon:Parsed command line arguments: Namespace(ament_cmake_args=None, base_paths=['.'], build_base='build', catkin_cmake_args=None, catkin_skip_building_tests=False, cmake_args=None, cmake_clean_cache=False, cmake_clean_first=False, cmake_force_configure=False, cmake_target=None, cmake_target_skip_unavailable=False, continue_on_error=False, event_handlers=None, executor='parallel', ignore_user_meta=False, install_base='install', log_base=None, log_level=None, main=<bound method BuildVerb.main of <colcon_core.verb.build.BuildVerb object at 0x7fd48cab0fd0>>, merge_install=False, metas=['./colcon.meta'], packages_above=None, packages_above_and_dependencies=None, packages_above_depth=None, packages_end=None, packages_ignore=None, packages_ignore_regex=None, packages_select=['anro2'], packages_select_build_failed=False, packages_select_by_dep=None, packages_select_regex=None, packages_select_test_failures=False, packages_skip=None, packages_skip_build_finished=False, packages_skip_by_dep=None, packages_skip_regex=None, packages_skip_test_passed=False, packages_skip_up_to=None, packages_start=None, packages_up_to=None, packages_up_to_regex=None, parallel_workers=4, paths=None, symlink_install=True, test_result_base=None, verb_extension=<colcon_core.verb.build.BuildVerb object at 0x7fd48cab0fd0>, verb_name='build', verb_parser=<colcon_defaults.argument_parser.defaults.DefaultArgumentsDecorator object at 0x7fd48cabc490>)
[0.419s] Level 1:colcon.colcon_core.package_discovery:discover_packages(colcon_meta) check parameters
[0.419s] Level 1:colcon.colcon_core.package_discovery:discover_packages(recursive) check parameters
[0.419s] Level 1:colcon.colcon_core.package_discovery:discover_packages(ignore) check parameters
[0.419s] Level 1:colcon.colcon_core.package_discovery:discover_packages(path) check parameters
[0.419s] Level 1:colcon.colcon_core.package_discovery:discover_packages(colcon_meta) discover
[0.419s] Level 1:colcon.colcon_core.package_discovery:discover_packages(recursive) discover
[0.419s] INFO:colcon.colcon_core.package_discovery:Crawling recursively for packages in '/home/matikurcze00/dev_ws/src/roszkowski_zajac'
[0.420s] Level 1:colcon.colcon_core.package_identification:_identify(.) by extensions ['ignore', 'ignore_ament_install']
[0.420s] Level 1:colcon.colcon_core.package_identification:_identify(.) by extension 'ignore'
[0.420s] Level 1:colcon.colcon_core.package_identification:_identify(.) by extension 'ignore_ament_install'
[0.420s] Level 1:colcon.colcon_core.package_identification:_identify(.) by extensions ['colcon_pkg']
[0.420s] Level 1:colcon.colcon_core.package_identification:_identify(.) by extension 'colcon_pkg'
[0.421s] Level 1:colcon.colcon_core.package_identification:_identify(.) by extensions ['colcon_meta']
[0.421s] Level 1:colcon.colcon_core.package_identification:_identify(.) by extension 'colcon_meta'
[0.421s] Level 1:colcon.colcon_core.package_identification:_identify(.) by extensions ['ros']
[0.421s] Level 1:colcon.colcon_core.package_identification:_identify(.) by extension 'ros'
[0.441s] Level 1:colcon.colcon_core.package_identification:_identify(.) by extensions ['cmake', 'python']
[0.441s] Level 1:colcon.colcon_core.package_identification:_identify(.) by extension 'cmake'
[0.441s] Level 1:colcon.colcon_core.package_identification:_identify(.) by extension 'python'
[0.441s] Level 1:colcon.colcon_core.package_identification:_identify(.) by extensions ['python_setup_py']
[0.441s] Level 1:colcon.colcon_core.package_identification:_identify(.) by extension 'python_setup_py'
[0.441s] Level 1:colcon.colcon_core.package_identification:_identify(anro2) by extensions ['ignore', 'ignore_ament_install']
[0.442s] Level 1:colcon.colcon_core.package_identification:_identify(anro2) by extension 'ignore'
[0.442s] Level 1:colcon.colcon_core.package_identification:_identify(anro2) by extension 'ignore_ament_install'
[0.442s] Level 1:colcon.colcon_core.package_identification:_identify(anro2) by extensions ['colcon_pkg']
[0.442s] Level 1:colcon.colcon_core.package_identification:_identify(anro2) by extension 'colcon_pkg'
[0.442s] Level 1:colcon.colcon_core.package_identification:_identify(anro2) by extensions ['colcon_meta']
[0.442s] Level 1:colcon.colcon_core.package_identification:_identify(anro2) by extension 'colcon_meta'
[0.442s] Level 1:colcon.colcon_core.package_identification:_identify(anro2) by extensions ['ros']
[0.442s] Level 1:colcon.colcon_core.package_identification:_identify(anro2) by extension 'ros'
[0.446s] DEBUG:colcon.colcon_core.package_identification:Package 'anro2' with type 'ros.ament_python' and name 'anro2'
[0.447s] Level 1:colcon.colcon_core.package_identification:_identify(anro3) by extensions ['ignore', 'ignore_ament_install']
[0.447s] Level 1:colcon.colcon_core.package_identification:_identify(anro3) by extension 'ignore'
[0.447s] Level 1:colcon.colcon_core.package_identification:_identify(anro3) by extension 'ignore_ament_install'
[0.447s] Level 1:colcon.colcon_core.package_identification:_identify(anro3) by extensions ['colcon_pkg']
[0.447s] Level 1:colcon.colcon_core.package_identification:_identify(anro3) by extension 'colcon_pkg'
[0.447s] Level 1:colcon.colcon_core.package_identification:_identify(anro3) by extensions ['colcon_meta']
[0.447s] Level 1:colcon.colcon_core.package_identification:_identify(anro3) by extension 'colcon_meta'
[0.447s] Level 1:colcon.colcon_core.package_identification:_identify(anro3) by extensions ['ros']
[0.447s] Level 1:colcon.colcon_core.package_identification:_identify(anro3) by extension 'ros'
[0.448s] DEBUG:colcon.colcon_core.package_identification:Package 'anro3' with type 'ros.ament_python' and name 'anro3'
[0.448s] Level 1:colcon.colcon_core.package_identification:_identify(anro4) by extensions ['ignore', 'ignore_ament_install']
[0.448s] Level 1:colcon.colcon_core.package_identification:_identify(anro4) by extension 'ignore'
[0.448s] Level 1:colcon.colcon_core.package_identification:_identify(anro4) by extension 'ignore_ament_install'
[0.448s] Level 1:colcon.colcon_core.package_identification:_identify(anro4) by extensions ['colcon_pkg']
[0.448s] Level 1:colcon.colcon_core.package_identification:_identify(anro4) by extension 'colcon_pkg'
[0.448s] Level 1:colcon.colcon_core.package_identification:_identify(anro4) by extensions ['colcon_meta']
[0.448s] Level 1:colcon.colcon_core.package_identification:_identify(anro4) by extension 'colcon_meta'
[0.448s] Level 1:colcon.colcon_core.package_identification:_identify(anro4) by extensions ['ros']
[0.449s] Level 1:colcon.colcon_core.package_identification:_identify(anro4) by extension 'ros'
[0.451s] DEBUG:colcon.colcon_core.package_identification:Package 'anro4' with type 'ros.ament_python' and name 'anro4'
[0.451s] Level 1:colcon.colcon_core.package_identification:_identify(anro4_interface) by extensions ['ignore', 'ignore_ament_install']
[0.452s] Level 1:colcon.colcon_core.package_identification:_identify(anro4_interface) by extension 'ignore'
[0.452s] Level 1:colcon.colcon_core.package_identification:_identify(anro4_interface) by extension 'ignore_ament_install'
[0.452s] Level 1:colcon.colcon_core.package_identification:_identify(anro4_interface) by extensions ['colcon_pkg']
[0.452s] Level 1:colcon.colcon_core.package_identification:_identify(anro4_interface) by extension 'colcon_pkg'
[0.452s] Level 1:colcon.colcon_core.package_identification:_identify(anro4_interface) by extensions ['colcon_meta']
[0.452s] Level 1:colcon.colcon_core.package_identification:_identify(anro4_interface) by extension 'colcon_meta'
[0.452s] Level 1:colcon.colcon_core.package_identification:_identify(anro4_interface) by extensions ['ros']
[0.453s] Level 1:colcon.colcon_core.package_identification:_identify(anro4_interface) by extension 'ros'
[0.454s] DEBUG:colcon.colcon_core.package_identification:Package 'anro4_interface' with type 'ros.ament_cmake' and name 'anro4_interface'
[0.454s] Level 1:colcon.colcon_core.package_identification:_identify(build) by extensions ['ignore', 'ignore_ament_install']
[0.454s] Level 1:colcon.colcon_core.package_identification:_identify(build) by extension 'ignore'
[0.455s] Level 1:colcon.colcon_core.package_identification:_identify(build) ignored
[0.455s] Level 1:colcon.colcon_core.package_identification:_identify(changed_keys_anrolab1) by extensions ['ignore', 'ignore_ament_install']
[0.455s] Level 1:colcon.colcon_core.package_identification:_identify(changed_keys_anrolab1) by extension 'ignore'
[0.455s] Level 1:colcon.colcon_core.package_identification:_identify(changed_keys_anrolab1) by extension 'ignore_ament_install'
[0.455s] Level 1:colcon.colcon_core.package_identification:_identify(changed_keys_anrolab1) by extensions ['colcon_pkg']
[0.456s] Level 1:colcon.colcon_core.package_identification:_identify(changed_keys_anrolab1) by extension 'colcon_pkg'
[0.456s] Level 1:colcon.colcon_core.package_identification:_identify(changed_keys_anrolab1) by extensions ['colcon_meta']
[0.456s] Level 1:colcon.colcon_core.package_identification:_identify(changed_keys_anrolab1) by extension 'colcon_meta'
[0.456s] Level 1:colcon.colcon_core.package_identification:_identify(changed_keys_anrolab1) by extensions ['ros']
[0.456s] Level 1:colcon.colcon_core.package_identification:_identify(changed_keys_anrolab1) by extension 'ros'
[0.457s] DEBUG:colcon.colcon_core.package_identification:Package 'changed_keys_anrolab1' with type 'ros.ament_python' and name 'changed_keys_anrolab1'
[0.457s] Level 1:colcon.colcon_core.package_identification:_identify(install) by extensions ['ignore', 'ignore_ament_install']
[0.457s] Level 1:colcon.colcon_core.package_identification:_identify(install) by extension 'ignore'
[0.457s] Level 1:colcon.colcon_core.package_identification:_identify(install) ignored
[0.458s] Level 1:colcon.colcon_core.package_identification:_identify(log) by extensions ['ignore', 'ignore_ament_install']
[0.458s] Level 1:colcon.colcon_core.package_identification:_identify(log) by extension 'ignore'
[0.458s] Level 1:colcon.colcon_core.package_identification:_identify(log) ignored
[0.458s] Level 1:colcon.colcon_core.package_discovery:discover_packages(recursive) using defaults
[0.458s] Level 1:colcon.colcon_core.package_discovery:discover_packages(ignore) discover
[0.458s] Level 1:colcon.colcon_core.package_discovery:discover_packages(ignore) using defaults
[0.458s] Level 1:colcon.colcon_core.package_discovery:discover_packages(path) discover
[0.458s] Level 1:colcon.colcon_core.package_discovery:discover_packages(path) using defaults
[0.495s] INFO:colcon.colcon_core.package_selection:Skipping not selected package 'anro3' in 'anro3'
[0.495s] INFO:colcon.colcon_core.package_selection:Skipping not selected package 'anro4_interface' in 'anro4_interface'
[0.495s] INFO:colcon.colcon_core.package_selection:Skipping not selected package 'changed_keys_anrolab1' in 'changed_keys_anrolab1'
[0.495s] INFO:colcon.colcon_core.package_selection:Skipping not selected package 'anro4' in 'anro4'
[0.500s] Level 5:colcon.colcon_core.verb:set package 'anro2' build argument 'cmake_args' from command line to 'None'
[0.500s] Level 5:colcon.colcon_core.verb:set package 'anro2' build argument 'cmake_target' from command line to 'None'
[0.500s] Level 5:colcon.colcon_core.verb:set package 'anro2' build argument 'cmake_target_skip_unavailable' from command line to 'False'
[0.500s] Level 5:colcon.colcon_core.verb:set package 'anro2' build argument 'cmake_clean_cache' from command line to 'False'
[0.500s] Level 5:colcon.colcon_core.verb:set package 'anro2' build argument 'cmake_clean_first' from command line to 'False'
[0.500s] Level 5:colcon.colcon_core.verb:set package 'anro2' build argument 'cmake_force_configure' from command line to 'False'
[0.500s] Level 5:colcon.colcon_core.verb:set package 'anro2' build argument 'ament_cmake_args' from command line to 'None'
[0.500s] Level 5:colcon.colcon_core.verb:set package 'anro2' build argument 'catkin_cmake_args' from command line to 'None'
[0.500s] Level 5:colcon.colcon_core.verb:set package 'anro2' build argument 'catkin_skip_building_tests' from command line to 'False'
[0.500s] DEBUG:colcon.colcon_core.verb:Building package 'anro2' with the following arguments: {'ament_cmake_args': None, 'build_base': '/home/matikurcze00/dev_ws/src/roszkowski_zajac/build/anro2', 'catkin_cmake_args': None, 'catkin_skip_building_tests': False, 'cmake_args': None, 'cmake_clean_cache': False, 'cmake_clean_first': False, 'cmake_force_configure': False, 'cmake_target': None, 'cmake_target_skip_unavailable': False, 'install_base': '/home/matikurcze00/dev_ws/src/roszkowski_zajac/install/anro2', 'merge_install': False, 'path': '/home/matikurcze00/dev_ws/src/roszkowski_zajac/anro2', 'symlink_install': True, 'test_result_base': None}
[0.501s] INFO:colcon.colcon_core.executor:Executing jobs using 'parallel' executor
[0.506s] DEBUG:colcon.colcon_parallel_executor.executor.parallel:run_until_complete
[0.507s] INFO:colcon.colcon_ros.task.ament_python.build:Building ROS package in '/home/matikurcze00/dev_ws/src/roszkowski_zajac/anro2' with build type 'ament_python'
[0.507s] Level 1:colcon.colcon_core.shell:create_environment_hook('anro2', 'ament_prefix_path')
[0.513s] INFO:colcon.colcon_core.plugin_system:Skipping extension 'colcon_core.shell.bat': Not used on non-Windows systems
[0.513s] INFO:colcon.colcon_core.shell:Creating environment hook '/home/matikurcze00/dev_ws/src/roszkowski_zajac/install/anro2/share/anro2/hook/ament_prefix_path.ps1'
[0.514s] INFO:colcon.colcon_core.shell:Creating environment descriptor '/home/matikurcze00/dev_ws/src/roszkowski_zajac/install/anro2/share/anro2/hook/ament_prefix_path.dsv'
[0.515s] INFO:colcon.colcon_core.shell:Creating environment hook '/home/matikurcze00/dev_ws/src/roszkowski_zajac/install/anro2/share/anro2/hook/ament_prefix_path.sh'
[0.517s] INFO:colcon.colcon_core.shell:Skip shell extension 'powershell' for command environment: Not usable outside of PowerShell
[0.517s] DEBUG:colcon.colcon_core.shell:Skip shell extension 'dsv' for command environment
[0.525s] DEBUG:colcon.colcon_core.shell:Ignoring prefix path '/opt/ros/foxy'
[1.140s] INFO:colcon.colcon_core.task.python.build:Building Python package in '/home/matikurcze00/dev_ws/src/roszkowski_zajac/anro2'
[1.142s] INFO:colcon.colcon_core.shell:Skip shell extension 'powershell' for command environment: Not usable outside of PowerShell
[1.142s] DEBUG:colcon.colcon_core.shell:Skip shell extension 'dsv' for command environment
[1.147s] DEBUG:colcon.colcon_core.shell:Ignoring prefix path '/opt/ros/foxy'
[1.172s] DEBUG:colcon.colcon_core.event_handler.log_command:Invoking command in '/home/matikurcze00/dev_ws/src/roszkowski_zajac/build/anro2': PYTHONPATH=/home/matikurcze00/dev_ws/src/roszkowski_zajac/install/anro2/lib/python3.8/site-packages:${PYTHONPATH} /usr/bin/python3 setup.py develop --prefix /home/matikurcze00/dev_ws/src/roszkowski_zajac/install/anro2 --editable --build-directory /home/matikurcze00/dev_ws/src/roszkowski_zajac/build/anro2/build --no-deps install_data --install-dir /home/matikurcze00/dev_ws/src/roszkowski_zajac/install/anro2
[2.149s] Level 1:colcon.colcon_core.shell:create_environment_hook('anro2', 'pythonpath_develop')
[2.152s] INFO:colcon.colcon_core.shell:Creating environment hook '/home/matikurcze00/dev_ws/src/roszkowski_zajac/build/anro2/share/anro2/hook/pythonpath_develop.ps1'
[2.153s] DEBUG:colcon.colcon_core.event_handler.log_command:Invoked command in '/home/matikurcze00/dev_ws/src/roszkowski_zajac/build/anro2' returned '0': PYTHONPATH=/home/matikurcze00/dev_ws/src/roszkowski_zajac/install/anro2/lib/python3.8/site-packages:${PYTHONPATH} /usr/bin/python3 setup.py develop --prefix /home/matikurcze00/dev_ws/src/roszkowski_zajac/install/anro2 --editable --build-directory /home/matikurcze00/dev_ws/src/roszkowski_zajac/build/anro2/build --no-deps install_data --install-dir /home/matikurcze00/dev_ws/src/roszkowski_zajac/install/anro2
[2.154s] INFO:colcon.colcon_core.shell:Creating environment descriptor '/home/matikurcze00/dev_ws/src/roszkowski_zajac/build/anro2/share/anro2/hook/pythonpath_develop.dsv'
[2.155s] INFO:colcon.colcon_core.shell:Creating environment hook '/home/matikurcze00/dev_ws/src/roszkowski_zajac/build/anro2/share/anro2/hook/pythonpath_develop.sh'
[2.164s] Level 1:colcon.colcon_core.environment:checking '/home/matikurcze00/dev_ws/src/roszkowski_zajac/install/anro2' for CMake module files
[2.165s] Level 1:colcon.colcon_core.environment:checking '/home/matikurcze00/dev_ws/src/roszkowski_zajac/install/anro2' for CMake config files
[2.167s] Level 1:colcon.colcon_core.environment:checking '/home/matikurcze00/dev_ws/src/roszkowski_zajac/install/anro2/lib'
[2.168s] Level 1:colcon.colcon_core.environment:checking '/home/matikurcze00/dev_ws/src/roszkowski_zajac/install/anro2/bin'
[2.168s] Level 1:colcon.colcon_core.environment:checking '/home/matikurcze00/dev_ws/src/roszkowski_zajac/install/anro2/lib/pkgconfig/anro2.pc'
[2.168s] Level 1:colcon.colcon_core.environment:checking '/home/matikurcze00/dev_ws/src/roszkowski_zajac/install/anro2/lib/python3.8/site-packages'
[2.168s] Level 1:colcon.colcon_core.shell:create_environment_hook('anro2', 'pythonpath')
[2.172s] INFO:colcon.colcon_core.shell:Creating environment hook '/home/matikurcze00/dev_ws/src/roszkowski_zajac/install/anro2/share/anro2/hook/pythonpath.ps1'
[2.173s] INFO:colcon.colcon_core.shell:Creating environment descriptor '/home/matikurcze00/dev_ws/src/roszkowski_zajac/install/anro2/share/anro2/hook/pythonpath.dsv'
[2.174s] INFO:colcon.colcon_core.shell:Creating environment hook '/home/matikurcze00/dev_ws/src/roszkowski_zajac/install/anro2/share/anro2/hook/pythonpath.sh'
[2.175s] Level 1:colcon.colcon_core.environment:create_environment_scripts_only(anro2)
[2.177s] INFO:colcon.colcon_core.shell:Creating package script '/home/matikurcze00/dev_ws/src/roszkowski_zajac/install/anro2/share/anro2/package.ps1'
[2.180s] INFO:colcon.colcon_core.shell:Creating package descriptor '/home/matikurcze00/dev_ws/src/roszkowski_zajac/install/anro2/share/anro2/package.dsv'
[2.181s] INFO:colcon.colcon_core.shell:Creating package script '/home/matikurcze00/dev_ws/src/roszkowski_zajac/install/anro2/share/anro2/package.sh'
[2.185s] INFO:colcon.colcon_core.shell:Creating package script '/home/matikurcze00/dev_ws/src/roszkowski_zajac/install/anro2/share/anro2/package.bash'
[2.187s] INFO:colcon.colcon_core.shell:Creating package script '/home/matikurcze00/dev_ws/src/roszkowski_zajac/install/anro2/share/anro2/package.zsh'
[2.190s] Level 1:colcon.colcon_core.environment:create_file_with_runtime_dependencies(/home/matikurcze00/dev_ws/src/roszkowski_zajac/install/anro2/share/colcon-core/packages/anro2)
[2.192s] DEBUG:colcon.colcon_parallel_executor.executor.parallel:closing loop
[2.193s] DEBUG:colcon.colcon_parallel_executor.executor.parallel:loop closed
[2.194s] DEBUG:colcon.colcon_parallel_executor.executor.parallel:run_until_complete finished with '0'
[2.194s] DEBUG:colcon.colcon_core.event_reactor:joining thread
[2.206s] INFO:colcon.colcon_core.plugin_system:Skipping extension 'colcon_notification.desktop_notification.terminal_notifier': Not used on non-Darwin systems
[2.206s] INFO:colcon.colcon_core.plugin_system:Skipping extension 'colcon_notification.desktop_notification.win32': Not used on non-Windows systems
[2.206s] INFO:colcon.colcon_notification.desktop_notification:Sending desktop notification using 'notify2'
[2.257s] DEBUG:colcon.colcon_core.event_reactor:joined thread
[2.259s] INFO:colcon.colcon_core.shell:Creating prefix script '/home/matikurcze00/dev_ws/src/roszkowski_zajac/install/local_setup.ps1'
[2.261s] INFO:colcon.colcon_core.shell:Creating prefix util module '/home/matikurcze00/dev_ws/src/roszkowski_zajac/install/_local_setup_util_ps1.py'
[2.264s] INFO:colcon.colcon_core.shell:Creating prefix chain script '/home/matikurcze00/dev_ws/src/roszkowski_zajac/install/setup.ps1'
[2.272s] INFO:colcon.colcon_core.shell:Creating prefix script '/home/matikurcze00/dev_ws/src/roszkowski_zajac/install/local_setup.sh'
[2.273s] INFO:colcon.colcon_core.shell:Creating prefix util module '/home/matikurcze00/dev_ws/src/roszkowski_zajac/install/_local_setup_util_sh.py'
[2.275s] INFO:colcon.colcon_core.shell:Creating prefix chain script '/home/matikurcze00/dev_ws/src/roszkowski_zajac/install/setup.sh'
[2.282s] INFO:colcon.colcon_core.shell:Creating prefix script '/home/matikurcze00/dev_ws/src/roszkowski_zajac/install/local_setup.bash'
[2.283s] INFO:colcon.colcon_core.shell:Creating prefix chain script '/home/matikurcze00/dev_ws/src/roszkowski_zajac/install/setup.bash'
[2.291s] INFO:colcon.colcon_core.shell:Creating prefix script '/home/matikurcze00/dev_ws/src/roszkowski_zajac/install/local_setup.zsh'
[2.294s] INFO:colcon.colcon_core.shell:Creating prefix chain script '/home/matikurcze00/dev_ws/src/roszkowski_zajac/install/setup.zsh'
