[0.237s] DEBUG:colcon:Command line arguments: ['/usr/bin/colcon', 'build', '--symlink-install', '--packages-select', 'anro4_interface']
[0.237s] DEBUG:colcon:Parsed command line arguments: Namespace(ament_cmake_args=None, base_paths=['.'], build_base='build', catkin_cmake_args=None, catkin_skip_building_tests=False, cmake_args=None, cmake_clean_cache=False, cmake_clean_first=False, cmake_force_configure=False, cmake_target=None, cmake_target_skip_unavailable=False, continue_on_error=False, event_handlers=None, executor='parallel', ignore_user_meta=False, install_base='install', log_base=None, log_level=None, main=<bound method BuildVerb.main of <colcon_core.verb.build.BuildVerb object at 0x7fd6344832b0>>, merge_install=False, metas=['./colcon.meta'], packages_above=None, packages_above_and_dependencies=None, packages_above_depth=None, packages_end=None, packages_ignore=None, packages_ignore_regex=None, packages_select=['anro4_interface'], packages_select_build_failed=False, packages_select_by_dep=None, packages_select_regex=None, packages_select_test_failures=False, packages_skip=None, packages_skip_build_finished=False, packages_skip_by_dep=None, packages_skip_regex=None, packages_skip_test_passed=False, packages_skip_up_to=None, packages_start=None, packages_up_to=None, packages_up_to_regex=None, parallel_workers=4, paths=None, symlink_install=True, test_result_base=None, verb_extension=<colcon_core.verb.build.BuildVerb object at 0x7fd6344832b0>, verb_name='build', verb_parser=<colcon_defaults.argument_parser.defaults.DefaultArgumentsDecorator object at 0x7fd6344837f0>)
[0.246s] Level 1:colcon.colcon_core.package_discovery:discover_packages(colcon_meta) check parameters
[0.246s] Level 1:colcon.colcon_core.package_discovery:discover_packages(recursive) check parameters
[0.246s] Level 1:colcon.colcon_core.package_discovery:discover_packages(ignore) check parameters
[0.246s] Level 1:colcon.colcon_core.package_discovery:discover_packages(path) check parameters
[0.246s] Level 1:colcon.colcon_core.package_discovery:discover_packages(colcon_meta) discover
[0.247s] Level 1:colcon.colcon_core.package_discovery:discover_packages(recursive) discover
[0.247s] INFO:colcon.colcon_core.package_discovery:Crawling recursively for packages in '/home/matikurcze00/dev_ws/src/roszkowski_zajac'
[0.247s] Level 1:colcon.colcon_core.package_identification:_identify(.) by extensions ['ignore', 'ignore_ament_install']
[0.247s] Level 1:colcon.colcon_core.package_identification:_identify(.) by extension 'ignore'
[0.247s] Level 1:colcon.colcon_core.package_identification:_identify(.) by extension 'ignore_ament_install'
[0.247s] Level 1:colcon.colcon_core.package_identification:_identify(.) by extensions ['colcon_pkg']
[0.247s] Level 1:colcon.colcon_core.package_identification:_identify(.) by extension 'colcon_pkg'
[0.247s] Level 1:colcon.colcon_core.package_identification:_identify(.) by extensions ['colcon_meta']
[0.247s] Level 1:colcon.colcon_core.package_identification:_identify(.) by extension 'colcon_meta'
[0.247s] Level 1:colcon.colcon_core.package_identification:_identify(.) by extensions ['ros']
[0.247s] Level 1:colcon.colcon_core.package_identification:_identify(.) by extension 'ros'
[0.261s] Level 1:colcon.colcon_core.package_identification:_identify(.) by extensions ['cmake', 'python']
[0.261s] Level 1:colcon.colcon_core.package_identification:_identify(.) by extension 'cmake'
[0.261s] Level 1:colcon.colcon_core.package_identification:_identify(.) by extension 'python'
[0.261s] Level 1:colcon.colcon_core.package_identification:_identify(.) by extensions ['python_setup_py']
[0.261s] Level 1:colcon.colcon_core.package_identification:_identify(.) by extension 'python_setup_py'
[0.261s] Level 1:colcon.colcon_core.package_identification:_identify(anro2) by extensions ['ignore', 'ignore_ament_install']
[0.261s] Level 1:colcon.colcon_core.package_identification:_identify(anro2) by extension 'ignore'
[0.261s] Level 1:colcon.colcon_core.package_identification:_identify(anro2) by extension 'ignore_ament_install'
[0.261s] Level 1:colcon.colcon_core.package_identification:_identify(anro2) by extensions ['colcon_pkg']
[0.262s] Level 1:colcon.colcon_core.package_identification:_identify(anro2) by extension 'colcon_pkg'
[0.262s] Level 1:colcon.colcon_core.package_identification:_identify(anro2) by extensions ['colcon_meta']
[0.262s] Level 1:colcon.colcon_core.package_identification:_identify(anro2) by extension 'colcon_meta'
[0.262s] Level 1:colcon.colcon_core.package_identification:_identify(anro2) by extensions ['ros']
[0.262s] Level 1:colcon.colcon_core.package_identification:_identify(anro2) by extension 'ros'
[0.265s] DEBUG:colcon.colcon_core.package_identification:Package 'anro2' with type 'ros.ament_python' and name 'anro2'
[0.265s] Level 1:colcon.colcon_core.package_identification:_identify(anro3) by extensions ['ignore', 'ignore_ament_install']
[0.265s] Level 1:colcon.colcon_core.package_identification:_identify(anro3) by extension 'ignore'
[0.266s] Level 1:colcon.colcon_core.package_identification:_identify(anro3) by extension 'ignore_ament_install'
[0.266s] Level 1:colcon.colcon_core.package_identification:_identify(anro3) by extensions ['colcon_pkg']
[0.266s] Level 1:colcon.colcon_core.package_identification:_identify(anro3) by extension 'colcon_pkg'
[0.266s] Level 1:colcon.colcon_core.package_identification:_identify(anro3) by extensions ['colcon_meta']
[0.266s] Level 1:colcon.colcon_core.package_identification:_identify(anro3) by extension 'colcon_meta'
[0.266s] Level 1:colcon.colcon_core.package_identification:_identify(anro3) by extensions ['ros']
[0.266s] Level 1:colcon.colcon_core.package_identification:_identify(anro3) by extension 'ros'
[0.267s] DEBUG:colcon.colcon_core.package_identification:Package 'anro3' with type 'ros.ament_python' and name 'anro3'
[0.267s] Level 1:colcon.colcon_core.package_identification:_identify(anro4) by extensions ['ignore', 'ignore_ament_install']
[0.267s] Level 1:colcon.colcon_core.package_identification:_identify(anro4) by extension 'ignore'
[0.267s] Level 1:colcon.colcon_core.package_identification:_identify(anro4) by extension 'ignore_ament_install'
[0.267s] Level 1:colcon.colcon_core.package_identification:_identify(anro4) by extensions ['colcon_pkg']
[0.267s] Level 1:colcon.colcon_core.package_identification:_identify(anro4) by extension 'colcon_pkg'
[0.267s] Level 1:colcon.colcon_core.package_identification:_identify(anro4) by extensions ['colcon_meta']
[0.267s] Level 1:colcon.colcon_core.package_identification:_identify(anro4) by extension 'colcon_meta'
[0.267s] Level 1:colcon.colcon_core.package_identification:_identify(anro4) by extensions ['ros']
[0.267s] Level 1:colcon.colcon_core.package_identification:_identify(anro4) by extension 'ros'
[0.268s] DEBUG:colcon.colcon_core.package_identification:Package 'anro4' with type 'ros.ament_python' and name 'anro4'
[0.268s] Level 1:colcon.colcon_core.package_identification:_identify(anro4_interface) by extensions ['ignore', 'ignore_ament_install']
[0.268s] Level 1:colcon.colcon_core.package_identification:_identify(anro4_interface) by extension 'ignore'
[0.268s] Level 1:colcon.colcon_core.package_identification:_identify(anro4_interface) by extension 'ignore_ament_install'
[0.268s] Level 1:colcon.colcon_core.package_identification:_identify(anro4_interface) by extensions ['colcon_pkg']
[0.268s] Level 1:colcon.colcon_core.package_identification:_identify(anro4_interface) by extension 'colcon_pkg'
[0.268s] Level 1:colcon.colcon_core.package_identification:_identify(anro4_interface) by extensions ['colcon_meta']
[0.268s] Level 1:colcon.colcon_core.package_identification:_identify(anro4_interface) by extension 'colcon_meta'
[0.268s] Level 1:colcon.colcon_core.package_identification:_identify(anro4_interface) by extensions ['ros']
[0.268s] Level 1:colcon.colcon_core.package_identification:_identify(anro4_interface) by extension 'ros'
[0.269s] DEBUG:colcon.colcon_core.package_identification:Package 'anro4_interface' with type 'ros.ament_cmake' and name 'anro4_interface'
[0.269s] Level 1:colcon.colcon_core.package_identification:_identify(build) by extensions ['ignore', 'ignore_ament_install']
[0.269s] Level 1:colcon.colcon_core.package_identification:_identify(build) by extension 'ignore'
[0.269s] Level 1:colcon.colcon_core.package_identification:_identify(build) ignored
[0.269s] Level 1:colcon.colcon_core.package_identification:_identify(changed_keys_anrolab1) by extensions ['ignore', 'ignore_ament_install']
[0.270s] Level 1:colcon.colcon_core.package_identification:_identify(changed_keys_anrolab1) by extension 'ignore'
[0.270s] Level 1:colcon.colcon_core.package_identification:_identify(changed_keys_anrolab1) by extension 'ignore_ament_install'
[0.270s] Level 1:colcon.colcon_core.package_identification:_identify(changed_keys_anrolab1) by extensions ['colcon_pkg']
[0.270s] Level 1:colcon.colcon_core.package_identification:_identify(changed_keys_anrolab1) by extension 'colcon_pkg'
[0.270s] Level 1:colcon.colcon_core.package_identification:_identify(changed_keys_anrolab1) by extensions ['colcon_meta']
[0.270s] Level 1:colcon.colcon_core.package_identification:_identify(changed_keys_anrolab1) by extension 'colcon_meta'
[0.270s] Level 1:colcon.colcon_core.package_identification:_identify(changed_keys_anrolab1) by extensions ['ros']
[0.270s] Level 1:colcon.colcon_core.package_identification:_identify(changed_keys_anrolab1) by extension 'ros'
[0.271s] DEBUG:colcon.colcon_core.package_identification:Package 'changed_keys_anrolab1' with type 'ros.ament_python' and name 'changed_keys_anrolab1'
[0.271s] Level 1:colcon.colcon_core.package_identification:_identify(install) by extensions ['ignore', 'ignore_ament_install']
[0.271s] Level 1:colcon.colcon_core.package_identification:_identify(install) by extension 'ignore'
[0.271s] Level 1:colcon.colcon_core.package_identification:_identify(install) ignored
[0.271s] Level 1:colcon.colcon_core.package_identification:_identify(log) by extensions ['ignore', 'ignore_ament_install']
[0.271s] Level 1:colcon.colcon_core.package_identification:_identify(log) by extension 'ignore'
[0.271s] Level 1:colcon.colcon_core.package_identification:_identify(log) ignored
[0.271s] Level 1:colcon.colcon_core.package_discovery:discover_packages(recursive) using defaults
[0.271s] Level 1:colcon.colcon_core.package_discovery:discover_packages(ignore) discover
[0.271s] Level 1:colcon.colcon_core.package_discovery:discover_packages(ignore) using defaults
[0.271s] Level 1:colcon.colcon_core.package_discovery:discover_packages(path) discover
[0.271s] Level 1:colcon.colcon_core.package_discovery:discover_packages(path) using defaults
[0.295s] INFO:colcon.colcon_core.package_selection:Skipping not selected package 'anro2' in 'anro2'
[0.296s] INFO:colcon.colcon_core.package_selection:Skipping not selected package 'anro3' in 'anro3'
[0.296s] INFO:colcon.colcon_core.package_selection:Skipping not selected package 'anro4' in 'anro4'
[0.296s] INFO:colcon.colcon_core.package_selection:Skipping not selected package 'changed_keys_anrolab1' in 'changed_keys_anrolab1'
[0.298s] Level 5:colcon.colcon_core.verb:set package 'anro4_interface' build argument 'cmake_args' from command line to 'None'
[0.298s] Level 5:colcon.colcon_core.verb:set package 'anro4_interface' build argument 'cmake_target' from command line to 'None'
[0.298s] Level 5:colcon.colcon_core.verb:set package 'anro4_interface' build argument 'cmake_target_skip_unavailable' from command line to 'False'
[0.298s] Level 5:colcon.colcon_core.verb:set package 'anro4_interface' build argument 'cmake_clean_cache' from command line to 'False'
[0.298s] Level 5:colcon.colcon_core.verb:set package 'anro4_interface' build argument 'cmake_clean_first' from command line to 'False'
[0.298s] Level 5:colcon.colcon_core.verb:set package 'anro4_interface' build argument 'cmake_force_configure' from command line to 'False'
[0.298s] Level 5:colcon.colcon_core.verb:set package 'anro4_interface' build argument 'ament_cmake_args' from command line to 'None'
[0.298s] Level 5:colcon.colcon_core.verb:set package 'anro4_interface' build argument 'catkin_cmake_args' from command line to 'None'
[0.298s] Level 5:colcon.colcon_core.verb:set package 'anro4_interface' build argument 'catkin_skip_building_tests' from command line to 'False'
[0.299s] DEBUG:colcon.colcon_core.verb:Building package 'anro4_interface' with the following arguments: {'ament_cmake_args': None, 'build_base': '/home/matikurcze00/dev_ws/src/roszkowski_zajac/build/anro4_interface', 'catkin_cmake_args': None, 'catkin_skip_building_tests': False, 'cmake_args': None, 'cmake_clean_cache': False, 'cmake_clean_first': False, 'cmake_force_configure': False, 'cmake_target': None, 'cmake_target_skip_unavailable': False, 'install_base': '/home/matikurcze00/dev_ws/src/roszkowski_zajac/install/anro4_interface', 'merge_install': False, 'path': '/home/matikurcze00/dev_ws/src/roszkowski_zajac/anro4_interface', 'symlink_install': True, 'test_result_base': None}
[0.299s] INFO:colcon.colcon_core.executor:Executing jobs using 'parallel' executor
[0.301s] DEBUG:colcon.colcon_parallel_executor.executor.parallel:run_until_complete
[0.302s] INFO:colcon.colcon_ros.task.ament_cmake.build:Building ROS package in '/home/matikurcze00/dev_ws/src/roszkowski_zajac/anro4_interface' with build type 'ament_cmake'
[0.302s] INFO:colcon.colcon_cmake.task.cmake.build:Building CMake package in '/home/matikurcze00/dev_ws/src/roszkowski_zajac/anro4_interface'
[0.308s] INFO:colcon.colcon_core.plugin_system:Skipping extension 'colcon_core.shell.bat': Not used on non-Windows systems
[0.309s] INFO:colcon.colcon_core.shell:Skip shell extension 'powershell' for command environment: Not usable outside of PowerShell
[0.309s] DEBUG:colcon.colcon_core.shell:Skip shell extension 'dsv' for command environment
[0.312s] DEBUG:colcon.colcon_core.shell:Ignoring prefix path '/opt/ros/foxy'
[0.322s] DEBUG:colcon.colcon_core.event_handler.log_command:Invoking command in '/home/matikurcze00/dev_ws/src/roszkowski_zajac/build/anro4_interface': CMAKE_PREFIX_PATH=/opt/ros/foxy /usr/bin/cmake /home/matikurcze00/dev_ws/src/roszkowski_zajac/anro4_interface -DAMENT_CMAKE_SYMLINK_INSTALL=1 -DCMAKE_INSTALL_PREFIX=/home/matikurcze00/dev_ws/src/roszkowski_zajac/install/anro4_interface
[0.352s] DEBUG:colcon.colcon_core.event_handler.log_command:Invoked command in '/home/matikurcze00/dev_ws/src/roszkowski_zajac/build/anro4_interface' returned '1': CMAKE_PREFIX_PATH=/opt/ros/foxy /usr/bin/cmake /home/matikurcze00/dev_ws/src/roszkowski_zajac/anro4_interface -DAMENT_CMAKE_SYMLINK_INSTALL=1 -DCMAKE_INSTALL_PREFIX=/home/matikurcze00/dev_ws/src/roszkowski_zajac/install/anro4_interface
[0.352s] Level 1:colcon.colcon_core.environment:create_environment_scripts_only(anro4_interface)
[0.359s] Level 1:colcon.colcon_core.environment:checking '/home/matikurcze00/dev_ws/src/roszkowski_zajac/install/anro4_interface' for CMake module files
[0.360s] Level 1:colcon.colcon_core.environment:checking '/home/matikurcze00/dev_ws/src/roszkowski_zajac/install/anro4_interface' for CMake config files
[0.360s] Level 1:colcon.colcon_core.environment:checking '/home/matikurcze00/dev_ws/src/roszkowski_zajac/install/anro4_interface/bin'
[0.360s] Level 1:colcon.colcon_core.environment:checking '/home/matikurcze00/dev_ws/src/roszkowski_zajac/install/anro4_interface/lib/pkgconfig/anro4_interface.pc'
[0.360s] Level 1:colcon.colcon_core.environment:checking '/home/matikurcze00/dev_ws/src/roszkowski_zajac/install/anro4_interface/lib/python3.8/site-packages'
[0.361s] INFO:colcon.colcon_core.shell:Creating package script '/home/matikurcze00/dev_ws/src/roszkowski_zajac/install/anro4_interface/share/anro4_interface/package.ps1'
[0.362s] INFO:colcon.colcon_core.shell:Creating package descriptor '/home/matikurcze00/dev_ws/src/roszkowski_zajac/install/anro4_interface/share/anro4_interface/package.dsv'
[0.363s] INFO:colcon.colcon_core.shell:Creating package script '/home/matikurcze00/dev_ws/src/roszkowski_zajac/install/anro4_interface/share/anro4_interface/package.sh'
[0.364s] INFO:colcon.colcon_core.shell:Creating package script '/home/matikurcze00/dev_ws/src/roszkowski_zajac/install/anro4_interface/share/anro4_interface/package.bash'
[0.365s] INFO:colcon.colcon_core.shell:Creating package script '/home/matikurcze00/dev_ws/src/roszkowski_zajac/install/anro4_interface/share/anro4_interface/package.zsh'
[0.366s] Level 1:colcon.colcon_core.environment:create_file_with_runtime_dependencies(/home/matikurcze00/dev_ws/src/roszkowski_zajac/install/anro4_interface/share/colcon-core/packages/anro4_interface)
[0.377s] DEBUG:colcon.colcon_parallel_executor.executor.parallel:closing loop
[0.377s] DEBUG:colcon.colcon_parallel_executor.executor.parallel:loop closed
[0.378s] DEBUG:colcon.colcon_parallel_executor.executor.parallel:run_until_complete finished with '1'
[0.378s] DEBUG:colcon.colcon_core.event_reactor:joining thread
[0.391s] INFO:colcon.colcon_core.plugin_system:Skipping extension 'colcon_notification.desktop_notification.terminal_notifier': Not used on non-Darwin systems
[0.391s] INFO:colcon.colcon_core.plugin_system:Skipping extension 'colcon_notification.desktop_notification.win32': Not used on non-Windows systems
[0.391s] INFO:colcon.colcon_notification.desktop_notification:Sending desktop notification using 'notify2'
[0.424s] DEBUG:colcon.colcon_core.event_reactor:joined thread
[0.425s] INFO:colcon.colcon_core.shell:Creating prefix script '/home/matikurcze00/dev_ws/src/roszkowski_zajac/install/local_setup.ps1'
[0.426s] INFO:colcon.colcon_core.shell:Creating prefix util module '/home/matikurcze00/dev_ws/src/roszkowski_zajac/install/_local_setup_util_ps1.py'
[0.428s] INFO:colcon.colcon_core.shell:Creating prefix chain script '/home/matikurcze00/dev_ws/src/roszkowski_zajac/install/setup.ps1'
[0.432s] INFO:colcon.colcon_core.shell:Creating prefix script '/home/matikurcze00/dev_ws/src/roszkowski_zajac/install/local_setup.sh'
[0.433s] INFO:colcon.colcon_core.shell:Creating prefix util module '/home/matikurcze00/dev_ws/src/roszkowski_zajac/install/_local_setup_util_sh.py'
[0.433s] INFO:colcon.colcon_core.shell:Creating prefix chain script '/home/matikurcze00/dev_ws/src/roszkowski_zajac/install/setup.sh'
[0.437s] INFO:colcon.colcon_core.shell:Creating prefix script '/home/matikurcze00/dev_ws/src/roszkowski_zajac/install/local_setup.bash'
[0.439s] INFO:colcon.colcon_core.shell:Creating prefix chain script '/home/matikurcze00/dev_ws/src/roszkowski_zajac/install/setup.bash'
[0.443s] INFO:colcon.colcon_core.shell:Creating prefix script '/home/matikurcze00/dev_ws/src/roszkowski_zajac/install/local_setup.zsh'
[0.444s] INFO:colcon.colcon_core.shell:Creating prefix chain script '/home/matikurcze00/dev_ws/src/roszkowski_zajac/install/setup.zsh'
