[0.191s] DEBUG:colcon:Command line arguments: ['/usr/bin/colcon', 'build', '--packages-select', 'changed_keys_ANROlab1']
[0.191s] DEBUG:colcon:Parsed command line arguments: Namespace(ament_cmake_args=None, base_paths=['.'], build_base='build', catkin_cmake_args=None, catkin_skip_building_tests=False, cmake_args=None, cmake_clean_cache=False, cmake_clean_first=False, cmake_force_configure=False, cmake_target=None, cmake_target_skip_unavailable=False, continue_on_error=False, event_handlers=None, executor='parallel', ignore_user_meta=False, install_base='install', log_base=None, log_level=None, main=<bound method BuildVerb.main of <colcon_core.verb.build.BuildVerb object at 0x7f25dce8a9a0>>, merge_install=False, metas=['./colcon.meta'], packages_above=None, packages_above_and_dependencies=None, packages_above_depth=None, packages_end=None, packages_ignore=None, packages_ignore_regex=None, packages_select=['changed_keys_ANROlab1'], packages_select_build_failed=False, packages_select_by_dep=None, packages_select_regex=None, packages_select_test_failures=False, packages_skip=None, packages_skip_build_finished=False, packages_skip_by_dep=None, packages_skip_regex=None, packages_skip_test_passed=False, packages_skip_up_to=None, packages_start=None, packages_up_to=None, packages_up_to_regex=None, parallel_workers=4, paths=None, symlink_install=False, test_result_base=None, verb_extension=<colcon_core.verb.build.BuildVerb object at 0x7f25dce8a9a0>, verb_name='build', verb_parser=<colcon_defaults.argument_parser.defaults.DefaultArgumentsDecorator object at 0x7f25dce8af10>)
[0.196s] Level 1:colcon.colcon_core.package_discovery:discover_packages(colcon_meta) check parameters
[0.196s] Level 1:colcon.colcon_core.package_discovery:discover_packages(recursive) check parameters
[0.196s] Level 1:colcon.colcon_core.package_discovery:discover_packages(ignore) check parameters
[0.196s] Level 1:colcon.colcon_core.package_discovery:discover_packages(path) check parameters
[0.197s] Level 1:colcon.colcon_core.package_discovery:discover_packages(colcon_meta) discover
[0.197s] Level 1:colcon.colcon_core.package_discovery:discover_packages(recursive) discover
[0.197s] INFO:colcon.colcon_core.package_discovery:Crawling recursively for packages in '/home/matikurcze00/dev_ws/src/roszkowski_zajac'
[0.197s] Level 1:colcon.colcon_core.package_identification:_identify(.) by extensions ['ignore', 'ignore_ament_install']
[0.197s] Level 1:colcon.colcon_core.package_identification:_identify(.) by extension 'ignore'
[0.197s] Level 1:colcon.colcon_core.package_identification:_identify(.) by extension 'ignore_ament_install'
[0.197s] Level 1:colcon.colcon_core.package_identification:_identify(.) by extensions ['colcon_pkg']
[0.197s] Level 1:colcon.colcon_core.package_identification:_identify(.) by extension 'colcon_pkg'
[0.197s] Level 1:colcon.colcon_core.package_identification:_identify(.) by extensions ['colcon_meta']
[0.197s] Level 1:colcon.colcon_core.package_identification:_identify(.) by extension 'colcon_meta'
[0.197s] Level 1:colcon.colcon_core.package_identification:_identify(.) by extensions ['ros']
[0.197s] Level 1:colcon.colcon_core.package_identification:_identify(.) by extension 'ros'
[0.211s] Level 1:colcon.colcon_core.package_identification:_identify(.) by extensions ['cmake', 'python']
[0.211s] Level 1:colcon.colcon_core.package_identification:_identify(.) by extension 'cmake'
[0.211s] Level 1:colcon.colcon_core.package_identification:_identify(.) by extension 'python'
[0.211s] Level 1:colcon.colcon_core.package_identification:_identify(.) by extensions ['python_setup_py']
[0.211s] Level 1:colcon.colcon_core.package_identification:_identify(.) by extension 'python_setup_py'
[0.211s] Level 1:colcon.colcon_core.package_identification:_identify(build) by extensions ['ignore', 'ignore_ament_install']
[0.211s] Level 1:colcon.colcon_core.package_identification:_identify(build) by extension 'ignore'
[0.211s] Level 1:colcon.colcon_core.package_identification:_identify(build) ignored
[0.211s] Level 1:colcon.colcon_core.package_identification:_identify(changed_keys_ANROlab1) by extensions ['ignore', 'ignore_ament_install']
[0.211s] Level 1:colcon.colcon_core.package_identification:_identify(changed_keys_ANROlab1) by extension 'ignore'
[0.211s] Level 1:colcon.colcon_core.package_identification:_identify(changed_keys_ANROlab1) by extension 'ignore_ament_install'
[0.212s] Level 1:colcon.colcon_core.package_identification:_identify(changed_keys_ANROlab1) by extensions ['colcon_pkg']
[0.212s] Level 1:colcon.colcon_core.package_identification:_identify(changed_keys_ANROlab1) by extension 'colcon_pkg'
[0.212s] Level 1:colcon.colcon_core.package_identification:_identify(changed_keys_ANROlab1) by extensions ['colcon_meta']
[0.212s] Level 1:colcon.colcon_core.package_identification:_identify(changed_keys_ANROlab1) by extension 'colcon_meta'
[0.212s] Level 1:colcon.colcon_core.package_identification:_identify(changed_keys_ANROlab1) by extensions ['ros']
[0.212s] Level 1:colcon.colcon_core.package_identification:_identify(changed_keys_ANROlab1) by extension 'ros'
[0.215s] DEBUG:colcon.colcon_core.package_identification:Package 'changed_keys_ANROlab1' with type 'ros.ament_python' and name 'changed_keys_ANROlab1'
[0.215s] Level 1:colcon.colcon_core.package_identification:_identify(install) by extensions ['ignore', 'ignore_ament_install']
[0.215s] Level 1:colcon.colcon_core.package_identification:_identify(install) by extension 'ignore'
[0.215s] Level 1:colcon.colcon_core.package_identification:_identify(install) ignored
[0.215s] Level 1:colcon.colcon_core.package_identification:_identify(log) by extensions ['ignore', 'ignore_ament_install']
[0.215s] Level 1:colcon.colcon_core.package_identification:_identify(log) by extension 'ignore'
[0.216s] Level 1:colcon.colcon_core.package_identification:_identify(log) ignored
[0.216s] Level 1:colcon.colcon_core.package_discovery:discover_packages(recursive) using defaults
[0.216s] Level 1:colcon.colcon_core.package_discovery:discover_packages(ignore) discover
[0.216s] Level 1:colcon.colcon_core.package_discovery:discover_packages(ignore) using defaults
[0.216s] Level 1:colcon.colcon_core.package_discovery:discover_packages(path) discover
[0.216s] Level 1:colcon.colcon_core.package_discovery:discover_packages(path) using defaults
[0.239s] Level 5:colcon.colcon_core.verb:set package 'changed_keys_ANROlab1' build argument 'cmake_args' from command line to 'None'
[0.239s] Level 5:colcon.colcon_core.verb:set package 'changed_keys_ANROlab1' build argument 'cmake_target' from command line to 'None'
[0.240s] Level 5:colcon.colcon_core.verb:set package 'changed_keys_ANROlab1' build argument 'cmake_target_skip_unavailable' from command line to 'False'
[0.240s] Level 5:colcon.colcon_core.verb:set package 'changed_keys_ANROlab1' build argument 'cmake_clean_cache' from command line to 'False'
[0.240s] Level 5:colcon.colcon_core.verb:set package 'changed_keys_ANROlab1' build argument 'cmake_clean_first' from command line to 'False'
[0.240s] Level 5:colcon.colcon_core.verb:set package 'changed_keys_ANROlab1' build argument 'cmake_force_configure' from command line to 'False'
[0.240s] Level 5:colcon.colcon_core.verb:set package 'changed_keys_ANROlab1' build argument 'ament_cmake_args' from command line to 'None'
[0.240s] Level 5:colcon.colcon_core.verb:set package 'changed_keys_ANROlab1' build argument 'catkin_cmake_args' from command line to 'None'
[0.240s] Level 5:colcon.colcon_core.verb:set package 'changed_keys_ANROlab1' build argument 'catkin_skip_building_tests' from command line to 'False'
[0.240s] DEBUG:colcon.colcon_core.verb:Building package 'changed_keys_ANROlab1' with the following arguments: {'ament_cmake_args': None, 'build_base': '/home/matikurcze00/dev_ws/src/roszkowski_zajac/build/changed_keys_ANROlab1', 'catkin_cmake_args': None, 'catkin_skip_building_tests': False, 'cmake_args': None, 'cmake_clean_cache': False, 'cmake_clean_first': False, 'cmake_force_configure': False, 'cmake_target': None, 'cmake_target_skip_unavailable': False, 'install_base': '/home/matikurcze00/dev_ws/src/roszkowski_zajac/install/changed_keys_ANROlab1', 'merge_install': False, 'path': '/home/matikurcze00/dev_ws/src/roszkowski_zajac/changed_keys_ANROlab1', 'symlink_install': False, 'test_result_base': None}
[0.240s] INFO:colcon.colcon_core.executor:Executing jobs using 'parallel' executor
[0.243s] DEBUG:colcon.colcon_parallel_executor.executor.parallel:run_until_complete
[0.243s] INFO:colcon.colcon_ros.task.ament_python.build:Building ROS package in '/home/matikurcze00/dev_ws/src/roszkowski_zajac/changed_keys_ANROlab1' with build type 'ament_python'
[0.243s] Level 1:colcon.colcon_core.shell:create_environment_hook('changed_keys_ANROlab1', 'ament_prefix_path')
[0.248s] INFO:colcon.colcon_core.plugin_system:Skipping extension 'colcon_core.shell.bat': Not used on non-Windows systems
[0.248s] INFO:colcon.colcon_core.shell:Creating environment hook '/home/matikurcze00/dev_ws/src/roszkowski_zajac/install/changed_keys_ANROlab1/share/changed_keys_ANROlab1/hook/ament_prefix_path.ps1'
[0.249s] INFO:colcon.colcon_core.shell:Creating environment descriptor '/home/matikurcze00/dev_ws/src/roszkowski_zajac/install/changed_keys_ANROlab1/share/changed_keys_ANROlab1/hook/ament_prefix_path.dsv'
[0.249s] INFO:colcon.colcon_core.shell:Creating environment hook '/home/matikurcze00/dev_ws/src/roszkowski_zajac/install/changed_keys_ANROlab1/share/changed_keys_ANROlab1/hook/ament_prefix_path.sh'
[0.250s] INFO:colcon.colcon_core.shell:Skip shell extension 'powershell' for command environment: Not usable outside of PowerShell
[0.251s] DEBUG:colcon.colcon_core.shell:Skip shell extension 'dsv' for command environment
[0.254s] DEBUG:colcon.colcon_core.shell:Ignoring prefix path '/opt/ros/foxy'
[0.515s] INFO:colcon.colcon_core.task.python.build:Building Python package in '/home/matikurcze00/dev_ws/src/roszkowski_zajac/changed_keys_ANROlab1'
[0.517s] INFO:colcon.colcon_core.shell:Skip shell extension 'powershell' for command environment: Not usable outside of PowerShell
[0.517s] DEBUG:colcon.colcon_core.shell:Skip shell extension 'dsv' for command environment
[0.518s] DEBUG:colcon.colcon_core.shell:Ignoring prefix path '/opt/ros/foxy'
[0.527s] DEBUG:colcon.colcon_core.event_handler.log_command:Invoking command in '/home/matikurcze00/dev_ws/src/roszkowski_zajac/changed_keys_ANROlab1': PYTHONPATH=/home/matikurcze00/dev_ws/src/roszkowski_zajac/install/changed_keys_ANROlab1/lib/python3.8/site-packages:${PYTHONPATH} /usr/bin/python3 setup.py egg_info --egg-base ../build/changed_keys_ANROlab1 build --build-base /home/matikurcze00/dev_ws/src/roszkowski_zajac/build/changed_keys_ANROlab1/build install --prefix /home/matikurcze00/dev_ws/src/roszkowski_zajac/install/changed_keys_ANROlab1 --record /home/matikurcze00/dev_ws/src/roszkowski_zajac/build/changed_keys_ANROlab1/install.log --single-version-externally-managed
[0.857s] DEBUG:colcon.colcon_core.event_handler.log_command:Invoked command in '/home/matikurcze00/dev_ws/src/roszkowski_zajac/changed_keys_ANROlab1' returned '0': PYTHONPATH=/home/matikurcze00/dev_ws/src/roszkowski_zajac/install/changed_keys_ANROlab1/lib/python3.8/site-packages:${PYTHONPATH} /usr/bin/python3 setup.py egg_info --egg-base ../build/changed_keys_ANROlab1 build --build-base /home/matikurcze00/dev_ws/src/roszkowski_zajac/build/changed_keys_ANROlab1/build install --prefix /home/matikurcze00/dev_ws/src/roszkowski_zajac/install/changed_keys_ANROlab1 --record /home/matikurcze00/dev_ws/src/roszkowski_zajac/build/changed_keys_ANROlab1/install.log --single-version-externally-managed
[0.861s] Level 1:colcon.colcon_core.environment:checking '/home/matikurcze00/dev_ws/src/roszkowski_zajac/install/changed_keys_ANROlab1' for CMake module files
[0.861s] Level 1:colcon.colcon_core.environment:checking '/home/matikurcze00/dev_ws/src/roszkowski_zajac/install/changed_keys_ANROlab1' for CMake config files
[0.862s] Level 1:colcon.colcon_core.environment:checking '/home/matikurcze00/dev_ws/src/roszkowski_zajac/install/changed_keys_ANROlab1/lib'
[0.862s] Level 1:colcon.colcon_core.environment:checking '/home/matikurcze00/dev_ws/src/roszkowski_zajac/install/changed_keys_ANROlab1/bin'
[0.862s] Level 1:colcon.colcon_core.environment:checking '/home/matikurcze00/dev_ws/src/roszkowski_zajac/install/changed_keys_ANROlab1/lib/pkgconfig/changed_keys_ANROlab1.pc'
[0.862s] Level 1:colcon.colcon_core.environment:checking '/home/matikurcze00/dev_ws/src/roszkowski_zajac/install/changed_keys_ANROlab1/lib/python3.8/site-packages'
[0.862s] Level 1:colcon.colcon_core.shell:create_environment_hook('changed_keys_ANROlab1', 'pythonpath')
[0.863s] INFO:colcon.colcon_core.shell:Creating environment hook '/home/matikurcze00/dev_ws/src/roszkowski_zajac/install/changed_keys_ANROlab1/share/changed_keys_ANROlab1/hook/pythonpath.ps1'
[0.864s] INFO:colcon.colcon_core.shell:Creating environment descriptor '/home/matikurcze00/dev_ws/src/roszkowski_zajac/install/changed_keys_ANROlab1/share/changed_keys_ANROlab1/hook/pythonpath.dsv'
[0.864s] INFO:colcon.colcon_core.shell:Creating environment hook '/home/matikurcze00/dev_ws/src/roszkowski_zajac/install/changed_keys_ANROlab1/share/changed_keys_ANROlab1/hook/pythonpath.sh'
[0.864s] Level 1:colcon.colcon_core.environment:create_environment_scripts_only(changed_keys_ANROlab1)
[0.865s] INFO:colcon.colcon_core.shell:Creating package script '/home/matikurcze00/dev_ws/src/roszkowski_zajac/install/changed_keys_ANROlab1/share/changed_keys_ANROlab1/package.ps1'
[0.866s] INFO:colcon.colcon_core.shell:Creating package descriptor '/home/matikurcze00/dev_ws/src/roszkowski_zajac/install/changed_keys_ANROlab1/share/changed_keys_ANROlab1/package.dsv'
[0.867s] INFO:colcon.colcon_core.shell:Creating package script '/home/matikurcze00/dev_ws/src/roszkowski_zajac/install/changed_keys_ANROlab1/share/changed_keys_ANROlab1/package.sh'
[0.868s] INFO:colcon.colcon_core.shell:Creating package script '/home/matikurcze00/dev_ws/src/roszkowski_zajac/install/changed_keys_ANROlab1/share/changed_keys_ANROlab1/package.bash'
[0.869s] INFO:colcon.colcon_core.shell:Creating package script '/home/matikurcze00/dev_ws/src/roszkowski_zajac/install/changed_keys_ANROlab1/share/changed_keys_ANROlab1/package.zsh'
[0.869s] Level 1:colcon.colcon_core.environment:create_file_with_runtime_dependencies(/home/matikurcze00/dev_ws/src/roszkowski_zajac/install/changed_keys_ANROlab1/share/colcon-core/packages/changed_keys_ANROlab1)
[0.870s] DEBUG:colcon.colcon_parallel_executor.executor.parallel:closing loop
[0.871s] DEBUG:colcon.colcon_parallel_executor.executor.parallel:loop closed
[0.871s] DEBUG:colcon.colcon_parallel_executor.executor.parallel:run_until_complete finished with '0'
[0.871s] DEBUG:colcon.colcon_core.event_reactor:joining thread
[0.878s] INFO:colcon.colcon_core.plugin_system:Skipping extension 'colcon_notification.desktop_notification.terminal_notifier': Not used on non-Darwin systems
[0.878s] INFO:colcon.colcon_core.plugin_system:Skipping extension 'colcon_notification.desktop_notification.win32': Not used on non-Windows systems
[0.878s] INFO:colcon.colcon_notification.desktop_notification:Sending desktop notification using 'notify2'
[0.896s] DEBUG:colcon.colcon_core.event_reactor:joined thread
[0.897s] INFO:colcon.colcon_core.shell:Creating prefix script '/home/matikurcze00/dev_ws/src/roszkowski_zajac/install/local_setup.ps1'
[0.898s] INFO:colcon.colcon_core.shell:Creating prefix util module '/home/matikurcze00/dev_ws/src/roszkowski_zajac/install/_local_setup_util_ps1.py'
[0.901s] INFO:colcon.colcon_core.shell:Creating prefix chain script '/home/matikurcze00/dev_ws/src/roszkowski_zajac/install/setup.ps1'
[0.905s] INFO:colcon.colcon_core.shell:Creating prefix script '/home/matikurcze00/dev_ws/src/roszkowski_zajac/install/local_setup.sh'
[0.906s] INFO:colcon.colcon_core.shell:Creating prefix util module '/home/matikurcze00/dev_ws/src/roszkowski_zajac/install/_local_setup_util_sh.py'
[0.906s] INFO:colcon.colcon_core.shell:Creating prefix chain script '/home/matikurcze00/dev_ws/src/roszkowski_zajac/install/setup.sh'
[0.909s] INFO:colcon.colcon_core.shell:Creating prefix script '/home/matikurcze00/dev_ws/src/roszkowski_zajac/install/local_setup.bash'
[0.910s] INFO:colcon.colcon_core.shell:Creating prefix chain script '/home/matikurcze00/dev_ws/src/roszkowski_zajac/install/setup.bash'
[0.912s] INFO:colcon.colcon_core.shell:Creating prefix script '/home/matikurcze00/dev_ws/src/roszkowski_zajac/install/local_setup.zsh'
[0.912s] INFO:colcon.colcon_core.shell:Creating prefix chain script '/home/matikurcze00/dev_ws/src/roszkowski_zajac/install/setup.zsh'
