running develop
running egg_info
writing anro2.egg-info/PKG-INFO
writing dependency_links to anro2.egg-info/dependency_links.txt
writing entry points to anro2.egg-info/entry_points.txt
writing requirements to anro2.egg-info/requires.txt
writing top-level names to anro2.egg-info/top_level.txt
reading manifest file 'anro2.egg-info/SOURCES.txt'
writing manifest file 'anro2.egg-info/SOURCES.txt'
running build_ext
Creating /home/dominika/dev_ws/src/anro2_roszkowski_zajac/roszkowski_zajac/anro2/install/anro2/lib/python3.8/site-packages/anro2.egg-link (link to .)
Installing state_publisher script to /home/dominika/dev_ws/src/anro2_roszkowski_zajac/roszkowski_zajac/anro2/install/anro2/lib/anro2

Installed /home/dominika/dev_ws/src/anro2_roszkowski_zajac/roszkowski_zajac/anro2/build/anro2
running install_data
copying resource/anro2 -> /home/dominika/dev_ws/src/anro2_roszkowski_zajac/roszkowski_zajac/anro2/install/anro2/share/ament_index/resource_index/packages
copying package.xml -> /home/dominika/dev_ws/src/anro2_roszkowski_zajac/roszkowski_zajac/anro2/install/anro2/share/anro2
copying urdf/robot_arm.urdf.xacro.xml -> /home/dominika/dev_ws/src/anro2_roszkowski_zajac/roszkowski_zajac/anro2/install/anro2/share/anro2
copying urdf/robot_arm_move.urdf.xacro.xml -> /home/dominika/dev_ws/src/anro2_roszkowski_zajac/roszkowski_zajac/anro2/install/anro2/share/anro2
copying urdf/urdf_wyniki.yaml -> /home/dominika/dev_ws/src/anro2_roszkowski_zajac/roszkowski_zajac/anro2/install/anro2/share/anro2
copying urdf/dh_to_rpy.py -> /home/dominika/dev_ws/src/anro2_roszkowski_zajac/roszkowski_zajac/anro2/install/anro2/share/anro2
