[0.843s] Invoking command in '/home/dominika/dev_ws/src/anro2_roszkowski_zajac/roszkowski_zajac/anro2/build/anro2': PYTHONPATH=/home/dominika/dev_ws/src/anro2_roszkowski_zajac/roszkowski_zajac/anro2/install/anro2/lib/python3.8/site-packages:${PYTHONPATH} /usr/bin/python3 setup.py develop --prefix /home/dominika/dev_ws/src/anro2_roszkowski_zajac/roszkowski_zajac/anro2/install/anro2 --editable --build-directory /home/dominika/dev_ws/src/anro2_roszkowski_zajac/roszkowski_zajac/anro2/build/anro2/build --no-deps install_data --install-dir /home/dominika/dev_ws/src/anro2_roszkowski_zajac/roszkowski_zajac/anro2/install/anro2
[1.591s] running develop
[1.978s] running egg_info
[1.978s] writing anro2.egg-info/PKG-INFO
[1.982s] writing dependency_links to anro2.egg-info/dependency_links.txt
[1.982s] writing entry points to anro2.egg-info/entry_points.txt
[1.983s] writing requirements to anro2.egg-info/requires.txt
[1.983s] writing top-level names to anro2.egg-info/top_level.txt
[2.088s] reading manifest file 'anro2.egg-info/SOURCES.txt'
[2.089s] writing manifest file 'anro2.egg-info/SOURCES.txt'
[2.210s] running build_ext
[2.215s] Creating /home/dominika/dev_ws/src/anro2_roszkowski_zajac/roszkowski_zajac/anro2/install/anro2/lib/python3.8/site-packages/anro2.egg-link (link to .)
[2.217s] Installing state_publisher script to /home/dominika/dev_ws/src/anro2_roszkowski_zajac/roszkowski_zajac/anro2/install/anro2/lib/anro2
[2.218s] 
[2.218s] Installed /home/dominika/dev_ws/src/anro2_roszkowski_zajac/roszkowski_zajac/anro2/build/anro2
[2.218s] running install_data
[2.219s] copying resource/anro2 -> /home/dominika/dev_ws/src/anro2_roszkowski_zajac/roszkowski_zajac/anro2/install/anro2/share/ament_index/resource_index/packages
[2.220s] copying package.xml -> /home/dominika/dev_ws/src/anro2_roszkowski_zajac/roszkowski_zajac/anro2/install/anro2/share/anro2
[2.223s] copying urdf/robot_arm.urdf.xacro.xml -> /home/dominika/dev_ws/src/anro2_roszkowski_zajac/roszkowski_zajac/anro2/install/anro2/share/anro2
[2.224s] copying urdf/robot_arm_move.urdf.xacro.xml -> /home/dominika/dev_ws/src/anro2_roszkowski_zajac/roszkowski_zajac/anro2/install/anro2/share/anro2
[2.224s] copying urdf/urdf_wyniki.yaml -> /home/dominika/dev_ws/src/anro2_roszkowski_zajac/roszkowski_zajac/anro2/install/anro2/share/anro2
[2.224s] copying urdf/dh_to_rpy.py -> /home/dominika/dev_ws/src/anro2_roszkowski_zajac/roszkowski_zajac/anro2/install/anro2/share/anro2
[2.340s] Invoked command in '/home/dominika/dev_ws/src/anro2_roszkowski_zajac/roszkowski_zajac/anro2/build/anro2' returned '0': PYTHONPATH=/home/dominika/dev_ws/src/anro2_roszkowski_zajac/roszkowski_zajac/anro2/install/anro2/lib/python3.8/site-packages:${PYTHONPATH} /usr/bin/python3 setup.py develop --prefix /home/dominika/dev_ws/src/anro2_roszkowski_zajac/roszkowski_zajac/anro2/install/anro2 --editable --build-directory /home/dominika/dev_ws/src/anro2_roszkowski_zajac/roszkowski_zajac/anro2/build/anro2/build --no-deps install_data --install-dir /home/dominika/dev_ws/src/anro2_roszkowski_zajac/roszkowski_zajac/anro2/install/anro2
